{"meta": {"format": 3, "version": "7.11.0", "timestamp": "2025-11-12T21:55:01.930453", "branch_coverage": true, "show_contexts": false}, "files": {"src/cve_report_aggregator/__main__.py": {"executed_lines": [1, 3, 5, 8, 11, 12, 13, 16], "summary": {"covered_lines": 6, "num_statements": 6, "percent_covered": 100.0, "percent_covered_display": "100", "missing_lines": 0, "excluded_lines": 2, "num_branches": 2, "num_partial_branches": 0, "covered_branches": 2, "missing_branches": 0}, "missing_lines": [], "excluded_lines": [16, 17], "executed_branches": [[11, 12], [11, 13]], "missing_branches": [], "functions": {"run": {"executed_lines": [11, 12, 13], "summary": {"covered_lines": 3, "num_statements": 3, "percent_covered": 100.0, "percent_covered_display": "100", "missing_lines": 0, "excluded_lines": 0, "num_branches": 2, "num_partial_branches": 0, "covered_branches": 2, "missing_branches": 0}, "missing_lines": [], "excluded_lines": [], "executed_branches": [[11, 12], [11, 13]], "missing_branches": []}, "": {"executed_lines": [1, 3, 5, 8, 16], "summary": {"covered_lines": 3, "num_statements": 3, "percent_covered": 100.0, "percent_covered_display": "100", "missing_lines": 0, "excluded_lines": 2, "num_branches": 0, "num_partial_branches": 0, "covered_branches": 0, "missing_branches": 0}, "missing_lines": [], "excluded_lines": [16, 17], "executed_branches": [], "missing_branches": []}}, "classes": {"": {"executed_lines": [1, 3, 5, 8, 11, 12, 13, 16], "summary": {"covered_lines": 6, "num_statements": 6, "percent_covered": 100.0, "percent_covered_display": "100", "missing_lines": 0, "excluded_lines": 2, "num_branches": 2, "num_partial_branches": 0, "covered_branches": 2, "missing_branches": 0}, "missing_lines": [], "excluded_lines": [16, 17], "executed_branches": [[11, 12], [11, 13]], "missing_branches": []}}}, "src/cve_report_aggregator/cli.py": {"executed_lines": [1, 3, 4, 5, 7, 8, 9, 10, 11, 12, 13, 14, 16, 17, 18, 19, 20, 21, 22, 25, 26, 27, 28, 29, 30, 31, 32, 33, 66, 69, 71, 72, 73, 75, 78, 86, 92, 93, 101, 104, 110, 111, 119, 122, 128, 129, 137, 140, 146, 152, 164, 166, 168, 169, 170, 171, 172, 174, 184, 185, 187, 188, 190, 191, 193, 194, 196, 204, 207, 230, 239, 240, 242, 243, 244, 245, 246, 247, 250, 251, 252, 253, 254, 258, 260, 261, 264, 273, 274, 275, 278, 288, 290, 291, 292, 293, 294, 295, 298, 299, 301, 307, 308, 311, 315, 323, 331, 339, 345, 353, 361, 377, 384, 390, 397, 404, 411, 418, 429, 434, 493, 494, 495, 496, 497, 498, 500, 501, 502, 503, 504, 505, 506, 510, 511, 513, 515, 517, 521, 525, 526, 527, 528, 529, 530, 531, 532, 533, 539, 542, 545, 546, 547, 548, 551, 552, 559, 560, 561, 562, 564, 567, 568, 569, 570, 571, 572, 578, 586, 589, 592, 593, 594, 595, 598, 600, 605, 611, 613, 615, 616, 618, 619, 623, 642, 645, 646, 649, 652, 664], "summary": {"covered_lines": 188, "num_statements": 211, "percent_covered": 86.0377358490566, "percent_covered_display": "86", "missing_lines": 23, "excluded_lines": 2, "num_branches": 54, "num_partial_branches": 12, "covered_branches": 40, "missing_branches": 14}, "missing_lines": [499, 507, 512, 514, 516, 518, 522, 534, 535, 536, 573, 574, 575, 579, 624, 625, 629, 630, 631, 635, 636, 638, 639], "excluded_lines": [664, 665], "executed_branches": [[166, 168], [166, 184], [170, 171], [190, 191], [193, 194], [250, 251], [250, 260], [291, 292], [291, 307], [494, 495], [496, 497], [496, 498], [498, 500], [500, 501], [500, 502], [502, 503], [502, 504], [504, 505], [504, 506], [506, 510], [511, 513], [513, 515], [515, 517], [517, 521], [521, 525], [529, 530], [529, 533], [551, 552], [551, 559], [559, 560], [559, 561], [561, 562], [561, 564], [578, 586], [592, 593], [592, 594], [594, 595], [594, 598], [615, 616], [615, 642]], "missing_branches": [[170, 172], [190, 193], [193, 196], [494, 496], [498, 499], [506, 507], [511, 512], [513, 514], [515, 516], [517, 518], [521, 522], [578, 579], [635, 636], [635, 639]], "functions": {"display_logo": {"executed_lines": [71, 72, 73, 75], "summary": {"covered_lines": 4, "num_statements": 4, "percent_covered": 100.0, "percent_covered_display": "100", "missing_lines": 0, "excluded_lines": 0, "num_branches": 0, "num_partial_branches": 0, "covered_branches": 0, "missing_branches": 0}, "missing_lines": [], "excluded_lines": [], "executed_branches": [], "missing_branches": []}, "display_header": {"executed_lines": [86, 92, 93, 101], "summary": {"covered_lines": 4, "num_statements": 4, "percent_covered": 100.0, "percent_covered_display": "100", "missing_lines": 0, "excluded_lines": 0, "num_branches": 0, "num_partial_branches": 0, "covered_branches": 0, "missing_branches": 0}, "missing_lines": [], "excluded_lines": [], "executed_branches": [], "missing_branches": []}, "display_debug_config": {"executed_lines": [110, 111, 119], "summary": {"covered_lines": 3, "num_statements": 3, "percent_covered": 100.0, "percent_covered_display": "100", "missing_lines": 0, "excluded_lines": 0, "num_branches": 0, "num_partial_branches": 0, "covered_branches": 0, "missing_branches": 0}, "missing_lines": [], "excluded_lines": [], "executed_branches": [], "missing_branches": []}, "display_critical_locals": {"executed_lines": [128, 129, 137], "summary": {"covered_lines": 3, "num_statements": 3, "percent_covered": 100.0, "percent_covered_display": "100", "missing_lines": 0, "excluded_lines": 0, "num_branches": 0, "num_partial_branches": 0, "covered_branches": 0, "missing_branches": 0}, "missing_lines": [], "excluded_lines": [], "executed_branches": [], "missing_branches": []}, "display_validation_error": {"executed_lines": [146], "summary": {"covered_lines": 1, "num_statements": 1, "percent_covered": 100.0, "percent_covered_display": "100", "missing_lines": 0, "excluded_lines": 0, "num_branches": 0, "num_partial_branches": 0, "covered_branches": 0, "missing_branches": 0}, "missing_lines": [], "excluded_lines": [], "executed_branches": [], "missing_branches": []}, "display_success_summary": {"executed_lines": [164, 166, 168, 169, 170, 171, 172, 174, 184, 185, 187, 188, 190, 191, 193, 194, 196, 204], "summary": {"covered_lines": 18, "num_statements": 18, "percent_covered": 88.46153846153847, "percent_covered_display": "88", "missing_lines": 0, "excluded_lines": 0, "num_branches": 8, "num_partial_branches": 3, "covered_branches": 5, "missing_branches": 3}, "missing_lines": [], "excluded_lines": [], "executed_branches": [[166, 168], [166, 184], [170, 171], [190, 191], [193, 194]], "missing_branches": [[170, 172], [190, 193], [193, 196]]}, "display_statistics": {"executed_lines": [230, 239, 240, 242, 243, 244, 245, 246, 247, 250, 251, 252, 253, 254, 258, 260, 261, 264, 273, 274, 275, 278, 288, 290, 291, 292, 293, 294, 295, 298, 299, 301, 307, 308], "summary": {"covered_lines": 34, "num_statements": 34, "percent_covered": 100.0, "percent_covered_display": "100", "missing_lines": 0, "excluded_lines": 0, "num_branches": 4, "num_partial_branches": 0, "covered_branches": 4, "missing_branches": 0}, "missing_lines": [], "excluded_lines": [], "executed_branches": [[250, 251], [250, 260], [291, 292], [291, 307]], "missing_branches": []}, "main": {"executed_lines": [493, 494, 495, 496, 497, 498, 500, 501, 502, 503, 504, 505, 506, 510, 511, 513, 515, 517, 521, 525, 526, 527, 528, 529, 530, 531, 532, 533, 539, 542, 545, 546, 547, 548, 551, 552, 559, 560, 561, 562, 564, 567, 568, 569, 570, 571, 572, 578, 586, 589, 592, 593, 594, 595, 598, 600, 605, 611, 613, 615, 616, 618, 619, 623, 642, 645, 646, 649, 652], "summary": {"covered_lines": 69, "num_statements": 92, "percent_covered": 74.6268656716418, "percent_covered_display": "75", "missing_lines": 23, "excluded_lines": 0, "num_branches": 42, "num_partial_branches": 9, "covered_branches": 31, "missing_branches": 11}, "missing_lines": [499, 507, 512, 514, 516, 518, 522, 534, 535, 536, 573, 574, 575, 579, 624, 625, 629, 630, 631, 635, 636, 638, 639], "excluded_lines": [], "executed_branches": [[494, 495], [496, 497], [496, 498], [498, 500], [500, 501], [500, 502], [502, 503], [502, 504], [504, 505], [504, 506], [506, 510], [511, 513], [513, 515], [515, 517], [517, 521], [521, 525], [529, 530], [529, 533], [551, 552], [551, 559], [559, 560], [559, 561], [561, 562], [561, 564], [578, 586], [592, 593], [592, 594], [594, 595], [594, 598], [615, 616], [615, 642]], "missing_branches": [[494, 496], [498, 499], [506, 507], [511, 512], [513, 514], [515, 516], [517, 518], [521, 522], [578, 579], [635, 636], [635, 639]]}, "": {"executed_lines": [1, 3, 4, 5, 7, 8, 9, 10, 11, 12, 13, 14, 16, 17, 18, 19, 20, 21, 22, 25, 26, 27, 28, 29, 30, 31, 32, 33, 66, 69, 78, 104, 122, 140, 152, 207, 311, 315, 323, 331, 339, 345, 353, 361, 377, 384, 390, 397, 404, 411, 418, 429, 434, 664], "summary": {"covered_lines": 52, "num_statements": 52, "percent_covered": 100.0, "percent_covered_display": "100", "missing_lines": 0, "excluded_lines": 2, "num_branches": 0, "num_partial_branches": 0, "covered_branches": 0, "missing_branches": 0}, "missing_lines": [], "excluded_lines": [664, 665], "executed_branches": [], "missing_branches": []}}, "classes": {"": {"executed_lines": [1, 3, 4, 5, 7, 8, 9, 10, 11, 12, 13, 14, 16, 17, 18, 19, 20, 21, 22, 25, 26, 27, 28, 29, 30, 31, 32, 33, 66, 69, 71, 72, 73, 75, 78, 86, 92, 93, 101, 104, 110, 111, 119, 122, 128, 129, 137, 140, 146, 152, 164, 166, 168, 169, 170, 171, 172, 174, 184, 185, 187, 188, 190, 191, 193, 194, 196, 204, 207, 230, 239, 240, 242, 243, 244, 245, 246, 247, 250, 251, 252, 253, 254, 258, 260, 261, 264, 273, 274, 275, 278, 288, 290, 291, 292, 293, 294, 295, 298, 299, 301, 307, 308, 311, 315, 323, 331, 339, 345, 353, 361, 377, 384, 390, 397, 404, 411, 418, 429, 434, 493, 494, 495, 496, 497, 498, 500, 501, 502, 503, 504, 505, 506, 510, 511, 513, 515, 517, 521, 525, 526, 527, 528, 529, 530, 531, 532, 533, 539, 542, 545, 546, 547, 548, 551, 552, 559, 560, 561, 562, 564, 567, 568, 569, 570, 571, 572, 578, 586, 589, 592, 593, 594, 595, 598, 600, 605, 611, 613, 615, 616, 618, 619, 623, 642, 645, 646, 649, 652, 664], "summary": {"covered_lines": 188, "num_statements": 211, "percent_covered": 86.0377358490566, "percent_covered_display": "86", "missing_lines": 23, "excluded_lines": 2, "num_branches": 54, "num_partial_branches": 12, "covered_branches": 40, "missing_branches": 14}, "missing_lines": [499, 507, 512, 514, 516, 518, 522, 534, 535, 536, 573, 574, 575, 579, 624, 625, 629, 630, 631, 635, 636, 638, 639], "excluded_lines": [664, 665], "executed_branches": [[166, 168], [166, 184], [170, 171], [190, 191], [193, 194], [250, 251], [250, 260], [291, 292], [291, 307], [494, 495], [496, 497], [496, 498], [498, 500], [500, 501], [500, 502], [502, 503], [502, 504], [504, 505], [504, 506], [506, 510], [511, 513], [513, 515], [515, 517], [517, 521], [521, 525], [529, 530], [529, 533], [551, 552], [551, 559], [559, 560], [559, 561], [561, 562], [561, 564], [578, 586], [592, 593], [592, 594], [594, 595], [594, 598], [615, 616], [615, 642]], "missing_branches": [[170, 172], [190, 193], [193, 196], [494, 496], [498, 499], [506, 507], [511, 512], [513, 514], [515, 516], [517, 518], [521, 522], [578, 579], [635, 636], [635, 639]]}}}, "src/cve_report_aggregator/context.py": {"executed_lines": [1, 19, 21, 23, 24, 26, 32, 33, 56, 68, 71, 78, 80, 99, 101, 118, 120, 121, 122, 123, 124, 128], "summary": {"covered_lines": 19, "num_statements": 19, "percent_covered": 100.0, "percent_covered_display": "100", "missing_lines": 0, "excluded_lines": 3, "num_branches": 4, "num_partial_branches": 0, "covered_branches": 4, "missing_branches": 0}, "missing_lines": [], "excluded_lines": [26, 27, 29], "executed_branches": [[121, 122], [121, 124], [122, 121], [122, 123]], "missing_branches": [], "functions": {"AppContext.__init__": {"executed_lines": [68, 71, 78], "summary": {"covered_lines": 3, "num_statements": 3, "percent_covered": 100.0, "percent_covered_display": "100", "missing_lines": 0, "excluded_lines": 0, "num_branches": 0, "num_partial_branches": 0, "covered_branches": 0, "missing_branches": 0}, "missing_lines": [], "excluded_lines": [], "executed_branches": [], "missing_branches": []}, "AppContext.get_logger": {"executed_lines": [99], "summary": {"covered_lines": 1, "num_statements": 1, "percent_covered": 100.0, "percent_covered_display": "100", "missing_lines": 0, "excluded_lines": 0, "num_branches": 0, "num_partial_branches": 0, "covered_branches": 0, "missing_branches": 0}, "missing_lines": [], "excluded_lines": [], "executed_branches": [], "missing_branches": []}, "AppContext.with_config": {"executed_lines": [118, 120, 121, 122, 123, 124], "summary": {"covered_lines": 6, "num_statements": 6, "percent_covered": 100.0, "percent_covered_display": "100", "missing_lines": 0, "excluded_lines": 0, "num_branches": 4, "num_partial_branches": 0, "covered_branches": 4, "missing_branches": 0}, "missing_lines": [], "excluded_lines": [], "executed_branches": [[121, 122], [121, 124], [122, 121], [122, 123]], "missing_branches": []}, "": {"executed_lines": [1, 19, 21, 23, 24, 26, 32, 33, 56, 80, 101, 128], "summary": {"covered_lines": 9, "num_statements": 9, "percent_covered": 100.0, "percent_covered_display": "100", "missing_lines": 0, "excluded_lines": 3, "num_branches": 0, "num_partial_branches": 0, "covered_branches": 0, "missing_branches": 0}, "missing_lines": [], "excluded_lines": [26, 27, 29], "executed_branches": [], "missing_branches": []}}, "classes": {"AppContext": {"executed_lines": [68, 71, 78, 99, 118, 120, 121, 122, 123, 124], "summary": {"covered_lines": 10, "num_statements": 10, "percent_covered": 100.0, "percent_covered_display": "100", "missing_lines": 0, "excluded_lines": 0, "num_branches": 4, "num_partial_branches": 0, "covered_branches": 4, "missing_branches": 0}, "missing_lines": [], "excluded_lines": [], "executed_branches": [[121, 122], [121, 124], [122, 121], [122, 123]], "missing_branches": []}, "": {"executed_lines": [1, 19, 21, 23, 24, 26, 32, 33, 56, 80, 101, 128], "summary": {"covered_lines": 9, "num_statements": 9, "percent_covered": 100.0, "percent_covered_display": "100", "missing_lines": 0, "excluded_lines": 3, "num_branches": 0, "num_partial_branches": 0, "covered_branches": 0, "missing_branches": 0}, "missing_lines": [], "excluded_lines": [26, 27, 29], "executed_branches": [], "missing_branches": []}}}, "src/cve_report_aggregator/core/config.py": {"executed_lines": [1, 19, 21, 22, 23, 24, 25, 26, 28, 29, 31, 32, 35, 36, 59, 60, 61, 62, 63, 64, 65, 66, 67, 68, 69, 70, 71, 74, 79, 90, 91, 111, 119, 120, 131, 132, 135, 136, 139, 140, 144, 149, 150, 154, 155, 156, 159, 161, 162, 163, 177, 178, 182, 183, 184, 194, 195, 196, 197, 198, 199, 203, 212, 229, 265, 268, 270, 271, 281, 283, 286, 288, 291, 329, 330, 343, 344, 347, 364, 365, 368, 387, 388, 392, 395, 406, 409, 425, 426, 429, 430, 456, 457, 458, 459, 460, 462, 463, 470], "summary": {"covered_lines": 97, "num_statements": 101, "percent_covered": 92.91338582677166, "percent_covered_display": "93", "missing_lines": 4, "excluded_lines": 0, "num_branches": 26, "num_partial_branches": 5, "covered_branches": 21, "missing_branches": 5}, "missing_lines": [145, 157, 180, 201], "excluded_lines": [], "executed_branches": [[131, 132], [131, 135], [135, 136], [135, 139], [139, 140], [139, 144], [144, 149], [149, 150], [149, 154], [154, 155], [156, 159], [177, 178], [194, 195], [194, 196], [196, 197], [196, 198], [198, 199], [268, 270], [268, 286], [387, 388], [387, 392]], "missing_branches": [[144, 145], [154, 159], [156, 157], [177, 180], [198, 201]], "functions": {"AggregatorSettings.settings_customise_sources": {"executed_lines": [111], "summary": {"covered_lines": 1, "num_statements": 1, "percent_covered": 100.0, "percent_covered_display": "100", "missing_lines": 0, "excluded_lines": 0, "num_branches": 0, "num_partial_branches": 0, "covered_branches": 0, "missing_branches": 0}, "missing_lines": [], "excluded_lines": [], "executed_branches": [], "missing_branches": []}, "AggregatorSettings.set_dynamic_defaults": {"executed_lines": [131, 132, 135, 136, 139, 140, 144, 149, 150, 154, 155, 156, 159], "summary": {"covered_lines": 13, "num_statements": 15, "percent_covered": 82.75862068965517, "percent_covered_display": "83", "missing_lines": 2, "excluded_lines": 0, "num_branches": 14, "num_partial_branches": 3, "covered_branches": 11, "missing_branches": 3}, "missing_lines": [145, 157], "excluded_lines": [], "executed_branches": [[131, 132], [131, 135], [135, 136], [135, 139], [139, 140], [139, 144], [144, 149], [149, 150], [149, 154], [154, 155], [156, 159]], "missing_branches": [[144, 145], [154, 159], [156, 157]]}, "AggregatorSettings.normalize_log_level": {"executed_lines": [177, 178], "summary": {"covered_lines": 2, "num_statements": 3, "percent_covered": 60.0, "percent_covered_display": "60", "missing_lines": 1, "excluded_lines": 0, "num_branches": 2, "num_partial_branches": 1, "covered_branches": 1, "missing_branches": 1}, "missing_lines": [180], "excluded_lines": [], "executed_branches": [[177, 178]], "missing_branches": [[177, 180]]}, "AggregatorSettings.convert_str_to_path": {"executed_lines": [194, 195, 196, 197, 198, 199], "summary": {"covered_lines": 6, "num_statements": 7, "percent_covered": 84.61538461538461, "percent_covered_display": "85", "missing_lines": 1, "excluded_lines": 0, "num_branches": 6, "num_partial_branches": 1, "covered_branches": 5, "missing_branches": 1}, "missing_lines": [201], "excluded_lines": [], "executed_branches": [[194, 195], [194, 196], [196, 197], [196, 198], [198, 199]], "missing_branches": [[198, 201]]}, "AggregatorSettings.to_aggregator_config": {"executed_lines": [212], "summary": {"covered_lines": 1, "num_statements": 1, "percent_covered": 100.0, "percent_covered_display": "100", "missing_lines": 0, "excluded_lines": 0, "num_branches": 0, "num_partial_branches": 0, "covered_branches": 0, "missing_branches": 0}, "missing_lines": [], "excluded_lines": [], "executed_branches": [], "missing_branches": []}, "load_settings": {"executed_lines": [265, 268, 270, 271, 281, 283, 286, 288], "summary": {"covered_lines": 8, "num_statements": 8, "percent_covered": 100.0, "percent_covered_display": "100", "missing_lines": 0, "excluded_lines": 0, "num_branches": 2, "num_partial_branches": 0, "covered_branches": 2, "missing_branches": 0}, "missing_lines": [], "excluded_lines": [], "executed_branches": [[268, 270], [268, 286]], "missing_branches": []}, "get_config": {"executed_lines": [329, 330], "summary": {"covered_lines": 2, "num_statements": 2, "percent_covered": 100.0, "percent_covered_display": "100", "missing_lines": 0, "excluded_lines": 0, "num_branches": 0, "num_partial_branches": 0, "covered_branches": 0, "missing_branches": 0}, "missing_lines": [], "excluded_lines": [], "executed_branches": [], "missing_branches": []}, "set_config": {"executed_lines": [364, 365], "summary": {"covered_lines": 2, "num_statements": 2, "percent_covered": 100.0, "percent_covered_display": "100", "missing_lines": 0, "excluded_lines": 0, "num_branches": 0, "num_partial_branches": 0, "covered_branches": 0, "missing_branches": 0}, "missing_lines": [], "excluded_lines": [], "executed_branches": [], "missing_branches": []}, "get_current_config": {"executed_lines": [387, 388, 392], "summary": {"covered_lines": 3, "num_statements": 3, "percent_covered": 100.0, "percent_covered_display": "100", "missing_lines": 0, "excluded_lines": 0, "num_branches": 2, "num_partial_branches": 0, "covered_branches": 2, "missing_branches": 0}, "missing_lines": [], "excluded_lines": [], "executed_branches": [[387, 388], [387, 392]], "missing_branches": []}, "is_config_initialized": {"executed_lines": [406], "summary": {"covered_lines": 1, "num_statements": 1, "percent_covered": 100.0, "percent_covered_display": "100", "missing_lines": 0, "excluded_lines": 0, "num_branches": 0, "num_partial_branches": 0, "covered_branches": 0, "missing_branches": 0}, "missing_lines": [], "excluded_lines": [], "executed_branches": [], "missing_branches": []}, "reset_config": {"executed_lines": [425, 426], "summary": {"covered_lines": 2, "num_statements": 2, "percent_covered": 100.0, "percent_covered_display": "100", "missing_lines": 0, "excluded_lines": 0, "num_branches": 0, "num_partial_branches": 0, "covered_branches": 0, "missing_branches": 0}, "missing_lines": [], "excluded_lines": [], "executed_branches": [], "missing_branches": []}, "config_context": {"executed_lines": [456, 457, 458, 459, 460, 462, 463], "summary": {"covered_lines": 7, "num_statements": 7, "percent_covered": 100.0, "percent_covered_display": "100", "missing_lines": 0, "excluded_lines": 0, "num_branches": 0, "num_partial_branches": 0, "covered_branches": 0, "missing_branches": 0}, "missing_lines": [], "excluded_lines": [], "executed_branches": [], "missing_branches": []}, "": {"executed_lines": [1, 19, 21, 22, 23, 24, 25, 26, 28, 29, 31, 32, 35, 36, 59, 60, 61, 62, 63, 64, 65, 66, 67, 68, 69, 70, 71, 74, 79, 90, 91, 119, 120, 161, 162, 163, 182, 183, 184, 203, 229, 291, 343, 344, 347, 368, 395, 409, 429, 430, 470], "summary": {"covered_lines": 49, "num_statements": 49, "percent_covered": 100.0, "percent_covered_display": "100", "missing_lines": 0, "excluded_lines": 0, "num_branches": 0, "num_partial_branches": 0, "covered_branches": 0, "missing_branches": 0}, "missing_lines": [], "excluded_lines": [], "executed_branches": [], "missing_branches": []}}, "classes": {"AggregatorSettings": {"executed_lines": [111, 131, 132, 135, 136, 139, 140, 144, 149, 150, 154, 155, 156, 159, 177, 178, 194, 195, 196, 197, 198, 199, 212], "summary": {"covered_lines": 23, "num_statements": 27, "percent_covered": 81.63265306122449, "percent_covered_display": "82", "missing_lines": 4, "excluded_lines": 0, "num_branches": 22, "num_partial_branches": 5, "covered_branches": 17, "missing_branches": 5}, "missing_lines": [145, 157, 180, 201], "excluded_lines": [], "executed_branches": [[131, 132], [131, 135], [135, 136], [135, 139], [139, 140], [139, 144], [144, 149], [149, 150], [149, 154], [154, 155], [156, 159], [177, 178], [194, 195], [194, 196], [196, 197], [196, 198], [198, 199]], "missing_branches": [[144, 145], [154, 159], [156, 157], [177, 180], [198, 201]]}, "load_settings.CustomSettings": {"executed_lines": [], "summary": {"covered_lines": 0, "num_statements": 0, "percent_covered": 100.0, "percent_covered_display": "100", "missing_lines": 0, "excluded_lines": 0, "num_branches": 0, "num_partial_branches": 0, "covered_branches": 0, "missing_branches": 0}, "missing_lines": [], "excluded_lines": [], "executed_branches": [], "missing_branches": []}, "": {"executed_lines": [1, 19, 21, 22, 23, 24, 25, 26, 28, 29, 31, 32, 35, 36, 59, 60, 61, 62, 63, 64, 65, 66, 67, 68, 69, 70, 71, 74, 79, 90, 91, 119, 120, 161, 162, 163, 182, 183, 184, 203, 229, 265, 268, 270, 271, 281, 283, 286, 288, 291, 329, 330, 343, 344, 347, 364, 365, 368, 387, 388, 392, 395, 406, 409, 425, 426, 429, 430, 456, 457, 458, 459, 460, 462, 463, 470], "summary": {"covered_lines": 74, "num_statements": 74, "percent_covered": 100.0, "percent_covered_display": "100", "missing_lines": 0, "excluded_lines": 0, "num_branches": 4, "num_partial_branches": 0, "covered_branches": 4, "missing_branches": 0}, "missing_lines": [], "excluded_lines": [], "executed_branches": [[268, 270], [268, 286], [387, 388], [387, 392]], "missing_branches": []}}}, "src/cve_report_aggregator/core/constants.py": {"executed_lines": [1, 8, 9, 12, 13, 16, 17, 18, 19, 23, 24, 25, 26, 27, 28, 31, 41, 42, 43, 44, 45, 46, 49, 52, 53, 56, 57, 58, 59, 60, 61, 62, 63, 64, 65, 66, 67, 70, 71, 72, 73, 74, 75, 76, 77, 80, 81, 82, 83, 84, 85, 86, 89, 98, 99, 105, 106, 107, 108, 109, 110, 112, 119, 120, 122, 123, 138, 139, 140, 141, 144, 145, 160, 163, 164, 169, 170, 171, 172, 173, 174, 176, 177, 192, 193, 201, 204, 205, 208, 209, 212, 215], "summary": {"covered_lines": 89, "num_statements": 90, "percent_covered": 97.87234042553192, "percent_covered_display": "98", "missing_lines": 1, "excluded_lines": 0, "num_branches": 4, "num_partial_branches": 1, "covered_branches": 3, "missing_branches": 1}, "missing_lines": [142], "excluded_lines": [], "executed_branches": [[139, 140], [140, 139], [140, 141]], "missing_branches": [[139, 142]], "functions": {"LogLevel.__init__": {"executed_lines": [119, 120], "summary": {"covered_lines": 2, "num_statements": 2, "percent_covered": 100.0, "percent_covered_display": "100", "missing_lines": 0, "excluded_lines": 0, "num_branches": 0, "num_partial_branches": 0, "covered_branches": 0, "missing_branches": 0}, "missing_lines": [], "excluded_lines": [], "executed_branches": [], "missing_branches": []}, "LogLevel.from_string": {"executed_lines": [138, 139, 140, 141], "summary": {"covered_lines": 4, "num_statements": 5, "percent_covered": 77.77777777777777, "percent_covered_display": "78", "missing_lines": 1, "excluded_lines": 0, "num_branches": 4, "num_partial_branches": 1, "covered_branches": 3, "missing_branches": 1}, "missing_lines": [142], "excluded_lines": [], "executed_branches": [[139, 140], [140, 139], [140, 141]], "missing_branches": [[139, 142]]}, "LogLevel.to_logging_level": {"executed_lines": [160], "summary": {"covered_lines": 1, "num_statements": 1, "percent_covered": 100.0, "percent_covered_display": "100", "missing_lines": 0, "excluded_lines": 0, "num_branches": 0, "num_partial_branches": 0, "covered_branches": 0, "missing_branches": 0}, "missing_lines": [], "excluded_lines": [], "executed_branches": [], "missing_branches": []}, "SeverityRank.from_string": {"executed_lines": [192, 193], "summary": {"covered_lines": 2, "num_statements": 2, "percent_covered": 100.0, "percent_covered_display": "100", "missing_lines": 0, "excluded_lines": 0, "num_branches": 0, "num_partial_branches": 0, "covered_branches": 0, "missing_branches": 0}, "missing_lines": [], "excluded_lines": [], "executed_branches": [], "missing_branches": []}, "": {"executed_lines": [1, 8, 9, 12, 13, 16, 17, 18, 19, 23, 24, 25, 26, 27, 28, 31, 41, 42, 43, 44, 45, 46, 49, 52, 53, 56, 57, 58, 59, 60, 61, 62, 63, 64, 65, 66, 67, 70, 71, 72, 73, 74, 75, 76, 77, 80, 81, 82, 83, 84, 85, 86, 89, 98, 99, 105, 106, 107, 108, 109, 110, 112, 122, 123, 144, 145, 163, 164, 169, 170, 171, 172, 173, 174, 176, 177, 201, 204, 205, 208, 209, 212, 215], "summary": {"covered_lines": 80, "num_statements": 80, "percent_covered": 100.0, "percent_covered_display": "100", "missing_lines": 0, "excluded_lines": 0, "num_branches": 0, "num_partial_branches": 0, "covered_branches": 0, "missing_branches": 0}, "missing_lines": [], "excluded_lines": [], "executed_branches": [], "missing_branches": []}}, "classes": {"LogLevel": {"executed_lines": [119, 120, 138, 139, 140, 141, 160], "summary": {"covered_lines": 7, "num_statements": 8, "percent_covered": 83.33333333333333, "percent_covered_display": "83", "missing_lines": 1, "excluded_lines": 0, "num_branches": 4, "num_partial_branches": 1, "covered_branches": 3, "missing_branches": 1}, "missing_lines": [142], "excluded_lines": [], "executed_branches": [[139, 140], [140, 139], [140, 141]], "missing_branches": [[139, 142]]}, "SeverityRank": {"executed_lines": [192, 193], "summary": {"covered_lines": 2, "num_statements": 2, "percent_covered": 100.0, "percent_covered_display": "100", "missing_lines": 0, "excluded_lines": 0, "num_branches": 0, "num_partial_branches": 0, "covered_branches": 0, "missing_branches": 0}, "missing_lines": [], "excluded_lines": [], "executed_branches": [], "missing_branches": []}, "": {"executed_lines": [1, 8, 9, 12, 13, 16, 17, 18, 19, 23, 24, 25, 26, 27, 28, 31, 41, 42, 43, 44, 45, 46, 49, 52, 53, 56, 57, 58, 59, 60, 61, 62, 63, 64, 65, 66, 67, 70, 71, 72, 73, 74, 75, 76, 77, 80, 81, 82, 83, 84, 85, 86, 89, 98, 99, 105, 106, 107, 108, 109, 110, 112, 122, 123, 144, 145, 163, 164, 169, 170, 171, 172, 173, 174, 176, 177, 201, 204, 205, 208, 209, 212, 215], "summary": {"covered_lines": 80, "num_statements": 80, "percent_covered": 100.0, "percent_covered_display": "100", "missing_lines": 0, "excluded_lines": 0, "num_branches": 0, "num_partial_branches": 0, "covered_branches": 0, "missing_branches": 0}, "missing_lines": [], "excluded_lines": [], "executed_branches": [], "missing_branches": []}}}, "src/cve_report_aggregator/core/error_handler.py": {"executed_lines": [1, 7, 8, 10, 18, 23, 65, 66, 79, 98, 104, 105, 106, 107, 108, 110, 111, 115, 117, 136, 137, 138, 139, 142, 143, 151, 153, 179, 180, 183, 191, 199, 206, 216, 225], "summary": {"covered_lines": 32, "num_statements": 44, "percent_covered": 66.66666666666667, "percent_covered_display": "67", "missing_lines": 12, "excluded_lines": 2, "num_branches": 28, "num_partial_branches": 6, "covered_branches": 16, "missing_branches": 12}, "missing_lines": [112, 113, 144, 145, 146, 147, 148, 149, 184, 192, 200, 207], "excluded_lines": [18, 19], "executed_branches": [[104, 105], [104, 115], [106, 104], [106, 107], [110, 111], [136, 137], [136, 142], [137, 136], [137, 138], [138, 137], [138, 139], [143, 151], [183, 191], [191, 199], [199, 206], [206, 216]], "missing_branches": [[110, 104], [143, 144], [144, 145], [144, 146], [146, 147], [146, 148], [148, 149], [148, 151], [183, 184], [191, 192], [199, 200], [206, 207]], "functions": {"ErrorHandler.extract_http_status_code": {"executed_lines": [98, 104, 105, 106, 107, 108, 110, 111, 115], "summary": {"covered_lines": 9, "num_statements": 11, "percent_covered": 82.3529411764706, "percent_covered_display": "82", "missing_lines": 2, "excluded_lines": 0, "num_branches": 6, "num_partial_branches": 1, "covered_branches": 5, "missing_branches": 1}, "missing_lines": [112, 113], "excluded_lines": [], "executed_branches": [[104, 105], [104, 115], [106, 104], [106, 107], [110, 111]], "missing_branches": [[110, 104]]}, "ErrorHandler.classify_error": {"executed_lines": [136, 137, 138, 139, 142, 143, 151], "summary": {"covered_lines": 7, "num_statements": 13, "percent_covered": 51.851851851851855, "percent_covered_display": "52", "missing_lines": 6, "excluded_lines": 0, "num_branches": 14, "num_partial_branches": 1, "covered_branches": 7, "missing_branches": 7}, "missing_lines": [144, 145, 146, 147, 148, 149], "excluded_lines": [], "executed_branches": [[136, 137], [136, 142], [137, 136], [137, 138], [138, 137], [138, 139], [143, 151]], "missing_branches": [[143, 144], [144, 145], [144, 146], [146, 147], [146, 148], [148, 149], [148, 151]]}, "ErrorHandler.parse_download_error": {"executed_lines": [179, 180, 183, 191, 199, 206, 216], "summary": {"covered_lines": 7, "num_statements": 11, "percent_covered": 57.89473684210526, "percent_covered_display": "58", "missing_lines": 4, "excluded_lines": 0, "num_branches": 8, "num_partial_branches": 4, "covered_branches": 4, "missing_branches": 4}, "missing_lines": [184, 192, 200, 207], "excluded_lines": [], "executed_branches": [[183, 191], [191, 199], [199, 206], [206, 216]], "missing_branches": [[183, 184], [191, 192], [199, 200], [206, 207]]}, "": {"executed_lines": [1, 7, 8, 10, 18, 23, 65, 66, 79, 117, 153, 225], "summary": {"covered_lines": 9, "num_statements": 9, "percent_covered": 100.0, "percent_covered_display": "100", "missing_lines": 0, "excluded_lines": 2, "num_branches": 0, "num_partial_branches": 0, "covered_branches": 0, "missing_branches": 0}, "missing_lines": [], "excluded_lines": [18, 19], "executed_branches": [], "missing_branches": []}}, "classes": {"ErrorHandler": {"executed_lines": [98, 104, 105, 106, 107, 108, 110, 111, 115, 136, 137, 138, 139, 142, 143, 151, 179, 180, 183, 191, 199, 206, 216], "summary": {"covered_lines": 23, "num_statements": 35, "percent_covered": 61.904761904761905, "percent_covered_display": "62", "missing_lines": 12, "excluded_lines": 0, "num_branches": 28, "num_partial_branches": 6, "covered_branches": 16, "missing_branches": 12}, "missing_lines": [112, 113, 144, 145, 146, 147, 148, 149, 184, 192, 200, 207], "excluded_lines": [], "executed_branches": [[104, 105], [104, 115], [106, 104], [106, 107], [110, 111], [136, 137], [136, 142], [137, 136], [137, 138], [138, 137], [138, 139], [143, 151], [183, 191], [191, 199], [199, 206], [206, 216]], "missing_branches": [[110, 104], [143, 144], [144, 145], [144, 146], [146, 147], [146, 148], [148, 149], [148, 151], [183, 184], [191, 192], [199, 200], [206, 207]]}, "": {"executed_lines": [1, 7, 8, 10, 18, 23, 65, 66, 79, 117, 153, 225], "summary": {"covered_lines": 9, "num_statements": 9, "percent_covered": 100.0, "percent_covered_display": "100", "missing_lines": 0, "excluded_lines": 2, "num_branches": 0, "num_partial_branches": 0, "covered_branches": 0, "missing_branches": 0}, "missing_lines": [], "excluded_lines": [18, 19], "executed_branches": [], "missing_branches": []}}}, "src/cve_report_aggregator/core/exceptions.py": {"executed_lines": [1, 9, 10, 15, 18, 19, 27, 30, 31, 33, 36, 37, 42, 49, 50, 51, 52, 55, 56, 64, 72, 73, 74, 75, 76, 77, 78, 81, 82, 84, 87, 88, 96, 103, 104, 105, 108, 109, 117, 120, 121, 134, 149, 150, 151, 152, 153, 155, 161, 162, 163, 164, 167, 168, 176, 191, 192, 193, 195, 204, 205, 206, 207, 212, 213, 222, 241, 262, 263, 272, 289, 290, 298, 321, 322, 330, 333, 334, 343], "summary": {"covered_lines": 63, "num_statements": 77, "percent_covered": 78.65168539325843, "percent_covered_display": "79", "missing_lines": 14, "excluded_lines": 0, "num_branches": 12, "num_partial_branches": 3, "covered_branches": 7, "missing_branches": 5}, "missing_lines": [209, 237, 238, 239, 250, 251, 256, 257, 259, 285, 286, 313, 314, 318], "excluded_lines": [], "executed_branches": [[50, 51], [76, 77], [162, 163], [162, 164], [204, 205], [204, 206], [206, 207]], "missing_branches": [[50, 52], [76, 78], [206, 209], [256, 257], [256, 259]], "functions": {"ScannerNotFoundError.__init__": {"executed_lines": [49, 50, 51, 52], "summary": {"covered_lines": 4, "num_statements": 4, "percent_covered": 83.33333333333333, "percent_covered_display": "83", "missing_lines": 0, "excluded_lines": 0, "num_branches": 2, "num_partial_branches": 1, "covered_branches": 1, "missing_branches": 1}, "missing_lines": [], "excluded_lines": [], "executed_branches": [[50, 51]], "missing_branches": [[50, 52]]}, "ScannerExecutionError.__init__": {"executed_lines": [72, 73, 74, 75, 76, 77, 78], "summary": {"covered_lines": 7, "num_statements": 7, "percent_covered": 88.88888888888889, "percent_covered_display": "89", "missing_lines": 0, "excluded_lines": 0, "num_branches": 2, "num_partial_branches": 1, "covered_branches": 1, "missing_branches": 1}, "missing_lines": [], "excluded_lines": [], "executed_branches": [[76, 77]], "missing_branches": [[76, 78]]}, "ReportLoadError.__init__": {"executed_lines": [103, 104, 105], "summary": {"covered_lines": 3, "num_statements": 3, "percent_covered": 100.0, "percent_covered_display": "100", "missing_lines": 0, "excluded_lines": 0, "num_branches": 0, "num_partial_branches": 0, "covered_branches": 0, "missing_branches": 0}, "missing_lines": [], "excluded_lines": [], "executed_branches": [], "missing_branches": []}, "DownloadError.__init__": {"executed_lines": [149, 150, 151, 152, 153], "summary": {"covered_lines": 5, "num_statements": 5, "percent_covered": 100.0, "percent_covered_display": "100", "missing_lines": 0, "excluded_lines": 0, "num_branches": 0, "num_partial_branches": 0, "covered_branches": 0, "missing_branches": 0}, "missing_lines": [], "excluded_lines": [], "executed_branches": [], "missing_branches": []}, "DownloadError._format_message": {"executed_lines": [161, 162, 163, 164], "summary": {"covered_lines": 4, "num_statements": 4, "percent_covered": 100.0, "percent_covered_display": "100", "missing_lines": 0, "excluded_lines": 0, "num_branches": 2, "num_partial_branches": 0, "covered_branches": 2, "missing_branches": 0}, "missing_lines": [], "excluded_lines": [], "executed_branches": [[162, 163], [162, 164]], "missing_branches": []}, "AuthenticationError.__init__": {"executed_lines": [191, 192, 193], "summary": {"covered_lines": 3, "num_statements": 3, "percent_covered": 100.0, "percent_covered_display": "100", "missing_lines": 0, "excluded_lines": 0, "num_branches": 0, "num_partial_branches": 0, "covered_branches": 0, "missing_branches": 0}, "missing_lines": [], "excluded_lines": [], "executed_branches": [], "missing_branches": []}, "AuthenticationError._build_message": {"executed_lines": [204, 205, 206, 207], "summary": {"covered_lines": 4, "num_statements": 5, "percent_covered": 77.77777777777777, "percent_covered_display": "78", "missing_lines": 1, "excluded_lines": 0, "num_branches": 4, "num_partial_branches": 1, "covered_branches": 3, "missing_branches": 1}, "missing_lines": [209], "excluded_lines": [], "executed_branches": [[204, 205], [204, 206], [206, 207]], "missing_branches": [[206, 209]]}, "PackageNotFoundError.__init__": {"executed_lines": [], "summary": {"covered_lines": 0, "num_statements": 3, "percent_covered": 0.0, "percent_covered_display": "0", "missing_lines": 3, "excluded_lines": 0, "num_branches": 0, "num_partial_branches": 0, "covered_branches": 0, "missing_branches": 0}, "missing_lines": [237, 238, 239], "excluded_lines": [], "executed_branches": [], "missing_branches": []}, "PackageNotFoundError._build_message": {"executed_lines": [], "summary": {"covered_lines": 0, "num_statements": 5, "percent_covered": 0.0, "percent_covered_display": "0", "missing_lines": 5, "excluded_lines": 0, "num_branches": 2, "num_partial_branches": 0, "covered_branches": 0, "missing_branches": 2}, "missing_lines": [250, 251, 256, 257, 259], "excluded_lines": [], "executed_branches": [], "missing_branches": [[256, 257], [256, 259]]}, "NetworkError.__init__": {"executed_lines": [], "summary": {"covered_lines": 0, "num_statements": 2, "percent_covered": 0.0, "percent_covered_display": "0", "missing_lines": 2, "excluded_lines": 0, "num_branches": 0, "num_partial_branches": 0, "covered_branches": 0, "missing_branches": 0}, "missing_lines": [285, 286], "excluded_lines": [], "executed_branches": [], "missing_branches": []}, "RegistryError.__init__": {"executed_lines": [], "summary": {"covered_lines": 0, "num_statements": 3, "percent_covered": 0.0, "percent_covered_display": "0", "missing_lines": 3, "excluded_lines": 0, "num_branches": 0, "num_partial_branches": 0, "covered_branches": 0, "missing_branches": 0}, "missing_lines": [313, 314, 318], "excluded_lines": [], "executed_branches": [], "missing_branches": []}, "": {"executed_lines": [1, 9, 10, 15, 18, 19, 27, 30, 31, 33, 36, 37, 42, 55, 56, 64, 81, 82, 84, 87, 88, 96, 108, 109, 117, 120, 121, 134, 155, 167, 168, 176, 195, 212, 213, 222, 241, 262, 263, 272, 289, 290, 298, 321, 322, 330, 333, 334, 343], "summary": {"covered_lines": 33, "num_statements": 33, "percent_covered": 100.0, "percent_covered_display": "100", "missing_lines": 0, "excluded_lines": 0, "num_branches": 0, "num_partial_branches": 0, "covered_branches": 0, "missing_branches": 0}, "missing_lines": [], "excluded_lines": [], "executed_branches": [], "missing_branches": []}}, "classes": {"CVEAggregatorError": {"executed_lines": [], "summary": {"covered_lines": 0, "num_statements": 0, "percent_covered": 100.0, "percent_covered_display": "100", "missing_lines": 0, "excluded_lines": 0, "num_branches": 0, "num_partial_branches": 0, "covered_branches": 0, "missing_branches": 0}, "missing_lines": [], "excluded_lines": [], "executed_branches": [], "missing_branches": []}, "ConfigurationError": {"executed_lines": [], "summary": {"covered_lines": 0, "num_statements": 0, "percent_covered": 100.0, "percent_covered_display": "100", "missing_lines": 0, "excluded_lines": 0, "num_branches": 0, "num_partial_branches": 0, "covered_branches": 0, "missing_branches": 0}, "missing_lines": [], "excluded_lines": [], "executed_branches": [], "missing_branches": []}, "ScannerError": {"executed_lines": [], "summary": {"covered_lines": 0, "num_statements": 0, "percent_covered": 100.0, "percent_covered_display": "100", "missing_lines": 0, "excluded_lines": 0, "num_branches": 0, "num_partial_branches": 0, "covered_branches": 0, "missing_branches": 0}, "missing_lines": [], "excluded_lines": [], "executed_branches": [], "missing_branches": []}, "ScannerNotFoundError": {"executed_lines": [49, 50, 51, 52], "summary": {"covered_lines": 4, "num_statements": 4, "percent_covered": 83.33333333333333, "percent_covered_display": "83", "missing_lines": 0, "excluded_lines": 0, "num_branches": 2, "num_partial_branches": 1, "covered_branches": 1, "missing_branches": 1}, "missing_lines": [], "excluded_lines": [], "executed_branches": [[50, 51]], "missing_branches": [[50, 52]]}, "ScannerExecutionError": {"executed_lines": [72, 73, 74, 75, 76, 77, 78], "summary": {"covered_lines": 7, "num_statements": 7, "percent_covered": 88.88888888888889, "percent_covered_display": "89", "missing_lines": 0, "excluded_lines": 0, "num_branches": 2, "num_partial_branches": 1, "covered_branches": 1, "missing_branches": 1}, "missing_lines": [], "excluded_lines": [], "executed_branches": [[76, 77]], "missing_branches": [[76, 78]]}, "ReportError": {"executed_lines": [], "summary": {"covered_lines": 0, "num_statements": 0, "percent_covered": 100.0, "percent_covered_display": "100", "missing_lines": 0, "excluded_lines": 0, "num_branches": 0, "num_partial_branches": 0, "covered_branches": 0, "missing_branches": 0}, "missing_lines": [], "excluded_lines": [], "executed_branches": [], "missing_branches": []}, "ReportLoadError": {"executed_lines": [103, 104, 105], "summary": {"covered_lines": 3, "num_statements": 3, "percent_covered": 100.0, "percent_covered_display": "100", "missing_lines": 0, "excluded_lines": 0, "num_branches": 0, "num_partial_branches": 0, "covered_branches": 0, "missing_branches": 0}, "missing_lines": [], "excluded_lines": [], "executed_branches": [], "missing_branches": []}, "ReportValidationError": {"executed_lines": [], "summary": {"covered_lines": 0, "num_statements": 0, "percent_covered": 100.0, "percent_covered_display": "100", "missing_lines": 0, "excluded_lines": 0, "num_branches": 0, "num_partial_branches": 0, "covered_branches": 0, "missing_branches": 0}, "missing_lines": [], "excluded_lines": [], "executed_branches": [], "missing_branches": []}, "DownloadError": {"executed_lines": [149, 150, 151, 152, 153, 161, 162, 163, 164], "summary": {"covered_lines": 9, "num_statements": 9, "percent_covered": 100.0, "percent_covered_display": "100", "missing_lines": 0, "excluded_lines": 0, "num_branches": 2, "num_partial_branches": 0, "covered_branches": 2, "missing_branches": 0}, "missing_lines": [], "excluded_lines": [], "executed_branches": [[162, 163], [162, 164]], "missing_branches": []}, "AuthenticationError": {"executed_lines": [191, 192, 193, 204, 205, 206, 207], "summary": {"covered_lines": 7, "num_statements": 8, "percent_covered": 83.33333333333333, "percent_covered_display": "83", "missing_lines": 1, "excluded_lines": 0, "num_branches": 4, "num_partial_branches": 1, "covered_branches": 3, "missing_branches": 1}, "missing_lines": [209], "excluded_lines": [], "executed_branches": [[204, 205], [204, 206], [206, 207]], "missing_branches": [[206, 209]]}, "PackageNotFoundError": {"executed_lines": [], "summary": {"covered_lines": 0, "num_statements": 8, "percent_covered": 0.0, "percent_covered_display": "0", "missing_lines": 8, "excluded_lines": 0, "num_branches": 2, "num_partial_branches": 0, "covered_branches": 0, "missing_branches": 2}, "missing_lines": [237, 238, 239, 250, 251, 256, 257, 259], "excluded_lines": [], "executed_branches": [], "missing_branches": [[256, 257], [256, 259]]}, "NetworkError": {"executed_lines": [], "summary": {"covered_lines": 0, "num_statements": 2, "percent_covered": 0.0, "percent_covered_display": "0", "missing_lines": 2, "excluded_lines": 0, "num_branches": 0, "num_partial_branches": 0, "covered_branches": 0, "missing_branches": 0}, "missing_lines": [285, 286], "excluded_lines": [], "executed_branches": [], "missing_branches": []}, "RegistryError": {"executed_lines": [], "summary": {"covered_lines": 0, "num_statements": 3, "percent_covered": 0.0, "percent_covered_display": "0", "missing_lines": 3, "excluded_lines": 0, "num_branches": 0, "num_partial_branches": 0, "covered_branches": 0, "missing_branches": 0}, "missing_lines": [313, 314, 318], "excluded_lines": [], "executed_branches": [], "missing_branches": []}, "AggregationError": {"executed_lines": [], "summary": {"covered_lines": 0, "num_statements": 0, "percent_covered": 100.0, "percent_covered_display": "100", "missing_lines": 0, "excluded_lines": 0, "num_branches": 0, "num_partial_branches": 0, "covered_branches": 0, "missing_branches": 0}, "missing_lines": [], "excluded_lines": [], "executed_branches": [], "missing_branches": []}, "EnrichmentError": {"executed_lines": [], "summary": {"covered_lines": 0, "num_statements": 0, "percent_covered": 100.0, "percent_covered_display": "100", "missing_lines": 0, "excluded_lines": 0, "num_branches": 0, "num_partial_branches": 0, "covered_branches": 0, "missing_branches": 0}, "missing_lines": [], "excluded_lines": [], "executed_branches": [], "missing_branches": []}, "": {"executed_lines": [1, 9, 10, 15, 18, 19, 27, 30, 31, 33, 36, 37, 42, 55, 56, 64, 81, 82, 84, 87, 88, 96, 108, 109, 117, 120, 121, 134, 155, 167, 168, 176, 195, 212, 213, 222, 241, 262, 263, 272, 289, 290, 298, 321, 322, 330, 333, 334, 343], "summary": {"covered_lines": 33, "num_statements": 33, "percent_covered": 100.0, "percent_covered_display": "100", "missing_lines": 0, "excluded_lines": 0, "num_branches": 0, "num_partial_branches": 0, "covered_branches": 0, "missing_branches": 0}, "missing_lines": [], "excluded_lines": [], "executed_branches": [], "missing_branches": []}}}, "src/cve_report_aggregator/core/executor.py": {"executed_lines": [1, 32, 34, 35, 36, 38, 40, 43, 46, 47, 59, 60, 99, 100, 103, 106, 109, 110, 111, 113, 115, 117, 125, 127, 129, 131, 132, 140, 150, 151, 178, 181, 182, 183, 184, 188, 190, 191, 212], "summary": {"covered_lines": 36, "num_statements": 48, "percent_covered": 75.86206896551724, "percent_covered_display": "76", "missing_lines": 12, "excluded_lines": 2, "num_branches": 10, "num_partial_branches": 0, "covered_branches": 8, "missing_branches": 2}, "missing_lines": [142, 143, 144, 146, 147, 148, 185, 186, 205, 206, 207, 208], "excluded_lines": [40, 41], "executed_branches": [[100, 103], [100, 106], [110, 111], [110, 113], [125, 127], [125, 129], [182, 183], [182, 188]], "missing_branches": [[206, 207], [206, 208]], "functions": {"ExecutorManager.execute": {"executed_lines": [99, 100, 103, 106, 109, 110, 111, 113, 115, 117, 125, 127, 129, 131, 132, 140], "summary": {"covered_lines": 16, "num_statements": 22, "percent_covered": 78.57142857142857, "percent_covered_display": "79", "missing_lines": 6, "excluded_lines": 0, "num_branches": 6, "num_partial_branches": 0, "covered_branches": 6, "missing_branches": 0}, "missing_lines": [142, 143, 144, 146, 147, 148], "excluded_lines": [], "executed_branches": [[100, 103], [100, 106], [110, 111], [110, 113], [125, 127], [125, 129]], "missing_branches": []}, "ExecutorManager.execute_with_global_config": {"executed_lines": [178, 181, 182, 183, 184, 188], "summary": {"covered_lines": 6, "num_statements": 8, "percent_covered": 80.0, "percent_covered_display": "80", "missing_lines": 2, "excluded_lines": 0, "num_branches": 2, "num_partial_branches": 0, "covered_branches": 2, "missing_branches": 0}, "missing_lines": [185, 186], "excluded_lines": [], "executed_branches": [[182, 183], [182, 188]], "missing_branches": []}, "ExecutorManager.create_temp_directory": {"executed_lines": [], "summary": {"covered_lines": 0, "num_statements": 4, "percent_covered": 0.0, "percent_covered_display": "0", "missing_lines": 4, "excluded_lines": 0, "num_branches": 2, "num_partial_branches": 0, "covered_branches": 0, "missing_branches": 2}, "missing_lines": [205, 206, 207, 208], "excluded_lines": [], "executed_branches": [], "missing_branches": [[206, 207], [206, 208]]}, "": {"executed_lines": [1, 32, 34, 35, 36, 38, 40, 43, 46, 47, 59, 60, 150, 151, 190, 191, 212], "summary": {"covered_lines": 14, "num_statements": 14, "percent_covered": 100.0, "percent_covered_display": "100", "missing_lines": 0, "excluded_lines": 2, "num_branches": 0, "num_partial_branches": 0, "covered_branches": 0, "missing_branches": 0}, "missing_lines": [], "excluded_lines": [40, 41], "executed_branches": [], "missing_branches": []}}, "classes": {"ExecutorManager": {"executed_lines": [99, 100, 103, 106, 109, 110, 111, 113, 115, 117, 125, 127, 129, 131, 132, 140, 178, 181, 182, 183, 184, 188], "summary": {"covered_lines": 22, "num_statements": 34, "percent_covered": 68.18181818181819, "percent_covered_display": "68", "missing_lines": 12, "excluded_lines": 0, "num_branches": 10, "num_partial_branches": 0, "covered_branches": 8, "missing_branches": 2}, "missing_lines": [142, 143, 144, 146, 147, 148, 185, 186, 205, 206, 207, 208], "excluded_lines": [], "executed_branches": [[100, 103], [100, 106], [110, 111], [110, 113], [125, 127], [125, 129], [182, 183], [182, 188]], "missing_branches": [[206, 207], [206, 208]]}, "": {"executed_lines": [1, 32, 34, 35, 36, 38, 40, 43, 46, 47, 59, 60, 150, 151, 190, 191, 212], "summary": {"covered_lines": 14, "num_statements": 14, "percent_covered": 100.0, "percent_covered_display": "100", "missing_lines": 0, "excluded_lines": 2, "num_branches": 0, "num_partial_branches": 0, "covered_branches": 0, "missing_branches": 0}, "missing_lines": [], "excluded_lines": [40, 41], "executed_branches": [], "missing_branches": []}}}, "src/cve_report_aggregator/core/json_utils.py": {"executed_lines": [1, 7, 8, 9, 10, 12, 13, 15, 18, 45, 46, 47, 49, 50, 51, 52, 53, 54, 55, 56, 57, 58, 59, 60, 63], "summary": {"covered_lines": 24, "num_statements": 24, "percent_covered": 100.0, "percent_covered_display": "100", "missing_lines": 0, "excluded_lines": 0, "num_branches": 2, "num_partial_branches": 0, "covered_branches": 2, "missing_branches": 0}, "missing_lines": [], "excluded_lines": [], "executed_branches": [[49, 50], [49, 51]], "missing_branches": [], "functions": {"load_json_report": {"executed_lines": [45, 46, 47, 49, 50, 51, 52, 53, 54, 55, 56, 57, 58, 59, 60], "summary": {"covered_lines": 15, "num_statements": 15, "percent_covered": 100.0, "percent_covered_display": "100", "missing_lines": 0, "excluded_lines": 0, "num_branches": 2, "num_partial_branches": 0, "covered_branches": 2, "missing_branches": 0}, "missing_lines": [], "excluded_lines": [], "executed_branches": [[49, 50], [49, 51]], "missing_branches": []}, "": {"executed_lines": [1, 7, 8, 9, 10, 12, 13, 15, 18, 63], "summary": {"covered_lines": 9, "num_statements": 9, "percent_covered": 100.0, "percent_covered_display": "100", "missing_lines": 0, "excluded_lines": 0, "num_branches": 0, "num_partial_branches": 0, "covered_branches": 0, "missing_branches": 0}, "missing_lines": [], "excluded_lines": [], "executed_branches": [], "missing_branches": []}}, "classes": {"": {"executed_lines": [1, 7, 8, 9, 10, 12, 13, 15, 18, 45, 46, 47, 49, 50, 51, 52, 53, 54, 55, 56, 57, 58, 59, 60, 63], "summary": {"covered_lines": 24, "num_statements": 24, "percent_covered": 100.0, "percent_covered_display": "100", "missing_lines": 0, "excluded_lines": 0, "num_branches": 2, "num_partial_branches": 0, "covered_branches": 2, "missing_branches": 0}, "missing_lines": [], "excluded_lines": [], "executed_branches": [[49, 50], [49, 51]], "missing_branches": []}}}, "src/cve_report_aggregator/core/logging.py": {"executed_lines": [1, 21, 23, 24, 25, 26, 27, 29, 30, 32, 33, 36, 37, 48, 49, 51, 52, 74, 75, 78, 79, 80, 81, 83, 87, 91, 94, 101, 117, 119, 122, 123, 130, 138, 146, 148, 149, 176, 177, 180, 183, 184, 187, 190, 191, 194, 196, 198, 199, 210, 211, 213, 214, 215, 233, 234, 235, 237, 239, 240, 250, 251, 252, 253, 256, 258, 259, 270, 271, 274, 275, 280, 297, 301], "summary": {"covered_lines": 72, "num_statements": 77, "percent_covered": 93.93939393939394, "percent_covered_display": "94", "missing_lines": 5, "excluded_lines": 0, "num_branches": 22, "num_partial_branches": 1, "covered_branches": 21, "missing_branches": 1}, "missing_lines": [84, 85, 254, 255, 276], "excluded_lines": [], "executed_branches": [[74, 75], [74, 78], [78, 79], [78, 91], [79, 80], [79, 87], [117, 119], [117, 122], [122, 123], [122, 130], [176, 177], [176, 180], [183, 184], [183, 187], [190, 191], [190, 194], [250, 251], [250, 256], [274, -258], [274, 275], [275, 274]], "missing_branches": [[275, 276]], "functions": {"LogManager.configure": {"executed_lines": [74, 75, 78, 79, 80, 81, 83, 87, 91, 94, 101, 117, 119, 122, 123, 130, 138, 146], "summary": {"covered_lines": 18, "num_statements": 20, "percent_covered": 93.33333333333333, "percent_covered_display": "93", "missing_lines": 2, "excluded_lines": 0, "num_branches": 10, "num_partial_branches": 0, "covered_branches": 10, "missing_branches": 0}, "missing_lines": [84, 85], "excluded_lines": [], "executed_branches": [[74, 75], [74, 78], [78, 79], [78, 91], [79, 80], [79, 87], [117, 119], [117, 122], [122, 123], [122, 130]], "missing_branches": []}, "LogManager.get_logger": {"executed_lines": [176, 177, 180, 183, 184, 187, 190, 191, 194, 196], "summary": {"covered_lines": 10, "num_statements": 10, "percent_covered": 100.0, "percent_covered_display": "100", "missing_lines": 0, "excluded_lines": 0, "num_branches": 6, "num_partial_branches": 0, "covered_branches": 6, "missing_branches": 0}, "missing_lines": [], "excluded_lines": [], "executed_branches": [[176, 177], [176, 180], [183, 184], [183, 187], [190, 191], [190, 194]], "missing_branches": []}, "LogManager.reset": {"executed_lines": [210, 211], "summary": {"covered_lines": 2, "num_statements": 2, "percent_covered": 100.0, "percent_covered_display": "100", "missing_lines": 0, "excluded_lines": 0, "num_branches": 0, "num_partial_branches": 0, "covered_branches": 0, "missing_branches": 0}, "missing_lines": [], "excluded_lines": [], "executed_branches": [], "missing_branches": []}, "LogManager.log_context": {"executed_lines": [233, 234, 235, 237], "summary": {"covered_lines": 4, "num_statements": 4, "percent_covered": 100.0, "percent_covered_display": "100", "missing_lines": 0, "excluded_lines": 0, "num_branches": 0, "num_partial_branches": 0, "covered_branches": 0, "missing_branches": 0}, "missing_lines": [], "excluded_lines": [], "executed_branches": [], "missing_branches": []}, "LogManager.get_log_level": {"executed_lines": [250, 251, 252, 253, 256], "summary": {"covered_lines": 5, "num_statements": 7, "percent_covered": 77.77777777777777, "percent_covered_display": "78", "missing_lines": 2, "excluded_lines": 0, "num_branches": 2, "num_partial_branches": 0, "covered_branches": 2, "missing_branches": 0}, "missing_lines": [254, 255], "excluded_lines": [], "executed_branches": [[250, 251], [250, 256]], "missing_branches": []}, "LogManager.set_log_level": {"executed_lines": [270, 271, 274, 275], "summary": {"covered_lines": 4, "num_statements": 5, "percent_covered": 77.77777777777777, "percent_covered_display": "78", "missing_lines": 1, "excluded_lines": 0, "num_branches": 4, "num_partial_branches": 1, "covered_branches": 3, "missing_branches": 1}, "missing_lines": [276], "excluded_lines": [], "executed_branches": [[274, -258], [274, 275], [275, 274]], "missing_branches": [[275, 276]]}, "get_logger": {"executed_lines": [297], "summary": {"covered_lines": 1, "num_statements": 1, "percent_covered": 100.0, "percent_covered_display": "100", "missing_lines": 0, "excluded_lines": 0, "num_branches": 0, "num_partial_branches": 0, "covered_branches": 0, "missing_branches": 0}, "missing_lines": [], "excluded_lines": [], "executed_branches": [], "missing_branches": []}, "": {"executed_lines": [1, 21, 23, 24, 25, 26, 27, 29, 30, 32, 33, 36, 37, 48, 49, 51, 52, 148, 149, 198, 199, 213, 214, 215, 239, 240, 258, 259, 280, 301], "summary": {"covered_lines": 28, "num_statements": 28, "percent_covered": 100.0, "percent_covered_display": "100", "missing_lines": 0, "excluded_lines": 0, "num_branches": 0, "num_partial_branches": 0, "covered_branches": 0, "missing_branches": 0}, "missing_lines": [], "excluded_lines": [], "executed_branches": [], "missing_branches": []}}, "classes": {"LogManager": {"executed_lines": [74, 75, 78, 79, 80, 81, 83, 87, 91, 94, 101, 117, 119, 122, 123, 130, 138, 146, 176, 177, 180, 183, 184, 187, 190, 191, 194, 196, 210, 211, 233, 234, 235, 237, 250, 251, 252, 253, 256, 270, 271, 274, 275], "summary": {"covered_lines": 43, "num_statements": 48, "percent_covered": 91.42857142857143, "percent_covered_display": "91", "missing_lines": 5, "excluded_lines": 0, "num_branches": 22, "num_partial_branches": 1, "covered_branches": 21, "missing_branches": 1}, "missing_lines": [84, 85, 254, 255, 276], "excluded_lines": [], "executed_branches": [[74, 75], [74, 78], [78, 79], [78, 91], [79, 80], [79, 87], [117, 119], [117, 122], [122, 123], [122, 130], [176, 177], [176, 180], [183, 184], [183, 187], [190, 191], [190, 194], [250, 251], [250, 256], [274, -258], [274, 275], [275, 274]], "missing_branches": [[275, 276]]}, "": {"executed_lines": [1, 21, 23, 24, 25, 26, 27, 29, 30, 32, 33, 36, 37, 48, 49, 51, 52, 148, 149, 198, 199, 213, 214, 215, 239, 240, 258, 259, 280, 297, 301], "summary": {"covered_lines": 29, "num_statements": 29, "percent_covered": 100.0, "percent_covered_display": "100", "missing_lines": 0, "excluded_lines": 0, "num_branches": 0, "num_partial_branches": 0, "covered_branches": 0, "missing_branches": 0}, "missing_lines": [], "excluded_lines": [], "executed_branches": [], "missing_branches": []}}}, "src/cve_report_aggregator/core/models.py": {"executed_lines": [1, 3, 4, 6, 9, 10, 11, 12, 15, 16, 30, 31, 32, 33, 36, 37, 53, 54, 55, 56, 57, 62, 68, 72, 77, 82, 86, 91, 92, 94, 95, 97, 104, 107, 109, 112, 116, 118, 119, 120, 141, 151, 152, 153, 159, 162, 163, 183, 188, 193, 197, 201, 206, 211, 215, 219, 223, 228, 233, 242, 247, 248, 250, 251, 252, 254, 261, 265, 267, 270, 275, 277, 278, 279, 291, 292, 293, 294, 295, 296, 298, 299, 300, 312, 313, 314, 315, 316, 317, 319, 320, 321, 333, 334, 335, 336, 337, 338, 339, 340], "summary": {"covered_lines": 82, "num_statements": 82, "percent_covered": 100.0, "percent_covered_display": "100", "missing_lines": 0, "excluded_lines": 42, "num_branches": 16, "num_partial_branches": 0, "covered_branches": 16, "missing_branches": 0}, "missing_lines": [], "excluded_lines": [97, 98, 99, 100, 101, 102, 103, 104, 105, 106, 107, 108, 109, 110, 111, 112, 113, 114, 115, 116, 254, 255, 256, 257, 258, 259, 260, 261, 262, 263, 264, 265, 266, 267, 268, 269, 270, 271, 272, 273, 274, 275], "executed_branches": [[151, 152], [151, 159], [292, 293], [292, 294], [294, 295], [294, 296], [313, 314], [313, 315], [315, 316], [315, 317], [333, 334], [333, 335], [336, 337], [336, 338], [338, 339], [338, 340]], "missing_branches": [], "functions": {"EnrichmentConfig.__repr__": {"executed_lines": [104, 107, 109, 112, 116], "summary": {"covered_lines": 0, "num_statements": 0, "percent_covered": 100.0, "percent_covered_display": "100", "missing_lines": 0, "excluded_lines": 19, "num_branches": 0, "num_partial_branches": 0, "covered_branches": 0, "missing_branches": 0}, "missing_lines": [], "excluded_lines": [98, 99, 100, 101, 102, 103, 104, 105, 106, 107, 108, 109, 110, 111, 112, 113, 114, 115, 116], "executed_branches": [], "missing_branches": []}, "EnrichmentConfig.validate_model_name": {"executed_lines": [141, 151, 152, 153, 159], "summary": {"covered_lines": 5, "num_statements": 5, "percent_covered": 100.0, "percent_covered_display": "100", "missing_lines": 0, "excluded_lines": 0, "num_branches": 2, "num_partial_branches": 0, "covered_branches": 2, "missing_branches": 0}, "missing_lines": [], "excluded_lines": [], "executed_branches": [[151, 152], [151, 159]], "missing_branches": []}, "AggregatorConfig.__repr__": {"executed_lines": [261, 265, 267, 270, 275], "summary": {"covered_lines": 0, "num_statements": 0, "percent_covered": 100.0, "percent_covered_display": "100", "missing_lines": 0, "excluded_lines": 21, "num_branches": 0, "num_partial_branches": 0, "covered_branches": 0, "missing_branches": 0}, "missing_lines": [], "excluded_lines": [255, 256, 257, 258, 259, 260, 261, 262, 263, 264, 265, 266, 267, 268, 269, 270, 271, 272, 273, 274, 275], "executed_branches": [], "missing_branches": []}, "AggregatorConfig.validate_input_dir": {"executed_lines": [291, 292, 293, 294, 295, 296], "summary": {"covered_lines": 6, "num_statements": 6, "percent_covered": 100.0, "percent_covered_display": "100", "missing_lines": 0, "excluded_lines": 0, "num_branches": 4, "num_partial_branches": 0, "covered_branches": 4, "missing_branches": 0}, "missing_lines": [], "excluded_lines": [], "executed_branches": [[292, 293], [292, 294], [294, 295], [294, 296]], "missing_branches": []}, "AggregatorConfig.validate_output_file": {"executed_lines": [312, 313, 314, 315, 316, 317], "summary": {"covered_lines": 6, "num_statements": 6, "percent_covered": 100.0, "percent_covered_display": "100", "missing_lines": 0, "excluded_lines": 0, "num_branches": 4, "num_partial_branches": 0, "covered_branches": 4, "missing_branches": 0}, "missing_lines": [], "excluded_lines": [], "executed_branches": [[313, 314], [313, 315], [315, 316], [315, 317]], "missing_branches": []}, "AggregatorConfig.validate_config_file": {"executed_lines": [333, 334, 335, 336, 337, 338, 339, 340], "summary": {"covered_lines": 8, "num_statements": 8, "percent_covered": 100.0, "percent_covered_display": "100", "missing_lines": 0, "excluded_lines": 0, "num_branches": 6, "num_partial_branches": 0, "covered_branches": 6, "missing_branches": 0}, "missing_lines": [], "excluded_lines": [], "executed_branches": [[333, 334], [333, 335], [336, 337], [336, 338], [338, 339], [338, 340]], "missing_branches": []}, "": {"executed_lines": [1, 3, 4, 6, 9, 10, 11, 12, 15, 16, 30, 31, 32, 33, 36, 37, 53, 54, 55, 56, 57, 62, 68, 72, 77, 82, 86, 91, 92, 94, 95, 97, 118, 119, 120, 162, 163, 183, 188, 193, 197, 201, 206, 211, 215, 219, 223, 228, 233, 242, 247, 248, 250, 251, 252, 254, 277, 278, 279, 298, 299, 300, 319, 320, 321], "summary": {"covered_lines": 57, "num_statements": 57, "percent_covered": 100.0, "percent_covered_display": "100", "missing_lines": 0, "excluded_lines": 2, "num_branches": 0, "num_partial_branches": 0, "covered_branches": 0, "missing_branches": 0}, "missing_lines": [], "excluded_lines": [97, 254], "executed_branches": [], "missing_branches": []}}, "classes": {"PackageConfig": {"executed_lines": [], "summary": {"covered_lines": 0, "num_statements": 0, "percent_covered": 100.0, "percent_covered_display": "100", "missing_lines": 0, "excluded_lines": 0, "num_branches": 0, "num_partial_branches": 0, "covered_branches": 0, "missing_branches": 0}, "missing_lines": [], "excluded_lines": [], "executed_branches": [], "missing_branches": []}, "EnrichmentConfig": {"executed_lines": [104, 107, 109, 112, 116, 141, 151, 152, 153, 159], "summary": {"covered_lines": 5, "num_statements": 5, "percent_covered": 100.0, "percent_covered_display": "100", "missing_lines": 0, "excluded_lines": 19, "num_branches": 2, "num_partial_branches": 0, "covered_branches": 2, "missing_branches": 0}, "missing_lines": [], "excluded_lines": [98, 99, 100, 101, 102, 103, 104, 105, 106, 107, 108, 109, 110, 111, 112, 113, 114, 115, 116], "executed_branches": [[151, 152], [151, 159]], "missing_branches": []}, "EnrichmentConfig.Config": {"executed_lines": [], "summary": {"covered_lines": 0, "num_statements": 0, "percent_covered": 100.0, "percent_covered_display": "100", "missing_lines": 0, "excluded_lines": 0, "num_branches": 0, "num_partial_branches": 0, "covered_branches": 0, "missing_branches": 0}, "missing_lines": [], "excluded_lines": [], "executed_branches": [], "missing_branches": []}, "AggregatorConfig": {"executed_lines": [261, 265, 267, 270, 275, 291, 292, 293, 294, 295, 296, 312, 313, 314, 315, 316, 317, 333, 334, 335, 336, 337, 338, 339, 340], "summary": {"covered_lines": 20, "num_statements": 20, "percent_covered": 100.0, "percent_covered_display": "100", "missing_lines": 0, "excluded_lines": 21, "num_branches": 14, "num_partial_branches": 0, "covered_branches": 14, "missing_branches": 0}, "missing_lines": [], "excluded_lines": [255, 256, 257, 258, 259, 260, 261, 262, 263, 264, 265, 266, 267, 268, 269, 270, 271, 272, 273, 274, 275], "executed_branches": [[292, 293], [292, 294], [294, 295], [294, 296], [313, 314], [313, 315], [315, 316], [315, 317], [333, 334], [333, 335], [336, 337], [336, 338], [338, 339], [338, 340]], "missing_branches": []}, "AggregatorConfig.Config": {"executed_lines": [], "summary": {"covered_lines": 0, "num_statements": 0, "percent_covered": 100.0, "percent_covered_display": "100", "missing_lines": 0, "excluded_lines": 0, "num_branches": 0, "num_partial_branches": 0, "covered_branches": 0, "missing_branches": 0}, "missing_lines": [], "excluded_lines": [], "executed_branches": [], "missing_branches": []}, "": {"executed_lines": [1, 3, 4, 6, 9, 10, 11, 12, 15, 16, 30, 31, 32, 33, 36, 37, 53, 54, 55, 56, 57, 62, 68, 72, 77, 82, 86, 91, 92, 94, 95, 97, 118, 119, 120, 162, 163, 183, 188, 193, 197, 201, 206, 211, 215, 219, 223, 228, 233, 242, 247, 248, 250, 251, 252, 254, 277, 278, 279, 298, 299, 300, 319, 320, 321], "summary": {"covered_lines": 57, "num_statements": 57, "percent_covered": 100.0, "percent_covered_display": "100", "missing_lines": 0, "excluded_lines": 2, "num_branches": 0, "num_partial_branches": 0, "covered_branches": 0, "missing_branches": 0}, "missing_lines": [], "excluded_lines": [97, 254], "executed_branches": [], "missing_branches": []}}}, "src/cve_report_aggregator/core/orchestrator.py": {"executed_lines": [1, 11, 12, 13, 15, 16, 17, 18, 19, 20, 21, 22, 23, 25, 29, 30, 31, 46, 47, 48, 49, 50, 60, 61, 64, 82, 83, 84, 87, 88, 95, 96, 99, 100, 103, 161, 162, 166, 168, 169, 171, 172, 175, 177, 182, 183, 187, 194, 197, 200, 201, 202, 203, 204, 205, 206, 210, 218, 219, 220, 223, 229, 244, 247, 263, 264, 265, 269, 270, 271, 272, 274, 279, 280, 282, 283, 288, 295, 296, 298, 305, 307, 310, 311, 313, 314, 315, 318, 320, 321, 322, 325, 327, 330, 351, 352, 355, 356, 357, 358, 359, 360, 363, 365, 372, 380, 381, 388, 389, 392, 394, 395, 397, 398, 401, 403, 404, 406, 413, 414, 415, 416, 417, 418, 423, 424, 429, 431, 434, 449, 450, 452, 453, 457, 459, 461, 472, 473, 480, 483, 488, 490, 499, 506, 507, 513, 514, 515, 516, 521, 530, 533, 548, 549, 551, 554, 557, 560, 561, 562, 563, 565, 570, 573, 588, 590, 591, 594, 595, 597, 598, 599, 600, 603, 605, 606, 608, 609, 611, 613, 614, 617, 618, 620, 621, 624, 625, 626, 627, 628, 629, 630, 631, 633, 634, 639, 642, 643, 644, 652, 655, 675, 677, 680, 681, 682, 689, 691, 697, 698, 699, 701, 702, 708, 714, 715, 716, 719, 722, 723, 724, 727, 728, 729, 732, 733, 738, 741, 743, 750, 754], "summary": {"covered_lines": 228, "num_statements": 260, "percent_covered": 85.26011560693641, "percent_covered_display": "85", "missing_lines": 32, "excluded_lines": 2, "num_branches": 86, "num_partial_branches": 11, "covered_branches": 67, "missing_branches": 19}, "missing_lines": [104, 108, 110, 112, 113, 114, 119, 121, 122, 124, 125, 129, 137, 144, 145, 147, 153, 154, 158, 188, 189, 211, 212, 222, 230, 231, 232, 236, 237, 238, 242, 489], "excluded_lines": [25, 26], "executed_branches": [[87, 88], [87, 197], [103, 161], [161, 162], [201, 202], [201, 218], [204, 205], [204, 218], [218, 219], [218, 229], [219, 220], [229, 244], [269, 270], [269, 271], [271, 272], [271, 274], [279, 280], [279, 288], [282, 283], [295, 296], [295, 298], [307, 310], [307, 325], [310, 311], [310, 327], [314, 315], [314, 318], [320, 321], [356, 357], [356, 363], [357, 358], [357, 363], [358, 357], [358, 359], [380, 381], [380, 388], [394, 395], [394, 397], [452, 453], [452, 459], [488, 490], [514, 515], [514, 530], [603, 605], [603, 642], [605, 606], [605, 608], [617, 618], [617, 620], [620, 621], [620, 624], [624, 603], [624, 625], [626, 627], [630, 631], [642, 643], [642, 652], [681, 682], [681, 689], [701, 702], [701, 732], [715, 716], [722, 701], [722, 723], [723, 724], [723, 727], [732, 733]], "missing_branches": [[103, 104], [113, 114], [113, 119], [119, 121], [119, 161], [124, 125], [124, 129], [161, 188], [188, 189], [188, 194], [219, 222], [229, 230], [282, 288], [320, 322], [488, 489], [626, 603], [630, 603], [715, 719], [732, 741]], "functions": {"acquire_sboms": {"executed_lines": [82, 83, 84, 87, 88, 95, 96, 99, 100, 103, 161, 162, 166, 168, 169, 171, 172, 175, 177, 182, 183, 187, 194, 197, 200, 201, 202, 203, 204, 205, 206, 210, 218, 219, 220, 223, 229, 244], "summary": {"covered_lines": 38, "num_statements": 69, "percent_covered": 53.763440860215056, "percent_covered_display": "54", "missing_lines": 31, "excluded_lines": 0, "num_branches": 24, "num_partial_branches": 4, "covered_branches": 12, "missing_branches": 12}, "missing_lines": [104, 108, 110, 112, 113, 114, 119, 121, 122, 124, 125, 129, 137, 144, 145, 147, 153, 154, 158, 188, 189, 211, 212, 222, 230, 231, 232, 236, 237, 238, 242], "excluded_lines": [], "executed_branches": [[87, 88], [87, 197], [103, 161], [161, 162], [201, 202], [201, 218], [204, 205], [204, 218], [218, 219], [218, 229], [219, 220], [229, 244]], "missing_branches": [[103, 104], [113, 114], [113, 119], [119, 121], [119, 161], [124, 125], [124, 129], [161, 188], [188, 189], [188, 194], [219, 222], [229, 230]]}, "load_and_group_reports": {"executed_lines": [263, 264, 265, 269, 270, 271, 272, 274, 279, 280, 282, 283, 288, 295, 296, 298, 305, 307, 310, 311, 313, 314, 315, 318, 320, 321, 322, 325, 327], "summary": {"covered_lines": 29, "num_statements": 29, "percent_covered": 95.74468085106383, "percent_covered_display": "96", "missing_lines": 0, "excluded_lines": 0, "num_branches": 18, "num_partial_branches": 2, "covered_branches": 16, "missing_branches": 2}, "missing_lines": [], "excluded_lines": [], "executed_branches": [[269, 270], [269, 271], [271, 272], [271, 274], [279, 280], [279, 288], [282, 283], [295, 296], [295, 298], [307, 310], [307, 325], [310, 311], [310, 327], [314, 315], [314, 318], [320, 321]], "missing_branches": [[282, 288], [320, 322]]}, "process_package_reports": {"executed_lines": [351, 352, 355, 356, 357, 358, 359, 360, 363, 365, 372, 380, 381, 388, 389, 392, 394, 395, 397, 398, 401, 403, 404, 406, 413, 414, 415, 416, 417, 418, 423, 424, 429, 431], "summary": {"covered_lines": 34, "num_statements": 34, "percent_covered": 100.0, "percent_covered_display": "100", "missing_lines": 0, "excluded_lines": 0, "num_branches": 10, "num_partial_branches": 0, "covered_branches": 10, "missing_branches": 0}, "missing_lines": [], "excluded_lines": [], "executed_branches": [[356, 357], [356, 363], [357, 358], [357, 363], [358, 357], [358, 359], [380, 381], [380, 388], [394, 395], [394, 397]], "missing_branches": []}, "enrich_report": {"executed_lines": [449, 450, 452, 453, 457, 459, 461, 472, 473, 480, 483, 488, 490, 499, 506, 507, 513, 514, 515, 516, 521, 530], "summary": {"covered_lines": 22, "num_statements": 23, "percent_covered": 93.10344827586206, "percent_covered_display": "93", "missing_lines": 1, "excluded_lines": 0, "num_branches": 6, "num_partial_branches": 1, "covered_branches": 5, "missing_branches": 1}, "missing_lines": [489], "excluded_lines": [], "executed_branches": [[452, 453], [452, 459], [488, 490], [514, 515], [514, 530]], "missing_branches": [[488, 489]]}, "create_executive_summary_report": {"executed_lines": [548, 549, 551, 554, 557, 560, 561, 562, 563, 565, 570], "summary": {"covered_lines": 11, "num_statements": 11, "percent_covered": 100.0, "percent_covered_display": "100", "missing_lines": 0, "excluded_lines": 0, "num_branches": 0, "num_partial_branches": 0, "covered_branches": 0, "missing_branches": 0}, "missing_lines": [], "excluded_lines": [], "executed_branches": [], "missing_branches": []}, "aggregate_statistics": {"executed_lines": [588, 590, 591, 594, 595, 597, 598, 599, 600, 603, 605, 606, 608, 609, 611, 613, 614, 617, 618, 620, 621, 624, 625, 626, 627, 628, 629, 630, 631, 633, 634, 639, 642, 643, 644, 652], "summary": {"covered_lines": 36, "num_statements": 36, "percent_covered": 96.15384615384616, "percent_covered_display": "96", "missing_lines": 0, "excluded_lines": 0, "num_branches": 16, "num_partial_branches": 2, "covered_branches": 14, "missing_branches": 2}, "missing_lines": [], "excluded_lines": [], "executed_branches": [[603, 605], [603, 642], [605, 606], [605, 608], [617, 618], [617, 620], [620, 621], [620, 624], [624, 603], [624, 625], [626, 627], [630, 631], [642, 643], [642, 652]], "missing_branches": [[626, 603], [630, 603]]}, "run_aggregation": {"executed_lines": [675, 677, 680, 681, 682, 689, 691, 697, 698, 699, 701, 702, 708, 714, 715, 716, 719, 722, 723, 724, 727, 728, 729, 732, 733, 738, 741, 743, 750], "summary": {"covered_lines": 29, "num_statements": 29, "percent_covered": 95.1219512195122, "percent_covered_display": "95", "missing_lines": 0, "excluded_lines": 0, "num_branches": 12, "num_partial_branches": 2, "covered_branches": 10, "missing_branches": 2}, "missing_lines": [], "excluded_lines": [], "executed_branches": [[681, 682], [681, 689], [701, 702], [701, 732], [715, 716], [722, 701], [722, 723], [723, 724], [723, 727], [732, 733]], "missing_branches": [[715, 719], [732, 741]]}, "": {"executed_lines": [1, 11, 12, 13, 15, 16, 17, 18, 19, 20, 21, 22, 23, 25, 29, 30, 31, 46, 47, 48, 49, 50, 60, 61, 64, 247, 330, 434, 533, 573, 655, 754], "summary": {"covered_lines": 29, "num_statements": 29, "percent_covered": 100.0, "percent_covered_display": "100", "missing_lines": 0, "excluded_lines": 2, "num_branches": 0, "num_partial_branches": 0, "covered_branches": 0, "missing_branches": 0}, "missing_lines": [], "excluded_lines": [25, 26], "executed_branches": [], "missing_branches": []}}, "classes": {"AggregationResult": {"executed_lines": [], "summary": {"covered_lines": 0, "num_statements": 0, "percent_covered": 100.0, "percent_covered_display": "100", "missing_lines": 0, "excluded_lines": 0, "num_branches": 0, "num_partial_branches": 0, "covered_branches": 0, "missing_branches": 0}, "missing_lines": [], "excluded_lines": [], "executed_branches": [], "missing_branches": []}, "": {"executed_lines": [1, 11, 12, 13, 15, 16, 17, 18, 19, 20, 21, 22, 23, 25, 29, 30, 31, 46, 47, 48, 49, 50, 60, 61, 64, 82, 83, 84, 87, 88, 95, 96, 99, 100, 103, 161, 162, 166, 168, 169, 171, 172, 175, 177, 182, 183, 187, 194, 197, 200, 201, 202, 203, 204, 205, 206, 210, 218, 219, 220, 223, 229, 244, 247, 263, 264, 265, 269, 270, 271, 272, 274, 279, 280, 282, 283, 288, 295, 296, 298, 305, 307, 310, 311, 313, 314, 315, 318, 320, 321, 322, 325, 327, 330, 351, 352, 355, 356, 357, 358, 359, 360, 363, 365, 372, 380, 381, 388, 389, 392, 394, 395, 397, 398, 401, 403, 404, 406, 413, 414, 415, 416, 417, 418, 423, 424, 429, 431, 434, 449, 450, 452, 453, 457, 459, 461, 472, 473, 480, 483, 488, 490, 499, 506, 507, 513, 514, 515, 516, 521, 530, 533, 548, 549, 551, 554, 557, 560, 561, 562, 563, 565, 570, 573, 588, 590, 591, 594, 595, 597, 598, 599, 600, 603, 605, 606, 608, 609, 611, 613, 614, 617, 618, 620, 621, 624, 625, 626, 627, 628, 629, 630, 631, 633, 634, 639, 642, 643, 644, 652, 655, 675, 677, 680, 681, 682, 689, 691, 697, 698, 699, 701, 702, 708, 714, 715, 716, 719, 722, 723, 724, 727, 728, 729, 732, 733, 738, 741, 743, 750, 754], "summary": {"covered_lines": 228, "num_statements": 260, "percent_covered": 85.26011560693641, "percent_covered_display": "85", "missing_lines": 32, "excluded_lines": 2, "num_branches": 86, "num_partial_branches": 11, "covered_branches": 67, "missing_branches": 19}, "missing_lines": [104, 108, 110, 112, 113, 114, 119, 121, 122, 124, 125, 129, 137, 144, 145, 147, 153, 154, 158, 188, 189, 211, 212, 222, 230, 231, 232, 236, 237, 238, 242, 489], "excluded_lines": [25, 26], "executed_branches": [[87, 88], [87, 197], [103, 161], [161, 162], [201, 202], [201, 218], [204, 205], [204, 218], [218, 219], [218, 229], [219, 220], [229, 244], [269, 270], [269, 271], [271, 272], [271, 274], [279, 280], [279, 288], [282, 283], [295, 296], [295, 298], [307, 310], [307, 325], [310, 311], [310, 327], [314, 315], [314, 318], [320, 321], [356, 357], [356, 363], [357, 358], [357, 363], [358, 357], [358, 359], [380, 381], [380, 388], [394, 395], [394, 397], [452, 453], [452, 459], [488, 490], [514, 515], [514, 530], [603, 605], [603, 642], [605, 606], [605, 608], [617, 618], [617, 620], [620, 621], [620, 624], [624, 603], [624, 625], [626, 627], [630, 631], [642, 643], [642, 652], [681, 682], [681, 689], [701, 702], [701, 732], [715, 716], [722, 701], [722, 723], [723, 724], [723, 727], [732, 733]], "missing_branches": [[103, 104], [113, 114], [113, 119], [119, 121], [119, 161], [124, 125], [124, 129], [161, 188], [188, 189], [188, 194], [219, 222], [229, 230], [282, 288], [320, 322], [488, 489], [626, 603], [630, 603], [715, 719], [732, 741]]}}}, "src/cve_report_aggregator/core/validation.py": {"executed_lines": [1, 8, 10, 11, 13, 17, 18, 27, 30, 31, 33, 40, 41, 42, 43, 44, 45, 48, 54, 55, 61, 70, 71, 75, 76, 82, 90, 91, 97, 105, 106, 112, 128, 129, 130, 133, 134, 135, 136, 139, 140, 141, 142, 145, 146, 152, 167, 170, 171, 172, 174, 175, 177, 184], "summary": {"covered_lines": 50, "num_statements": 52, "percent_covered": 95.1219512195122, "percent_covered_display": "95", "missing_lines": 2, "excluded_lines": 2, "num_branches": 30, "num_partial_branches": 2, "covered_branches": 28, "missing_branches": 2}, "missing_lines": [179, 180], "excluded_lines": [13, 14], "executed_branches": [[43, 44], [43, 45], [54, -48], [54, 55], [70, 71], [70, 75], [75, -61], [75, 76], [90, -82], [90, 91], [105, -97], [105, 106], [133, 134], [133, 135], [135, 136], [135, 139], [139, 140], [139, 141], [141, 142], [145, -112], [145, 146], [170, -152], [170, 171], [171, 172], [171, 174], [174, 175], [174, 177], [177, -152]], "missing_branches": [[141, 145], [177, 179]], "functions": {"MissingToolError.__init__": {"executed_lines": [40, 41, 42, 43, 44, 45], "summary": {"covered_lines": 6, "num_statements": 6, "percent_covered": 100.0, "percent_covered_display": "100", "missing_lines": 0, "excluded_lines": 0, "num_branches": 2, "num_partial_branches": 0, "covered_branches": 2, "missing_branches": 0}, "missing_lines": [], "excluded_lines": [], "executed_branches": [[43, 44], [43, 45]], "missing_branches": []}, "validate_grype_requirements": {"executed_lines": [54, 55], "summary": {"covered_lines": 2, "num_statements": 2, "percent_covered": 100.0, "percent_covered_display": "100", "missing_lines": 0, "excluded_lines": 0, "num_branches": 2, "num_partial_branches": 0, "covered_branches": 2, "missing_branches": 0}, "missing_lines": [], "excluded_lines": [], "executed_branches": [[54, -48], [54, 55]], "missing_branches": []}, "validate_trivy_requirements": {"executed_lines": [70, 71, 75, 76], "summary": {"covered_lines": 4, "num_statements": 4, "percent_covered": 100.0, "percent_covered_display": "100", "missing_lines": 0, "excluded_lines": 0, "num_branches": 4, "num_partial_branches": 0, "covered_branches": 4, "missing_branches": 0}, "missing_lines": [], "excluded_lines": [], "executed_branches": [[70, 71], [70, 75], [75, -61], [75, 76]], "missing_branches": []}, "validate_uds_requirements": {"executed_lines": [90, 91], "summary": {"covered_lines": 2, "num_statements": 2, "percent_covered": 100.0, "percent_covered_display": "100", "missing_lines": 0, "excluded_lines": 0, "num_branches": 2, "num_partial_branches": 0, "covered_branches": 2, "missing_branches": 0}, "missing_lines": [], "excluded_lines": [], "executed_branches": [[90, -82], [90, 91]], "missing_branches": []}, "validate_zarf_requirements": {"executed_lines": [105, 106], "summary": {"covered_lines": 2, "num_statements": 2, "percent_covered": 100.0, "percent_covered_display": "100", "missing_lines": 0, "excluded_lines": 0, "num_branches": 2, "num_partial_branches": 0, "covered_branches": 2, "missing_branches": 0}, "missing_lines": [], "excluded_lines": [], "executed_branches": [[105, -97], [105, 106]], "missing_branches": []}, "validate_scanner_tools": {"executed_lines": [128, 129, 130, 133, 134, 135,
[...]
, 295, 296, 297, 301, 310, 311, 312, 318], "summary": {"covered_lines": 116, "num_statements": 123, "percent_covered": 89.3491124260355, "percent_covered_display": "89", "missing_lines": 7, "excluded_lines": 0, "num_branches": 46, "num_partial_branches": 9, "covered_branches": 35, "missing_branches": 11}, "missing_lines": [124, 170, 291, 292, 302, 306, 307], "excluded_lines": [], "executed_branches": [[80, 81], [80, 83], [89, 90], [89, 93], [95, 96], [95, 98], [112, 113], [112, 126], [118, 119], [118, 120], [120, 121], [123, 126], [162, 163], [162, 165], [168, 169], [168, 221], [169, 175], [195, 196], [195, 203], [206, 207], [212, 213], [221, 222], [221, 227], [262, 263], [262, 295], [267, 268], [267, 272], [272, 273], [282, 283], [295, 296], [295, 310], [296, 297], [301, 310], [310, 311], [310, 318]], "missing_branches": [[120, 123], [123, 124], [169, 170], [206, 212], [212, 218], [272, 282], [282, 262], [296, 301], [301, 302], [306, 307], [306, 310]]}}}, "src/cve_report_aggregator/processing/scanner.py": {"executed_lines": [1, 3, 4, 5, 6, 8, 10, 11, 12, 13, 14, 15, 17, 20, 27, 46, 49, 50, 51, 52, 53, 56, 57, 59, 61, 64, 65, 68, 69, 71, 72, 74, 75, 79, 80, 87, 88, 89, 90, 91, 92, 94, 95, 96, 107, 108, 109, 111, 112, 118, 119, 129, 130, 131, 133, 134, 135, 136, 137, 138, 142, 143, 148, 150, 156, 159, 179, 180, 181, 184, 185, 186, 187, 188, 191, 192, 195, 197, 205, 207, 210, 212, 213, 214, 215, 238, 239, 246, 256, 257, 258, 263, 273, 276, 277, 278, 279, 280, 281, 282, 285, 286, 292, 302, 303, 304, 309, 319, 322, 323, 324, 325, 326, 327, 328, 330, 333, 357, 358, 361], "summary": {"covered_lines": 119, "num_statements": 142, "percent_covered": 80.37383177570094, "percent_covered_display": "80", "missing_lines": 23, "excluded_lines": 0, "num_branches": 72, "num_partial_branches": 15, "covered_branches": 53, "missing_branches": 19}, "missing_lines": [22, 24, 62, 81, 100, 101, 144, 151, 198, 199, 203, 218, 219, 224, 225, 229, 230, 231, 235, 240, 259, 287, 305], "excluded_lines": [], "executed_branches": [[50, 51], [50, 56], [59, 61], [59, 87], [61, 64], [68, 69], [68, 71], [71, 72], [71, 74], [74, 59], [74, 75], [80, 59], [87, 88], [87, 107], [94, 87], [94, 95], [107, 108], [107, 156], [111, 112], [111, 118], [129, 130], [129, 156], [133, 134], [133, 137], [137, 138], [143, 129], [150, 156], [185, 186], [185, 191], [195, 197], [195, 238], [197, 205], [212, 213], [212, 214], [214, 215], [238, 239], [238, 285], [239, 246], [257, 258], [258, 263], [276, 277], [276, 285], [278, 279], [285, 286], [285, 330], [286, 292], [303, 304], [304, 309], [322, 323], [322, 330], [324, 325], [357, 358], [357, 361]], "missing_branches": [[61, 62], [80, 81], [137, 129], [143, 144], [150, 151], [197, 198], [198, 199], [198, 203], [214, 218], [218, 195], [218, 219], [239, 240], [257, 285], [258, 259], [278, 276], [286, 287], [303, 330], [304, 305], [324, 322]], "functions": {"_get_pipeline_processor": {"executed_lines": [], "summary": {"covered_lines": 0, "num_statements": 2, "percent_covered": 0.0, "percent_covered_display": "0", "missing_lines": 2, "excluded_lines": 0, "num_branches": 0, "num_partial_branches": 0, "covered_branches": 0, "missing_branches": 0}, "missing_lines": [22, 24], "excluded_lines": [], "executed_branches": [], "missing_branches": []}, "process_grype_reports": {"executed_lines": [46, 49, 50, 51, 52, 53, 56, 57, 59, 61, 64, 65, 68, 69, 71, 72, 74, 75, 79, 80, 87, 88, 89, 90, 91, 92, 94, 95, 96, 107, 108, 109, 111, 112, 118, 119, 129, 130, 131, 133, 134, 135, 136, 137, 138, 142, 143, 148, 150, 156], "summary": {"covered_lines": 50, "num_statements": 56, "percent_covered": 87.5, "percent_covered_display": "88", "missing_lines": 6, "excluded_lines": 0, "num_branches": 32, "num_partial_branches": 5, "covered_branches": 27, "missing_branches": 5}, "missing_lines": [62, 81, 100, 101, 144, 151], "excluded_lines": [], "executed_branches": [[50, 51], [50, 56], [59, 61], [59, 87], [61, 64], [68, 69], [68, 71], [71, 72], [71, 74], [74, 59], [74, 75], [80, 59], [87, 88], [87, 107], [94, 87], [94, 95], [107, 108], [107, 156], [111, 112], [111, 118], [129, 130], [129, 156], [133, 134], [133, 137], [137, 138], [143, 129], [150, 156]], "missing_branches": [[61, 62], [80, 81], [137, 129], [143, 144], [150, 151]]}, "process_trivy_reports": {"executed_lines": [179, 180, 181, 184, 185, 186, 187, 188, 191, 192, 195, 197, 205, 207, 210, 212, 213, 214, 215, 238, 239, 246, 256, 257, 258, 263, 273, 276, 277, 278, 279, 280, 281, 282, 285, 286, 292, 302, 303, 304, 309, 319, 322, 323, 324, 325, 326, 327, 328, 330], "summary": {"covered_lines": 50, "num_statements": 65, "percent_covered": 71.84466019417475, "percent_covered_display": "72", "missing_lines": 15, "excluded_lines": 0, "num_branches": 38, "num_partial_branches": 10, "covered_branches": 24, "missing_branches": 14}, "missing_lines": [198, 199, 203, 218, 219, 224, 225, 229, 230, 231, 235, 240, 259, 287, 305], "excluded_lines": [], "executed_branches": [[185, 186], [185, 191], [195, 197], [195, 238], [197, 205], [212, 213], [212, 214], [214, 215], [238, 239], [238, 285], [239, 246], [257, 258], [258, 263], [276, 277], [276, 285], [278, 279], [285, 286], [285, 330], [286, 292], [303, 304], [304, 309], [322, 323], [322, 330], [324, 325]], "missing_branches": [[197, 198], [198, 199], [198, 203], [214, 218], [218, 195], [218, 219], [239, 240], [257, 285], [258, 259], [278, 276], [286, 287], [303, 330], [304, 305], [324, 322]]}, "load_reports": {"executed_lines": [357, 358, 361], "summary": {"covered_lines": 3, "num_statements": 3, "percent_covered": 100.0, "percent_covered_display": "100", "missing_lines": 0, "excluded_lines": 0, "num_branches": 2, "num_partial_branches": 0, "covered_branches": 2, "missing_branches": 0}, "missing_lines": [], "excluded_lines": [], "executed_branches": [[357, 358], [357, 361]], "missing_branches": []}, "": {"executed_lines": [1, 3, 4, 5, 6, 8, 10, 11, 12, 13, 14, 15, 17, 20, 27, 159, 333], "summary": {"covered_lines": 16, "num_statements": 16, "percent_covered": 100.0, "percent_covered_display": "100", "missing_lines": 0, "excluded_lines": 0, "num_branches": 0, "num_partial_branches": 0, "covered_branches": 0, "missing_branches": 0}, "missing_lines": [], "excluded_lines": [], "executed_branches": [], "missing_branches": []}}, "classes": {"": {"executed_lines": [1, 3, 4, 5, 6, 8, 10, 11, 12, 13, 14, 15, 17, 20, 27, 46, 49, 50, 51, 52, 53, 56, 57, 59, 61, 64, 65, 68, 69, 71, 72, 74, 75, 79, 80, 87, 88, 89, 90, 91, 92, 94, 95, 96, 107, 108, 109, 111, 112, 118, 119, 129, 130, 131, 133, 134, 135, 136, 137, 138, 142, 143, 148, 150, 156, 159, 179, 180, 181, 184, 185, 186, 187, 188, 191, 192, 195, 197, 205, 207, 210, 212, 213, 214, 215, 238, 239, 246, 256, 257, 258, 263, 273, 276, 277, 278, 279, 280, 281, 282, 285, 286, 292, 302, 303, 304, 309, 319, 322, 323, 324, 325, 326, 327, 328, 330, 333, 357, 358, 361], "summary": {"covered_lines": 119, "num_statements": 142, "percent_covered": 80.37383177570094, "percent_covered_display": "80", "missing_lines": 23, "excluded_lines": 0, "num_branches": 72, "num_partial_branches": 15, "covered_branches": 53, "missing_branches": 19}, "missing_lines": [22, 24, 62, 81, 100, 101, 144, 151, 198, 199, 203, 218, 219, 224, 225, 229, 230, 231, 235, 240, 259, 287, 305], "excluded_lines": [], "executed_branches": [[50, 51], [50, 56], [59, 61], [59, 87], [61, 64], [68, 69], [68, 71], [71, 72], [71, 74], [74, 59], [74, 75], [80, 59], [87, 88], [87, 107], [94, 87], [94, 95], [107, 108], [107, 156], [111, 112], [111, 118], [129, 130], [129, 156], [133, 134], [133, 137], [137, 138], [143, 129], [150, 156], [185, 186], [185, 191], [195, 197], [195, 238], [197, 205], [212, 213], [212, 214], [214, 215], [238, 239], [238, 285], [239, 246], [257, 258], [258, 263], [276, 277], [276, 285], [278, 279], [285, 286], [285, 330], [286, 292], [303, 304], [304, 309], [322, 323], [322, 330], [324, 325], [357, 358], [357, 361]], "missing_branches": [[61, 62], [80, 81], [137, 129], [143, 144], [150, 151], [197, 198], [198, 199], [198, 203], [214, 218], [218, 195], [218, 219], [239, 240], [257, 285], [258, 259], [278, 276], [286, 287], [303, 330], [304, 305], [324, 322]]}}}, "src/cve_report_aggregator/processing/scanner_tools.py": {"executed_lines": [1, 7, 8, 10, 12, 14, 17, 28, 30, 31, 36, 37, 43, 45, 46, 48, 49, 50, 51, 52, 55, 56, 60, 63, 74, 76, 77, 79, 80, 86, 88, 89, 91, 92, 93, 94, 95, 104, 115, 117, 118, 120, 121, 128, 129, 131, 132, 133, 134, 135, 138, 139, 143], "summary": {"covered_lines": 52, "num_statements": 55, "percent_covered": 95.5223880597015, "percent_covered_display": "96", "missing_lines": 3, "excluded_lines": 0, "num_branches": 12, "num_partial_branches": 0, "covered_branches": 12, "missing_branches": 0}, "missing_lines": [96, 97, 101], "excluded_lines": [], "executed_branches": [[30, 31], [30, 36], [45, 46], [45, 48], [76, 77], [76, 79], [88, 89], [88, 91], [117, 118], [117, 120], [128, 129], [128, 131]], "missing_branches": [], "functions": {"convert_to_cyclonedx": {"executed_lines": [28, 30, 31, 36, 37, 43, 45, 46, 48, 49, 50, 51, 52, 55, 56, 60], "summary": {"covered_lines": 16, "num_statements": 16, "percent_covered": 100.0, "percent_covered_display": "100", "missing_lines": 0, "excluded_lines": 0, "num_branches": 4, "num_partial_branches": 0, "covered_branches": 4, "missing_branches": 0}, "missing_lines": [], "excluded_lines": [], "executed_branches": [[30, 31], [30, 36], [45, 46], [45, 48]], "missing_branches": []}, "scan_sbom_with_grype": {"executed_lines": [74, 76, 77, 79, 80, 86, 88, 89, 91, 92, 93, 94, 95], "summary": {"covered_lines": 13, "num_statements": 16, "percent_covered": 85.0, "percent_covered_display": "85", "missing_lines": 3, "excluded_lines": 0, "num_branches": 4, "num_partial_branches": 0, "covered_branches": 4, "missing_branches": 0}, "missing_lines": [96, 97, 101], "excluded_lines": [], "executed_branches": [[76, 77], [76, 79], [88, 89], [88, 91]], "missing_branches": []}, "scan_with_trivy": {"executed_lines": [115, 117, 118, 120, 121, 128, 129, 131, 132, 133, 134, 135, 138, 139, 143], "summary": {"covered_lines": 15, "num_statements": 15, "percent_covered": 100.0, "percent_covered_display": "100", "missing_lines": 0, "excluded_lines": 0, "num_branches": 4, "num_partial_branches": 0, "covered_branches": 4, "missing_branches": 0}, "missing_lines": [], "excluded_lines": [], "executed_branches": [[117, 118], [117, 120], [128, 129], [128, 131]], "missing_branches": []}, "": {"executed_lines": [1, 7, 8, 10, 12, 14, 17, 63, 104], "summary": {"covered_lines": 8, "num_statements": 8, "percent_covered": 100.0, "percent_covered_display": "100", "missing_lines": 0, "excluded_lines": 0, "num_branches": 0, "num_partial_branches": 0, "covered_branches": 0, "missing_branches": 0}, "missing_lines": [], "excluded_lines": [], "executed_branches": [], "missing_branches": []}}, "classes": {"": {"executed_lines": [1, 7, 8, 10, 12, 14, 17, 28, 30, 31, 36, 37, 43, 45, 46, 48, 49, 50, 51, 52, 55, 56, 60, 63, 74, 76, 77, 79, 80, 86, 88, 89, 91, 92, 93, 94, 95, 104, 115, 117, 118, 120, 121, 128, 129, 131, 132, 133, 134, 135, 138, 139, 143], "summary": {"covered_lines": 52, "num_statements": 55, "percent_covered": 95.5223880597015, "percent_covered_display": "96", "missing_lines": 3, "excluded_lines": 0, "num_branches": 12, "num_partial_branches": 0, "covered_branches": 12, "missing_branches": 0}, "missing_lines": [96, 97, 101], "excluded_lines": [], "executed_branches": [[30, 31], [30, 36], [45, 46], [45, 48], [76, 77], [76, 79], [88, 89], [88, 91], [117, 118], [117, 120], [128, 129], [128, 131]], "missing_branches": []}}}, "src/cve_report_aggregator/processing/severity.py": {"executed_lines": [1, 3, 5, 15, 24, 27, 40, 41, 43, 44, 47, 49, 50, 53, 55, 56, 59, 60, 61, 62, 63, 66, 69, 70, 74, 75, 76, 78, 81, 90, 91, 94, 106, 107, 110, 111, 113, 114, 118, 119, 120, 122, 123, 126, 127, 130, 131, 134, 135, 139, 140, 143, 144, 147, 148, 150, 153, 166, 167, 170, 171, 174, 175, 178, 182, 186, 187, 189, 190, 192], "summary": {"covered_lines": 69, "num_statements": 75, "percent_covered": 85.6, "percent_covered_display": "86", "missing_lines": 6, "excluded_lines": 0, "num_branches": 50, "num_partial_branches": 12, "covered_branches": 38, "missing_branches": 12}, "missing_lines": [51, 71, 115, 136, 179, 183], "excluded_lines": [], "executed_branches": [[43, 44], [43, 47], [47, 49], [47, 66], [49, 50], [49, 78], [50, 53], [55, 56], [55, 59], [60, 61], [62, 63], [66, 69], [69, 70], [69, 78], [70, 74], [75, 76], [106, 107], [106, 110], [110, 111], [110, 130], [113, 114], [113, 126], [114, 118], [119, 120], [122, 113], [122, 123], [130, 131], [134, 135], [134, 147], [135, 139], [143, 134], [143, 144], [166, 167], [166, 170], [174, 175], [174, 178], [178, 182], [182, 186]], "missing_branches": [[50, 51], [60, 49], [62, 49], [66, 78], [70, 71], [75, 69], [114, 115], [119, 113], [130, 150], [135, 136], [178, 179], [182, 183]], "functions": {"get_severity_rank": {"executed_lines": [24], "summary": {"covered_lines": 1, "num_statements": 1, "percent_covered": 100.0, "percent_covered_display": "100", "missing_lines": 0, "excluded_lines": 0, "num_branches": 0, "num_partial_branches": 0, "covered_branches": 0, "missing_branches": 0}, "missing_lines": [], "excluded_lines": [], "executed_branches": [], "missing_branches": []}, "extract_cvss3_scores": {"executed_lines": [40, 41, 43, 44, 47, 49, 50, 53, 55, 56, 59, 60, 61, 62, 63, 66, 69, 70, 74, 75, 76, 78], "summary": {"covered_lines": 22, "num_statements": 24, "percent_covered": 82.6086956521739, "percent_covered_display": "83", "missing_lines": 2, "excluded_lines": 0, "num_branches": 22, "num_partial_branches": 6, "covered_branches": 16, "missing_branches": 6}, "missing_lines": [51, 71], "excluded_lines": [], "executed_branches": [[43, 44], [43, 47], [47, 49], [47, 66], [49, 50], [49, 78], [50, 53], [55, 56], [55, 59], [60, 61], [62, 63], [66, 69], [69, 70], [69, 78], [70, 74], [75, 76]], "missing_branches": [[50, 51], [60, 49], [62, 49], [66, 78], [70, 71], [75, 69]]}, "get_highest_cvss3_score": {"executed_lines": [90, 91], "summary": {"covered_lines": 2, "num_statements": 2, "percent_covered": 100.0, "percent_covered_display": "100", "missing_lines": 0, "excluded_lines": 0, "num_branches": 0, "num_partial_branches": 0, "covered_branches": 0, "missing_branches": 0}, "missing_lines": [], "excluded_lines": [], "executed_branches": [], "missing_branches": []}, "filter_null_cvss_scores": {"executed_lines": [106, 107, 110, 111, 113, 114, 118, 119, 120, 122, 123, 126, 127, 130, 131, 134, 135, 139, 140, 143, 144, 147, 148, 150], "summary": {"covered_lines": 24, "num_statements": 26, "percent_covered": 86.95652173913044, "percent_covered_display": "87", "missing_lines": 2, "excluded_lines": 0, "num_branches": 20, "num_partial_branches": 4, "covered_branches": 16, "missing_branches": 4}, "missing_lines": [115, 136], "excluded_lines": [], "executed_branches": [[106, 107], [106, 110], [110, 111], [110, 130], [113, 114], [113, 126], [114, 118], [119, 120], [122, 113], [122, 123], [130, 131], [134, 135], [134, 147], [135, 139], [143, 134], [143, 144]], "missing_branches": [[114, 115], [119, 113], [130, 150], [135, 136]]}, "select_highest_severity": {"executed_lines": [166, 167, 170, 171, 174, 175, 178, 182, 186, 187, 189, 190, 192], "summary": {"covered_lines": 13, "num_statements": 15, "percent_covered": 82.6086956521739, "percent_covered_display": "83", "missing_lines": 2, "excluded_lines": 0, "num_branches": 8, "num_partial_branches": 2, "covered_branches": 6, "missing_branches": 2}, "missing_lines": [179, 183], "excluded_lines": [], "executed_branches": [[166, 167], [166, 170], [174, 175], [174, 178], [178, 182], [182, 186]], "missing_branches": [[178, 179], [182, 183]]}, "": {"executed_lines": [1, 3, 5, 15, 27, 81, 94, 153], "summary": {"covered_lines": 7, "num_statements": 7, "percent_covered": 100.0, "percent_covered_display": "100", "missing_lines": 0, "excluded_lines": 0, "num_branches": 0, "num_partial_branches": 0, "covered_branches": 0, "missing_branches": 0}, "missing_lines": [], "excluded_lines": [], "executed_branches": [], "missing_branches": []}}, "classes": {"": {"executed_lines": [1, 3, 5, 15, 24, 27, 40, 41, 43, 44, 47, 49, 50, 53, 55, 56, 59, 60, 61, 62, 63, 66, 69, 70, 74, 75, 76, 78, 81, 90, 91, 94, 106, 107, 110, 111, 113, 114, 118, 119, 120, 122, 123, 126, 127, 130, 131, 134, 135, 139, 140, 143, 144, 147, 148, 150, 153, 166, 167, 170, 171, 174, 175, 178, 182, 186, 187, 189, 190, 192], "summary": {"covered_lines": 69, "num_statements": 75, "percent_covered": 85.6, "percent_covered_display": "86", "missing_lines": 6, "excluded_lines": 0, "num_branches": 50, "num_partial_branches": 12, "covered_branches": 38, "missing_branches": 12}, "missing_lines": [51, 71, 115, 136, 179, 183], "excluded_lines": [], "executed_branches": [[43, 44], [43, 47], [47, 49], [47, 66], [49, 50], [49, 78], [50, 53], [55, 56], [55, 59], [60, 61], [62, 63], [66, 69], [69, 70], [69, 78], [70, 74], [75, 76], [106, 107], [106, 110], [110, 111], [110, 130], [113, 114], [113, 126], [114, 118], [119, 120], [122, 113], [122, 123], [130, 131], [134, 135], [134, 147], [135, 139], [143, 134], [143, 144], [166, 167], [166, 170], [174, 175], [174, 178], [178, 182], [182, 186]], "missing_branches": [[50, 51], [60, 49], [62, 49], [66, 78], [70, 71], [75, 69], [114, 115], [119, 113], [130, 150], [135, 136], [178, 179], [182, 183]]}}}, "src/cve_report_aggregator/utils.py": {"executed_lines": [1, 3, 5, 8, 17, 18, 24, 25, 26, 29, 38, 39, 47, 52, 53, 54, 55, 58, 60, 65, 69], "summary": {"covered_lines": 20, "num_statements": 20, "percent_covered": 100.0, "percent_covered_display": "100", "missing_lines": 0, "excluded_lines": 0, "num_branches": 4, "num_partial_branches": 0, "covered_branches": 4, "missing_branches": 0}, "missing_lines": [], "excluded_lines": [], "executed_branches": [[52, 53], [52, 58], [53, 52], [53, 54]], "missing_branches": [], "functions": {"check_command_exists": {"executed_lines": [17, 18, 24, 25, 26], "summary": {"covered_lines": 5, "num_statements": 5, "percent_covered": 100.0, "percent_covered_display": "100", "missing_lines": 0, "excluded_lines": 0, "num_branches": 0, "num_partial_branches": 0, "covered_branches": 0, "missing_branches": 0}, "missing_lines": [], "excluded_lines": [], "executed_branches": [], "missing_branches": []}, "get_scanner_version": {"executed_lines": [38, 39, 47, 52, 53, 54, 55, 58, 60, 65], "summary": {"covered_lines": 10, "num_statements": 10, "percent_covered": 100.0, "percent_covered_display": "100", "missing_lines": 0, "excluded_lines": 0, "num_branches": 4, "num_partial_branches": 0, "covered_branches": 4, "missing_branches": 0}, "missing_lines": [], "excluded_lines": [], "executed_branches": [[52, 53], [52, 58], [53, 52], [53, 54]], "missing_branches": []}, "": {"executed_lines": [1, 3, 5, 8, 29, 69], "summary": {"covered_lines": 5, "num_statements": 5, "percent_covered": 100.0, "percent_covered_display": "100", "missing_lines": 0, "excluded_lines": 0, "num_branches": 0, "num_partial_branches": 0, "covered_branches": 0, "missing_branches": 0}, "missing_lines": [], "excluded_lines": [], "executed_branches": [], "missing_branches": []}}, "classes": {"": {"executed_lines": [1, 3, 5, 8, 17, 18, 24, 25, 26, 29, 38, 39, 47, 52, 53, 54, 55, 58, 60, 65, 69], "summary": {"covered_lines": 20, "num_statements": 20, "percent_covered": 100.0, "percent_covered_display": "100", "missing_lines": 0, "excluded_lines": 0, "num_branches": 4, "num_partial_branches": 0, "covered_branches": 4, "missing_branches": 0}, "missing_lines": [], "excluded_lines": [], "executed_branches": [[52, 53], [52, 58], [53, 52], [53, 54]], "missing_branches": []}}}}, "totals": {"covered_lines": 2162, "num_statements": 4165, "percent_covered": 52.43925060285661, "percent_covered_display": "52", "missing_lines": 2003, "excluded_lines": 91, "num_branches": 1226, "num_partial_branches": 113, "covered_branches": 665, "missing_branches": 561}}