{"meta": {"format": 3, "version": "7.11.0", "timestamp": "2025-11-02T13:06:10.293031", "branch_coverage": true, "show_contexts": false}, "files": {"src/cve_report_aggregator/__main__.py": {"executed_lines": [1, 3, 5, 8, 11, 12, 13, 16], "summary": {"covered_lines": 6, "num_statements": 6, "percent_covered": 100.0, "percent_covered_display": "100", "missing_lines": 0, "excluded_lines": 2, "num_branches": 2, "num_partial_branches": 0, "covered_branches": 2, "missing_branches": 0}, "missing_lines": [], "excluded_lines": [16, 17], "executed_branches": [[11, 12], [11, 13]], "missing_branches": [], "functions": {"run": {"executed_lines": [11, 12, 13], "summary": {"covered_lines": 3, "num_statements": 3, "percent_covered": 100.0, "percent_covered_display": "100", "missing_lines": 0, "excluded_lines": 0, "num_branches": 2, "num_partial_branches": 0, "covered_branches": 2, "missing_branches": 0}, "missing_lines": [], "excluded_lines": [], "executed_branches": [[11, 12], [11, 13]], "missing_branches": []}, "": {"executed_lines": [1, 3, 5, 8, 16], "summary": {"covered_lines": 3, "num_statements": 3, "percent_covered": 100.0, "percent_covered_display": "100", "missing_lines": 0, "excluded_lines": 2, "num_branches": 0, "num_partial_branches": 0, "covered_branches": 0, "missing_branches": 0}, "missing_lines": [], "excluded_lines": [16, 17], "executed_branches": [], "missing_branches": []}}, "classes": {"": {"executed_lines": [1, 3, 5, 8, 11, 12, 13, 16], "summary": {"covered_lines": 6, "num_statements": 6, "percent_covered": 100.0, "percent_covered_display": "100", "missing_lines": 0, "excluded_lines": 2, "num_branches": 2, "num_partial_branches": 0, "covered_branches": 2, "missing_branches": 0}, "missing_lines": [], "excluded_lines": [16, 17], "executed_branches": [[11, 12], [11, 13]], "missing_branches": []}}}, "src/cve_report_aggregator/cli.py": {"executed_lines": [1, 3, 4, 5, 7, 8, 9, 10, 11, 12, 13, 14, 16, 17, 18, 19, 20, 21, 22, 25, 26, 27, 28, 29, 30, 31, 32, 33, 66, 69, 71, 72, 73, 75, 78, 86, 92, 93, 101, 104, 110, 111, 119, 122, 128, 129, 137, 140, 146, 152, 164, 166, 168, 169, 170, 171, 172, 174, 184, 185, 187, 188, 190, 191, 193, 194, 196, 204, 207, 230, 239, 240, 242, 243, 244, 245, 246, 247, 250, 251, 252, 253, 254, 258, 260, 261, 264, 273, 274, 275, 278, 288, 290, 291, 292, 293, 294, 295, 298, 299, 301, 307, 308, 311, 315, 323, 331, 339, 345, 353, 361, 377, 383, 390, 397, 404, 411, 422, 427, 485, 486, 487, 488, 489, 490, 492, 493, 494, 495, 496, 497, 500, 501, 503, 505, 507, 511, 515, 516, 517, 518, 519, 520, 521, 522, 523, 529, 532, 535, 536, 537, 538, 541, 542, 549, 550, 551, 552, 554, 557, 558, 559, 560, 561, 562, 568, 576, 579, 582, 583, 584, 585, 588, 590, 595, 601, 603, 605, 606, 608, 609, 613, 632, 635, 636, 639, 642, 654], "summary": {"covered_lines": 186, "num_statements": 208, "percent_covered": 86.53846153846153, "percent_covered_display": "87", "missing_lines": 22, "excluded_lines": 2, "num_branches": 52, "num_partial_branches": 11, "covered_branches": 39, "missing_branches": 13}, "missing_lines": [491, 502, 504, 506, 508, 512, 524, 525, 526, 563, 564, 565, 569, 614, 615, 619, 620, 621, 625, 626, 628, 629], "excluded_lines": [654, 655], "executed_branches": [[166, 168], [166, 184], [170, 171], [190, 191], [193, 194], [250, 251], [250, 260], [291, 292], [291, 307], [486, 487], [488, 489], [488, 490], [490, 492], [492, 493], [492, 494], [494, 495], [494, 496], [496, 497], [496, 500], [501, 503], [503, 505], [505, 507], [507, 511], [511, 515], [519, 520], [519, 523], [541, 542], [541, 549], [549, 550], [549, 551], [551, 552], [551, 554], [568, 576], [582, 583], [582, 584], [584, 585], [584, 588], [605, 606], [605, 632]], "missing_branches": [[170, 172], [190, 193], [193, 196], [486, 488], [490, 491], [501, 502], [503, 504], [505, 506], [507, 508], [511, 512], [568, 569], [625, 626], [625, 629]], "functions": {"display_logo": {"executed_lines": [71, 72, 73, 75], "summary": {"covered_lines": 4, "num_statements": 4, "percent_covered": 100.0, "percent_covered_display": "100", "missing_lines": 0, "excluded_lines": 0, "num_branches": 0, "num_partial_branches": 0, "covered_branches": 0, "missing_branches": 0}, "missing_lines": [], "excluded_lines": [], "executed_branches": [], "missing_branches": []}, "display_header": {"executed_lines": [86, 92, 93, 101], "summary": {"covered_lines": 4, "num_statements": 4, "percent_covered": 100.0, "percent_covered_display": "100", "missing_lines": 0, "excluded_lines": 0, "num_branches": 0, "num_partial_branches": 0, "covered_branches": 0, "missing_branches": 0}, "missing_lines": [], "excluded_lines": [], "executed_branches": [], "missing_branches": []}, "display_debug_config": {"executed_lines": [110, 111, 119], "summary": {"covered_lines": 3, "num_statements": 3, "percent_covered": 100.0, "percent_covered_display": "100", "missing_lines": 0, "excluded_lines": 0, "num_branches": 0, "num_partial_branches": 0, "covered_branches": 0, "missing_branches": 0}, "missing_lines": [], "excluded_lines": [], "executed_branches": [], "missing_branches": []}, "display_critical_locals": {"executed_lines": [128, 129, 137], "summary": {"covered_lines": 3, "num_statements": 3, "percent_covered": 100.0, "percent_covered_display": "100", "missing_lines": 0, "excluded_lines": 0, "num_branches": 0, "num_partial_branches": 0, "covered_branches": 0, "missing_branches": 0}, "missing_lines": [], "excluded_lines": [], "executed_branches": [], "missing_branches": []}, "display_validation_error": {"executed_lines": [146], "summary": {"covered_lines": 1, "num_statements": 1, "percent_covered": 100.0, "percent_covered_display": "100", "missing_lines": 0, "excluded_lines": 0, "num_branches": 0, "num_partial_branches": 0, "covered_branches": 0, "missing_branches": 0}, "missing_lines": [], "excluded_lines": [], "executed_branches": [], "missing_branches": []}, "display_success_summary": {"executed_lines": [164, 166, 168, 169, 170, 171, 172, 174, 184, 185, 187, 188, 190, 191, 193, 194, 196, 204], "summary": {"covered_lines": 18, "num_statements": 18, "percent_covered": 88.46153846153847, "percent_covered_display": "88", "missing_lines": 0, "excluded_lines": 0, "num_branches": 8, "num_partial_branches": 3, "covered_branches": 5, "missing_branches": 3}, "missing_lines": [], "excluded_lines": [], "executed_branches": [[166, 168], [166, 184], [170, 171], [190, 191], [193, 194]], "missing_branches": [[170, 172], [190, 193], [193, 196]]}, "display_statistics": {"executed_lines": [230, 239, 240, 242, 243, 244, 245, 246, 247, 250, 251, 252, 253, 254, 258, 260, 261, 264, 273, 274, 275, 278, 288, 290, 291, 292, 293, 294, 295, 298, 299, 301, 307, 308], "summary": {"covered_lines": 34, "num_statements": 34, "percent_covered": 100.0, "percent_covered_display": "100", "missing_lines": 0, "excluded_lines": 0, "num_branches": 4, "num_partial_branches": 0, "covered_branches": 4, "missing_branches": 0}, "missing_lines": [], "excluded_lines": [], "executed_branches": [[250, 251], [250, 260], [291, 292], [291, 307]], "missing_branches": []}, "main": {"executed_lines": [485, 486, 487, 488, 489, 490, 492, 493, 494, 495, 496, 497, 500, 501, 503, 505, 507, 511, 515, 516, 517, 518, 519, 520, 521, 522, 523, 529, 532, 535, 536, 537, 538, 541, 542, 549, 550, 551, 552, 554, 557, 558, 559, 560, 561, 562, 568, 576, 579, 582, 583, 584, 585, 588, 590, 595, 601, 603, 605, 606, 608, 609, 613, 632, 635, 636, 639, 642], "summary": {"covered_lines": 68, "num_statements": 90, "percent_covered": 75.38461538461539, "percent_covered_display": "75", "missing_lines": 22, "excluded_lines": 0, "num_branches": 40, "num_partial_branches": 8, "covered_branches": 30, "missing_branches": 10}, "missing_lines": [491, 502, 504, 506, 508, 512, 524, 525, 526, 563, 564, 565, 569, 614, 615, 619, 620, 621, 625, 626, 628, 629], "excluded_lines": [], "executed_branches": [[486, 487], [488, 489], [488, 490], [490, 492], [492, 493], [492, 494], [494, 495], [494, 496], [496, 497], [496, 500], [501, 503], [503, 505], [505, 507], [507, 511], [511, 515], [519, 520], [519, 523], [541, 542], [541, 549], [549, 550], [549, 551], [551, 552], [551, 554], [568, 576], [582, 583], [582, 584], [584, 585], [584, 588], [605, 606], [605, 632]], "missing_branches": [[486, 488], [490, 491], [501, 502], [503, 504], [505, 506], [507, 508], [511, 512], [568, 569], [625, 626], [625, 629]]}, "": {"executed_lines": [1, 3, 4, 5, 7, 8, 9, 10, 11, 12, 13, 14, 16, 17, 18, 19, 20, 21, 22, 25, 26, 27, 28, 29, 30, 31, 32, 33, 66, 69, 78, 104, 122, 140, 152, 207, 311, 315, 323, 331, 339, 345, 353, 361, 377, 383, 390, 397, 404, 411, 422, 427, 654], "summary": {"covered_lines": 51, "num_statements": 51, "percent_covered": 100.0, "percent_covered_display": "100", "missing_lines": 0, "excluded_lines": 2, "num_branches": 0, "num_partial_branches": 0, "covered_branches": 0, "missing_branches": 0}, "missing_lines": [], "excluded_lines": [654, 655], "executed_branches": [], "missing_branches": []}}, "classes": {"": {"executed_lines": [1, 3, 4, 5, 7, 8, 9, 10, 11, 12, 13, 14, 16, 17, 18, 19, 20, 21, 22, 25, 26, 27, 28, 29, 30, 31, 32, 33, 66, 69, 71, 72, 73, 75, 78, 86, 92, 93, 101, 104, 110, 111, 119, 122, 128, 129, 137, 140, 146, 152, 164, 166, 168, 169, 170, 171, 172, 174, 184, 185, 187, 188, 190, 191, 193, 194, 196, 204, 207, 230, 239, 240, 242, 243, 244, 245, 246, 247, 250, 251, 252, 253, 254, 258, 260, 261, 264, 273, 274, 275, 278, 288, 290, 291, 292, 293, 294, 295, 298, 299, 301, 307, 308, 311, 315, 323, 331, 339, 345, 353, 361, 377, 383, 390, 397, 404, 411, 422, 427, 485, 486, 487, 488, 489, 490, 492, 493, 494, 495, 496, 497, 500, 501, 503, 505, 507, 511, 515, 516, 517, 518, 519, 520, 521, 522, 523, 529, 532, 535, 536, 537, 538, 541, 542, 549, 550, 551, 552, 554, 557, 558, 559, 560, 561, 562, 568, 576, 579, 582, 583, 584, 585, 588, 590, 595, 601, 603, 605, 606, 608, 609, 613, 632, 635, 636, 639, 642, 654], "summary": {"covered_lines": 186, "num_statements": 208, "percent_covered": 86.53846153846153, "percent_covered_display": "87", "missing_lines": 22, "excluded_lines": 2, "num_branches": 52, "num_partial_branches": 11, "covered_branches": 39, "missing_branches": 13}, "missing_lines": [491, 502, 504, 506, 508, 512, 524, 525, 526, 563, 564, 565, 569, 614, 615, 619, 620, 621, 625, 626, 628, 629], "excluded_lines": [654, 655], "executed_branches": [[166, 168], [166, 184], [170, 171], [190, 191], [193, 194], [250, 251], [250, 260], [291, 292], [291, 307], [486, 487], [488, 489], [488, 490], [490, 492], [492, 493], [492, 494], [494, 495], [494, 496], [496, 497], [496, 500], [501, 503], [503, 505], [505, 507], [507, 511], [511, 515], [519, 520], [519, 523], [541, 542], [541, 549], [549, 550], [549, 551], [551, 552], [551, 554], [568, 576], [582, 583], [582, 584], [584, 585], [584, 588], [605, 606], [605, 632]], "missing_branches": [[170, 172], [190, 193], [193, 196], [486, 488], [490, 491], [501, 502], [503, 504], [505, 506], [507, 508], [511, 512], [568, 569], [625, 626], [625, 629]]}}}, "src/cve_report_aggregator/context.py": {"executed_lines": [1, 19, 21, 23, 24, 26, 32, 33, 56, 68, 71, 78, 80, 99, 101, 118, 120, 121, 122, 123, 124, 128], "summary": {"covered_lines": 19, "num_statements": 19, "percent_covered": 100.0, "percent_covered_display": "100", "missing_lines": 0, "excluded_lines": 3, "num_branches": 4, "num_partial_branches": 0, "covered_branches": 4, "missing_branches": 0}, "missing_lines": [], "excluded_lines": [26, 27, 29], "executed_branches": [[121, 122], [121, 124], [122, 121], [122, 123]], "missing_branches": [], "functions": {"AppContext.__init__": {"executed_lines": [68, 71, 78], "summary": {"covered_lines": 3, "num_statements": 3, "percent_covered": 100.0, "percent_covered_display": "100", "missing_lines": 0, "excluded_lines": 0, "num_branches": 0, "num_partial_branches": 0, "covered_branches": 0, "missing_branches": 0}, "missing_lines": [], "excluded_lines": [], "executed_branches": [], "missing_branches": []}, "AppContext.get_logger": {"executed_lines": [99], "summary": {"covered_lines": 1, "num_statements": 1, "percent_covered": 100.0, "percent_covered_display": "100", "missing_lines": 0, "excluded_lines": 0, "num_branches": 0, "num_partial_branches": 0, "covered_branches": 0, "missing_branches": 0}, "missing_lines": [], "excluded_lines": [], "executed_branches": [], "missing_branches": []}, "AppContext.with_config": {"executed_lines": [118, 120, 121, 122, 123, 124], "summary": {"covered_lines": 6, "num_statements": 6, "percent_covered": 100.0, "percent_covered_display": "100", "missing_lines": 0, "excluded_lines": 0, "num_branches": 4, "num_partial_branches": 0, "covered_branches": 4, "missing_branches": 0}, "missing_lines": [], "excluded_lines": [], "executed_branches": [[121, 122], [121, 124], [122, 121], [122, 123]], "missing_branches": []}, "": {"executed_lines": [1, 19, 21, 23, 24, 26, 32, 33, 56, 80, 101, 128], "summary": {"covered_lines": 9, "num_statements": 9, "percent_covered": 100.0, "percent_covered_display": "100", "missing_lines": 0, "excluded_lines": 3, "num_branches": 0, "num_partial_branches": 0, "covered_branches": 0, "missing_branches": 0}, "missing_lines": [], "excluded_lines": [26, 27, 29], "executed_branches": [], "missing_branches": []}}, "classes": {"AppContext": {"executed_lines": [68, 71, 78, 99, 118, 120, 121, 122, 123, 124], "summary": {"covered_lines": 10, "num_statements": 10, "percent_covered": 100.0, "percent_covered_display": "100", "missing_lines": 0, "excluded_lines": 0, "num_branches": 4, "num_partial_branches": 0, "covered_branches": 4, "missing_branches": 0}, "missing_lines": [], "excluded_lines": [], "executed_branches": [[121, 122], [121, 124], [122, 121], [122, 123]], "missing_branches": []}, "": {"executed_lines": [1, 19, 21, 23, 24, 26, 32, 33, 56, 80, 101, 128], "summary": {"covered_lines": 9, "num_statements": 9, "percent_covered": 100.0, "percent_covered_display": "100", "missing_lines": 0, "excluded_lines": 3, "num_branches": 0, "num_partial_branches": 0, "covered_branches": 0, "missing_branches": 0}, "missing_lines": [], "excluded_lines": [26, 27, 29], "executed_branches": [], "missing_branches": []}}}, "src/cve_report_aggregator/core/config.py": {"executed_lines": [1, 19, 21, 22, 23, 24, 25, 26, 28, 29, 31, 32, 35, 36, 59, 60, 61, 62, 63, 64, 65, 66, 67, 68, 69, 70, 73, 78, 89, 90, 110, 118, 119, 130, 131, 134, 135, 138, 139, 143, 148, 149, 151, 153, 154, 155, 169, 170, 174, 175, 176, 186, 187, 188, 189, 190, 191, 195, 204, 220, 256, 259, 261, 262, 272, 274, 277, 279, 282, 320, 321, 334, 335, 338, 355, 356, 359, 378, 379, 383, 386, 397, 400, 416, 417, 420, 421, 447, 448, 449, 450, 451, 453, 454, 461], "summary": {"covered_lines": 93, "num_statements": 96, "percent_covered": 94.91525423728814, "percent_covered_display": "95", "missing_lines": 3, "excluded_lines": 0, "num_branches": 22, "num_partial_branches": 3, "covered_branches": 19, "missing_branches": 3}, "missing_lines": [144, 172, 193], "excluded_lines": [], "executed_branches": [[130, 131], [130, 134], [134, 135], [134, 138], [138, 139], [138, 143], [143, 148], [148, 149], [148, 151], [169, 170], [186, 187], [186, 188], [188, 189], [188, 190], [190, 191], [259, 261], [259, 277], [378, 379], [378, 383]], "missing_branches": [[143, 144], [169, 172], [190, 193]], "functions": {"AggregatorSettings.settings_customise_sources": {"executed_lines": [110], "summary": {"covered_lines": 1, "num_statements": 1, "percent_covered": 100.0, "percent_covered_display": "100", "missing_lines": 0, "excluded_lines": 0, "num_branches": 0, "num_partial_branches": 0, "covered_branches": 0, "missing_branches": 0}, "missing_lines": [], "excluded_lines": [], "executed_branches": [], "missing_branches": []}, "AggregatorSettings.set_dynamic_defaults": {"executed_lines": [130, 131, 134, 135, 138, 139, 143, 148, 149, 151], "summary": {"covered_lines": 10, "num_statements": 11, "percent_covered": 90.47619047619048, "percent_covered_display": "90", "missing_lines": 1, "excluded_lines": 0, "num_branches": 10, "num_partial_branches": 1, "covered_branches": 9, "missing_branches": 1}, "missing_lines": [144], "excluded_lines": [], "executed_branches": [[130, 131], [130, 134], [134, 135], [134, 138], [138, 139], [138, 143], [143, 148], [148, 149], [148, 151]], "missing_branches": [[143, 144]]}, "AggregatorSettings.normalize_log_level": {"executed_lines": [169, 170], "summary": {"covered_lines": 2, "num_statements": 3, "percent_covered": 60.0, "percent_covered_display": "60", "missing_lines": 1, "excluded_lines": 0, "num_branches": 2, "num_partial_branches": 1, "covered_branches": 1, "missing_branches": 1}, "missing_lines": [172], "excluded_lines": [], "executed_branches": [[169, 170]], "missing_branches": [[169, 172]]}, "AggregatorSettings.convert_str_to_path": {"executed_lines": [186, 187, 188, 189, 190, 191], "summary": {"covered_lines": 6, "num_statements": 7, "percent_covered": 84.61538461538461, "percent_covered_display": "85", "missing_lines": 1, "excluded_lines": 0, "num_branches": 6, "num_partial_branches": 1, "covered_branches": 5, "missing_branches": 1}, "missing_lines": [193], "excluded_lines": [], "executed_branches": [[186, 187], [186, 188], [188, 189], [188, 190], [190, 191]], "missing_branches": [[190, 193]]}, "AggregatorSettings.to_aggregator_config": {"executed_lines": [204], "summary": {"covered_lines": 1, "num_statements": 1, "percent_covered": 100.0, "percent_covered_display": "100", "missing_lines": 0, "excluded_lines": 0, "num_branches": 0, "num_partial_branches": 0, "covered_branches": 0, "missing_branches": 0}, "missing_lines": [], "excluded_lines": [], "executed_branches": [], "missing_branches": []}, "load_settings": {"executed_lines": [256, 259, 261, 262, 272, 274, 277, 279], "summary": {"covered_lines": 8, "num_statements": 8, "percent_covered": 100.0, "percent_covered_display": "100", "missing_lines": 0, "excluded_lines": 0, "num_branches": 2, "num_partial_branches": 0, "covered_branches": 2, "missing_branches": 0}, "missing_lines": [], "excluded_lines": [], "executed_branches": [[259, 261], [259, 277]], "missing_branches": []}, "get_config": {"executed_lines": [320, 321], "summary": {"covered_lines": 2, "num_statements": 2, "percent_covered": 100.0, "percent_covered_display": "100", "missing_lines": 0, "excluded_lines": 0, "num_branches": 0, "num_partial_branches": 0, "covered_branches": 0, "missing_branches": 0}, "missing_lines": [], "excluded_lines": [], "executed_branches": [], "missing_branches": []}, "set_config": {"executed_lines": [355, 356], "summary": {"covered_lines": 2, "num_statements": 2, "percent_covered": 100.0, "percent_covered_display": "100", "missing_lines": 0, "excluded_lines": 0, "num_branches": 0, "num_partial_branches": 0, "covered_branches": 0, "missing_branches": 0}, "missing_lines": [], "excluded_lines": [], "executed_branches": [], "missing_branches": []}, "get_current_config": {"executed_lines": [378, 379, 383], "summary": {"covered_lines": 3, "num_statements": 3, "percent_covered": 100.0, "percent_covered_display": "100", "missing_lines": 0, "excluded_lines": 0, "num_branches": 2, "num_partial_branches": 0, "covered_branches": 2, "missing_branches": 0}, "missing_lines": [], "excluded_lines": [], "executed_branches": [[378, 379], [378, 383]], "missing_branches": []}, "is_config_initialized": {"executed_lines": [397], "summary": {"covered_lines": 1, "num_statements": 1, "percent_covered": 100.0, "percent_covered_display": "100", "missing_lines": 0, "excluded_lines": 0, "num_branches": 0, "num_partial_branches": 0, "covered_branches": 0, "missing_branches": 0}, "missing_lines": [], "excluded_lines": [], "executed_branches": [], "missing_branches": []}, "reset_config": {"executed_lines": [416, 417], "summary": {"covered_lines": 2, "num_statements": 2, "percent_covered": 100.0, "percent_covered_display": "100", "missing_lines": 0, "excluded_lines": 0, "num_branches": 0, "num_partial_branches": 0, "covered_branches": 0, "missing_branches": 0}, "missing_lines": [], "excluded_lines": [], "executed_branches": [], "missing_branches": []}, "config_context": {"executed_lines": [447, 448, 449, 450, 451, 453, 454], "summary": {"covered_lines": 7, "num_statements": 7, "percent_covered": 100.0, "percent_covered_display": "100", "missing_lines": 0, "excluded_lines": 0, "num_branches": 0, "num_partial_branches": 0, "covered_branches": 0, "missing_branches": 0}, "missing_lines": [], "excluded_lines": [], "executed_branches": [], "missing_branches": []}, "": {"executed_lines": [1, 19, 21, 22, 23, 24, 25, 26, 28, 29, 31, 32, 35, 36, 59, 60, 61, 62, 63, 64, 65, 66, 67, 68, 69, 70, 73, 78, 89, 90, 118, 119, 153, 154, 155, 174, 175, 176, 195, 220, 282, 334, 335, 338, 359, 386, 400, 420, 421, 461], "summary": {"covered_lines": 48, "num_statements": 48, "percent_covered": 100.0, "percent_covered_display": "100", "missing_lines": 0, "excluded_lines": 0, "num_branches": 0, "num_partial_branches": 0, "covered_branches": 0, "missing_branches": 0}, "missing_lines": [], "excluded_lines": [], "executed_branches": [], "missing_branches": []}}, "classes": {"AggregatorSettings": {"executed_lines": [110, 130, 131, 134, 135, 138, 139, 143, 148, 149, 151, 169, 170, 186, 187, 188, 189, 190, 191, 204], "summary": {"covered_lines": 20, "num_statements": 23, "percent_covered": 85.36585365853658, "percent_covered_display": "85", "missing_lines": 3, "excluded_lines": 0, "num_branches": 18, "num_partial_branches": 3, "covered_branches": 15, "missing_branches": 3}, "missing_lines": [144, 172, 193], "excluded_lines": [], "executed_branches": [[130, 131], [130, 134], [134, 135], [134, 138], [138, 139], [138, 143], [143, 148], [148, 149], [148, 151], [169, 170], [186, 187], [186, 188], [188, 189], [188, 190], [190, 191]], "missing_branches": [[143, 144], [169, 172], [190, 193]]}, "load_settings.CustomSettings": {"executed_lines": [], "summary": {"covered_lines": 0, "num_statements": 0, "percent_covered": 100.0, "percent_covered_display": "100", "missing_lines": 0, "excluded_lines": 0, "num_branches": 0, "num_partial_branches": 0, "covered_branches": 0, "missing_branches": 0}, "missing_lines": [], "excluded_lines": [], "executed_branches": [], "missing_branches": []}, "": {"executed_lines": [1, 19, 21, 22, 23, 24, 25, 26, 28, 29, 31, 32, 35, 36, 59, 60, 61, 62, 63, 64, 65, 66, 67, 68, 69, 70, 73, 78, 89, 90, 118, 119, 153, 154, 155, 174, 175, 176, 195, 220, 256, 259, 261, 262, 272, 274, 277, 279, 282, 320, 321, 334, 335, 338, 355, 356, 359, 378, 379, 383, 386, 397, 400, 416, 417, 420, 421, 447, 448, 449, 450, 451, 453, 454, 461], "summary": {"covered_lines": 73, "num_statements": 73, "percent_covered": 100.0, "percent_covered_display": "100", "missing_lines": 0, "excluded_lines": 0, "num_branches": 4, "num_partial_branches": 0, "covered_branches": 4, "missing_branches": 0}, "missing_lines": [], "excluded_lines": [], "executed_branches": [[259, 261], [259, 277], [378, 379], [378, 383]], "missing_branches": []}}}, "src/cve_report_aggregator/core/constants.py": {"executed_lines": [1, 8, 9, 12, 13, 16, 17, 18, 19, 23, 24, 25, 26, 27, 28, 31, 41, 42, 43, 44, 45, 46, 49, 52, 53, 56, 57, 58, 59, 60, 61, 62, 63, 64, 65, 66, 67, 70, 71, 72, 73, 74, 75, 76, 77, 80, 81, 82, 83, 84, 85, 86, 89, 98, 99, 105, 106, 107, 108, 109, 110, 112, 119, 120, 122, 123, 138, 139, 140, 141, 144, 145, 160, 163, 164, 169, 170, 171, 172, 173, 174, 176, 177, 192, 193, 201, 204, 205, 208, 209, 212, 215], "summary": {"covered_lines": 89, "num_statements": 90, "percent_covered": 97.87234042553192, "percent_covered_display": "98", "missing_lines": 1, "excluded_lines": 0, "num_branches": 4, "num_partial_branches": 1, "covered_branches": 3, "missing_branches": 1}, "missing_lines": [142], "excluded_lines": [], "executed_branches": [[139, 140], [140, 139], [140, 141]], "missing_branches": [[139, 142]], "functions": {"LogLevel.__init__": {"executed_lines": [119, 120], "summary": {"covered_lines": 2, "num_statements": 2, "percent_covered": 100.0, "percent_covered_display": "100", "missing_lines": 0, "excluded_lines": 0, "num_branches": 0, "num_partial_branches": 0, "covered_branches": 0, "missing_branches": 0}, "missing_lines": [], "excluded_lines": [], "executed_branches": [], "missing_branches": []}, "LogLevel.from_string": {"executed_lines": [138, 139, 140, 141], "summary": {"covered_lines": 4, "num_statements": 5, "percent_covered": 77.77777777777777, "percent_covered_display": "78", "missing_lines": 1, "excluded_lines": 0, "num_branches": 4, "num_partial_branches": 1, "covered_branches": 3, "missing_branches": 1}, "missing_lines": [142], "excluded_lines": [], "executed_branches": [[139, 140], [140, 139], [140, 141]], "missing_branches": [[139, 142]]}, "LogLevel.to_logging_level": {"executed_lines": [160], "summary": {"covered_lines": 1, "num_statements": 1, "percent_covered": 100.0, "percent_covered_display": "100", "missing_lines": 0, "excluded_lines": 0, "num_branches": 0, "num_partial_branches": 0, "covered_branches": 0, "missing_branches": 0}, "missing_lines": [], "excluded_lines": [], "executed_branches": [], "missing_branches": []}, "SeverityRank.from_string": {"executed_lines": [192, 193], "summary": {"covered_lines": 2, "num_statements": 2, "percent_covered": 100.0, "percent_covered_display": "100", "missing_lines": 0, "excluded_lines": 0, "num_branches": 0, "num_partial_branches": 0, "covered_branches": 0, "missing_branches": 0}, "missing_lines": [], "excluded_lines": [], "executed_branches": [], "missing_branches": []}, "": {"executed_lines": [1, 8, 9, 12, 13, 16, 17, 18, 19, 23, 24, 25, 26, 27, 28, 31, 41, 42, 43, 44, 45, 46, 49, 52, 53, 56, 57, 58, 59, 60, 61, 62, 63, 64, 65, 66, 67, 70, 71, 72, 73, 74, 75, 76, 77, 80, 81, 82, 83, 84, 85, 86, 89, 98, 99, 105, 106, 107, 108, 109, 110, 112, 122, 123, 144, 145, 163, 164, 169, 170, 171, 172, 173, 174, 176, 177, 201, 204, 205, 208, 209, 212, 215], "summary": {"covered_lines": 80, "num_statements": 80, "percent_covered": 100.0, "percent_covered_display": "100", "missing_lines": 0, "excluded_lines": 0, "num_branches": 0, "num_partial_branches": 0, "covered_branches": 0, "missing_branches": 0}, "missing_lines": [], "excluded_lines": [], "executed_branches": [], "missing_branches": []}}, "classes": {"LogLevel": {"executed_lines": [119, 120, 138, 139, 140, 141, 160], "summary": {"covered_lines": 7, "num_statements": 8, "percent_covered": 83.33333333333333, "percent_covered_display": "83", "missing_lines": 1, "excluded_lines": 0, "num_branches": 4, "num_partial_branches": 1, "covered_branches": 3, "missing_branches": 1}, "missing_lines": [142], "excluded_lines": [], "executed_branches": [[139, 140], [140, 139], [140, 141]], "missing_branches": [[139, 142]]}, "SeverityRank": {"executed_lines": [192, 193], "summary": {"covered_lines": 2, "num_statements": 2, "percent_covered": 100.0, "percent_covered_display": "100", "missing_lines": 0, "excluded_lines": 0, "num_branches": 0, "num_partial_branches": 0, "covered_branches": 0, "missing_branches": 0}, "missing_lines": [], "excluded_lines": [], "executed_branches": [], "missing_branches": []}, "": {"executed_lines": [1, 8, 9, 12, 13, 16, 17, 18, 19, 23, 24, 25, 26, 27, 28, 31, 41, 42, 43, 44, 45, 46, 49, 52, 53, 56, 57, 58, 59, 60, 61, 62, 63, 64, 65, 66, 67, 70, 71, 72, 73, 74, 75, 76, 77, 80, 81, 82, 83, 84, 85, 86, 89, 98, 99, 105, 106, 107, 108, 109, 110, 112, 122, 123, 144, 145, 163, 164, 169, 170, 171, 172, 173, 174, 176, 177, 201, 204, 205, 208, 209, 212, 215], "summary": {"covered_lines": 80, "num_statements": 80, "percent_covered": 100.0, "percent_covered_display": "100", "missing_lines": 0, "excluded_lines": 0, "num_branches": 0, "num_partial_branches": 0, "covered_branches": 0, "missing_branches": 0}, "missing_lines": [], "excluded_lines": [], "executed_branches": [], "missing_branches": []}}}, "src/cve_report_aggregator/core/error_handler.py": {"executed_lines": [1, 7, 8, 10, 18, 23, 65, 66, 79, 98, 104, 105, 106, 107, 108, 110, 111, 115, 117, 136, 137, 138, 139, 142, 143, 144, 145, 146, 147, 148, 149, 151, 153, 179, 180, 183, 184, 191, 192, 199, 200, 206, 207, 216, 225], "summary": {"covered_lines": 42, "num_statements": 44, "percent_covered": 94.44444444444444, "percent_covered_display": "94", "missing_lines": 2, "excluded_lines": 2, "num_branches": 28, "num_partial_branches": 2, "covered_branches": 26, "missing_branches": 2}, "missing_lines": [112, 113], "excluded_lines": [18, 19], "executed_branches": [[104, 105], [104, 115], [106, 104], [106, 107], [110, 111], [136, 137], [136, 142], [137, 136], [137, 138], [138, 137], [138, 139], [143, 144], [143, 151], [144, 145], [144, 146], [146, 147], [146, 148], [148, 149], [183, 184], [183, 191], [191, 192], [191, 199], [199, 200], [199, 206], [206, 207], [206, 216]], "missing_branches": [[110, 104], [148, 151]], "functions": {"ErrorHandler.extract_http_status_code": {"executed_lines": [98, 104, 105, 106, 107, 108, 110, 111, 115], "summary": {"covered_lines": 9, "num_statements": 11, "percent_covered": 82.3529411764706, "percent_covered_display": "82", "missing_lines": 2, "excluded_lines": 0, "num_branches": 6, "num_partial_branches": 1, "covered_branches": 5, "missing_branches": 1}, "missing_lines": [112, 113], "excluded_lines": [], "executed_branches": [[104, 105], [104, 115], [106, 104], [106, 107], [110, 111]], "missing_branches": [[110, 104]]}, "ErrorHandler.classify_error": {"executed_lines": [136, 137, 138, 139, 142, 143, 144, 145, 146, 147, 148, 149, 151], "summary": {"covered_lines": 13, "num_statements": 13, "percent_covered": 96.29629629629629, "percent_covered_display": "96", "missing_lines": 0, "excluded_lines": 0, "num_branches": 14, "num_partial_branches": 1, "covered_branches": 13, "missing_branches": 1}, "missing_lines": [], "excluded_lines": [], "executed_branches": [[136, 137], [136, 142], [137, 136], [137, 138], [138, 137], [138, 139], [143, 144], [143, 151], [144, 145], [144, 146], [146, 147], [146, 148], [148, 149]], "missing_branches": [[148, 151]]}, "ErrorHandler.parse_download_error": {"executed_lines": [179, 180, 183, 184, 191, 192, 199, 200, 206, 207, 216], "summary": {"covered_lines": 11, "num_statements": 11, "percent_covered": 100.0, "percent_covered_display": "100", "missing_lines": 0, "excluded_lines": 0, "num_branches": 8, "num_partial_branches": 0, "covered_branches": 8, "missing_branches": 0}, "missing_lines": [], "excluded_lines": [], "executed_branches": [[183, 184], [183, 191], [191, 192], [191, 199], [199, 200], [199, 206], [206, 207], [206, 216]], "missing_branches": []}, "": {"executed_lines": [1, 7, 8, 10, 18, 23, 65, 66, 79, 117, 153, 225], "summary": {"covered_lines": 9, "num_statements": 9, "percent_covered": 100.0, "percent_covered_display": "100", "missing_lines": 0, "excluded_lines": 2, "num_branches": 0, "num_partial_branches": 0, "covered_branches": 0, "missing_branches": 0}, "missing_lines": [], "excluded_lines": [18, 19], "executed_branches": [], "missing_branches": []}}, "classes": {"ErrorHandler": {"executed_lines": [98, 104, 105, 106, 107, 108, 110, 111, 115, 136, 137, 138, 139, 142, 143, 144, 145, 146, 147, 148, 149, 151, 179, 180, 183, 184, 191, 192, 199, 200, 206, 207, 216], "summary": {"covered_lines": 33, "num_statements": 35, "percent_covered": 93.65079365079364, "percent_covered_display": "94", "missing_lines": 2, "excluded_lines": 0, "num_branches": 28, "num_partial_branches": 2, "covered_branches": 26, "missing_branches": 2}, "missing_lines": [112, 113], "excluded_lines": [], "executed_branches": [[104, 105], [104, 115], [106, 104], [106, 107], [110, 111], [136, 137], [136, 142], [137, 136], [137, 138], [138, 137], [138, 139], [143, 144], [143, 151], [144, 145], [144, 146], [146, 147], [146, 148], [148, 149], [183, 184], [183, 191], [191, 192], [191, 199], [199, 200], [199, 206], [206, 207], [206, 216]], "missing_branches": [[110, 104], [148, 151]]}, "": {"executed_lines": [1, 7, 8, 10, 18, 23, 65, 66, 79, 117, 153, 225], "summary": {"covered_lines": 9, "num_statements": 9, "percent_covered": 100.0, "percent_covered_display": "100", "missing_lines": 0, "excluded_lines": 2, "num_branches": 0, "num_partial_branches": 0, "covered_branches": 0, "missing_branches": 0}, "missing_lines": [], "excluded_lines": [18, 19], "executed_branches": [], "missing_branches": []}}}, "src/cve_report_aggregator/core/exceptions.py": {"executed_lines": [1, 9, 10, 15, 18, 19, 27, 30, 31, 33, 36, 37, 42, 49, 50, 51, 52, 55, 56, 64, 72, 73, 74, 75, 76, 77, 78, 81, 82, 84, 87, 88, 96, 103, 104, 105, 108, 109, 117, 120, 121, 134, 149, 150, 151, 152, 153, 155, 161, 162, 163, 164, 167, 168, 176, 191, 192, 193, 195, 204, 205, 206, 207, 209, 212, 213, 222, 237, 238, 239, 241, 250, 251, 256, 257, 259, 262, 263, 272, 285, 286, 289, 290, 298, 313, 314, 318, 321, 322, 330, 333, 334, 343], "summary": {"covered_lines": 77, "num_statements": 77, "percent_covered": 97.75280898876404, "percent_covered_display": "98", "missing_lines": 0, "excluded_lines": 0, "num_branches": 12, "num_partial_branches": 2, "covered_branches": 10, "missing_branches": 2}, "missing_lines": [], "excluded_lines": [], "executed_branches": [[50, 51], [76, 77], [162, 163], [162, 164], [204, 205], [204, 206], [206, 207], [206, 209], [256, 257], [256, 259]], "missing_branches": [[50, 52], [76, 78]], "functions": {"ScannerNotFoundError.__init__": {"executed_lines": [49, 50, 51, 52], "summary": {"covered_lines": 4, "num_statements": 4, "percent_covered": 83.33333333333333, "percent_covered_display": "83", "missing_lines": 0, "excluded_lines": 0, "num_branches": 2, "num_partial_branches": 1, "covered_branches": 1, "missing_branches": 1}, "missing_lines": [], "excluded_lines": [], "executed_branches": [[50, 51]], "missing_branches": [[50, 52]]}, "ScannerExecutionError.__init__": {"executed_lines": [72, 73, 74, 75, 76, 77, 78], "summary": {"covered_lines": 7, "num_statements": 7, "percent_covered": 88.88888888888889, "percent_covered_display": "89", "missing_lines": 0, "excluded_lines": 0, "num_branches": 2, "num_partial_branches": 1, "covered_branches": 1, "missing_branches": 1}, "missing_lines": [], "excluded_lines": [], "executed_branches": [[76, 77]], "missing_branches": [[76, 78]]}, "ReportLoadError.__init__": {"executed_lines": [103, 104, 105], "summary": {"covered_lines": 3, "num_statements": 3, "percent_covered": 100.0, "percent_covered_display": "100", "missing_lines": 0, "excluded_lines": 0, "num_branches": 0, "num_partial_branches": 0, "covered_branches": 0, "missing_branches": 0}, "missing_lines": [], "excluded_lines": [], "executed_branches": [], "missing_branches": []}, "DownloadError.__init__": {"executed_lines": [149, 150, 151, 152, 153], "summary": {"covered_lines": 5, "num_statements": 5, "percent_covered": 100.0, "percent_covered_display": "100", "missing_lines": 0, "excluded_lines": 0, "num_branches": 0, "num_partial_branches": 0, "covered_branches": 0, "missing_branches": 0}, "missing_lines": [], "excluded_lines": [], "executed_branches": [], "missing_branches": []}, "DownloadError._format_message": {"executed_lines": [161, 162, 163, 164], "summary": {"covered_lines": 4, "num_statements": 4, "percent_covered": 100.0, "percent_covered_display": "100", "missing_lines": 0, "excluded_lines": 0, "num_branches": 2, "num_partial_branches": 0, "covered_branches": 2, "missing_branches": 0}, "missing_lines": [], "excluded_lines": [], "executed_branches": [[162, 163], [162, 164]], "missing_branches": []}, "AuthenticationError.__init__": {"executed_lines": [191, 192, 193], "summary": {"covered_lines": 3, "num_statements": 3, "percent_covered": 100.0, "percent_covered_display": "100", "missing_lines": 0, "excluded_lines": 0, "num_branches": 0, "num_partial_branches": 0, "covered_branches": 0, "missing_branches": 0}, "missing_lines": [], "excluded_lines": [], "executed_branches": [], "missing_branches": []}, "AuthenticationError._build_message": {"executed_lines": [204, 205, 206, 207, 209], "summary": {"covered_lines": 5, "num_statements": 5, "percent_covered": 100.0, "percent_covered_display": "100", "missing_lines": 0, "excluded_lines": 0, "num_branches": 4, "num_partial_branches": 0, "covered_branches": 4, "missing_branches": 0}, "missing_lines": [], "excluded_lines": [], "executed_branches": [[204, 205], [204, 206], [206, 207], [206, 209]], "missing_branches": []}, "PackageNotFoundError.__init__": {"executed_lines": [237, 238, 239], "summary": {"covered_lines": 3, "num_statements": 3, "percent_covered": 100.0, "percent_covered_display": "100", "missing_lines": 0, "excluded_lines": 0, "num_branches": 0, "num_partial_branches": 0, "covered_branches": 0, "missing_branches": 0}, "missing_lines": [], "excluded_lines": [], "executed_branches": [], "missing_branches": []}, "PackageNotFoundError._build_message": {"executed_lines": [250, 251, 256, 257, 259], "summary": {"covered_lines": 5, "num_statements": 5, "percent_covered": 100.0, "percent_covered_display": "100", "missing_lines": 0, "excluded_lines": 0, "num_branches": 2, "num_partial_branches": 0, "covered_branches": 2, "missing_branches": 0}, "missing_lines": [], "excluded_lines": [], "executed_branches": [[256, 257], [256, 259]], "missing_branches": []}, "NetworkError.__init__": {"executed_lines": [285, 286], "summary": {"covered_lines": 2, "num_statements": 2, "percent_covered": 100.0, "percent_covered_display": "100", "missing_lines": 0, "excluded_lines": 0, "num_branches": 0, "num_partial_branches": 0, "covered_branches": 0, "missing_branches": 0}, "missing_lines": [], "excluded_lines": [], "executed_branches": [], "missing_branches": []}, "RegistryError.__init__": {"executed_lines": [313, 314, 318], "summary": {"covered_lines": 3, "num_statements": 3, "percent_covered": 100.0, "percent_covered_display": "100", "missing_lines": 0, "excluded_lines": 0, "num_branches": 0, "num_partial_branches": 0, "covered_branches": 0, "missing_branches": 0}, "missing_lines": [], "excluded_lines": [], "executed_branches": [], "missing_branches": []}, "": {"executed_lines": [1, 9, 10, 15, 18, 19, 27, 30, 31, 33, 36, 37, 42, 55, 56, 64, 81, 82, 84, 87, 88, 96, 108, 109, 117, 120, 121, 134, 155, 167, 168, 176, 195, 212, 213, 222, 241, 262, 263, 272, 289, 290, 298, 321, 322, 330, 333, 334, 343], "summary": {"covered_lines": 33, "num_statements": 33, "percent_covered": 100.0, "percent_covered_display": "100", "missing_lines": 0, "excluded_lines": 0, "num_branches": 0, "num_partial_branches": 0, "covered_branches": 0, "missing_branches": 0}, "missing_lines": [], "excluded_lines": [], "executed_branches": [], "missing_branches": []}}, "classes": {"CVEAggregatorError": {"executed_lines": [], "summary": {"covered_lines": 0, "num_statements": 0, "percent_covered": 100.0, "percent_covered_display": "100", "missing_lines": 0, "excluded_lines": 0, "num_branches": 0, "num_partial_branches": 0, "covered_branches": 0, "missing_branches": 0}, "missing_lines": [], "excluded_lines": [], "executed_branches": [], "missing_branches": []}, "ConfigurationError": {"executed_lines": [], "summary": {"covered_lines": 0, "num_statements": 0, "percent_covered": 100.0, "percent_covered_display": "100", "missing_lines": 0, "excluded_lines": 0, "num_branches": 0, "num_partial_branches": 0, "covered_branches": 0, "missing_branches": 0}, "missing_lines": [], "excluded_lines": [], "executed_branches": [], "missing_branches": []}, "ScannerError": {"executed_lines": [], "summary": {"covered_lines": 0, "num_statements": 0, "percent_covered": 100.0, "percent_covered_display": "100", "missing_lines": 0, "excluded_lines": 0, "num_branches": 0, "num_partial_branches": 0, "covered_branches": 0, "missing_branches": 0}, "missing_lines": [], "excluded_lines": [], "executed_branches": [], "missing_branches": []}, "ScannerNotFoundError": {"executed_lines": [49, 50, 51, 52], "summary": {"covered_lines": 4, "num_statements": 4, "percent_covered": 83.33333333333333, "percent_covered_display": "83", "missing_lines": 0, "excluded_lines": 0, "num_branches": 2, "num_partial_branches": 1, "covered_branches": 1, "missing_branches": 1}, "missing_lines": [], "excluded_lines": [], "executed_branches": [[50, 51]], "missing_branches": [[50, 52]]}, "ScannerExecutionError": {"executed_lines": [72, 73, 74, 75, 76, 77, 78], "summary": {"covered_lines": 7, "num_statements": 7, "percent_covered": 88.88888888888889, "percent_covered_display": "89", "missing_lines": 0, "excluded_lines": 0, "num_branches": 2, "num_partial_branches": 1, "covered_branches": 1, "missing_branches": 1}, "missing_lines": [], "excluded_lines": [], "executed_branches": [[76, 77]], "missing_branches": [[76, 78]]}, "ReportError": {"executed_lines": [], "summary": {"covered_lines": 0, "num_statements": 0, "percent_covered": 100.0, "percent_covered_display": "100", "missing_lines": 0, "excluded_lines": 0, "num_branches": 0, "num_partial_branches": 0, "covered_branches": 0, "missing_branches": 0}, "missing_lines": [], "excluded_lines": [], "executed_branches": [], "missing_branches": []}, "ReportLoadError": {"executed_lines": [103, 104, 105], "summary": {"covered_lines": 3, "num_statements": 3, "percent_covered": 100.0, "percent_covered_display": "100", "missing_lines": 0, "excluded_lines": 0, "num_branches": 0, "num_partial_branches": 0, "covered_branches": 0, "missing_branches": 0}, "missing_lines": [], "excluded_lines": [], "executed_branches": [], "missing_branches": []}, "ReportValidationError": {"executed_lines": [], "summary": {"covered_lines": 0, "num_statements": 0, "percent_covered": 100.0, "percent_covered_display": "100", "missing_lines": 0, "excluded_lines": 0, "num_branches": 0, "num_partial_branches": 0, "covered_branches": 0, "missing_branches": 0}, "missing_lines": [], "excluded_lines": [], "executed_branches": [], "missing_branches": []}, "DownloadError": {"executed_lines": [149, 150, 151, 152, 153, 161, 162, 163, 164], "summary": {"covered_lines": 9, "num_statements": 9, "percent_covered": 100.0, "percent_covered_display": "100", "missing_lines": 0, "excluded_lines": 0, "num_branches": 2, "num_partial_branches": 0, "covered_branches": 2, "missing_branches": 0}, "missing_lines": [], "excluded_lines": [], "executed_branches": [[162, 163], [162, 164]], "missing_branches": []}, "AuthenticationError": {"executed_lines": [191, 192, 193, 204, 205, 206, 207, 209], "summary": {"covered_lines": 8, "num_statements": 8, "percent_covered": 100.0, "percent_covered_display": "100", "missing_lines": 0, "excluded_lines": 0, "num_branches": 4, "num_partial_branches": 0, "covered_branches": 4, "missing_branches": 0}, "missing_lines": [], "excluded_lines": [], "executed_branches": [[204, 205], [204, 206], [206, 207], [206, 209]], "missing_branches": []}, "PackageNotFoundError": {"executed_lines": [237, 238, 239, 250, 251, 256, 257, 259], "summary": {"covered_lines": 8, "num_statements": 8, "percent_covered": 100.0, "percent_covered_display": "100", "missing_lines": 0, "excluded_lines": 0, "num_branches": 2, "num_partial_branches": 0, "covered_branches": 2, "missing_branches": 0}, "missing_lines": [], "excluded_lines": [], "executed_branches": [[256, 257], [256, 259]], "missing_branches": []}, "NetworkError": {"executed_lines": [285, 286], "summary": {"covered_lines": 2, "num_statements": 2, "percent_covered": 100.0, "percent_covered_display": "100", "missing_lines": 0, "excluded_lines": 0, "num_branches": 0, "num_partial_branches": 0, "covered_branches": 0, "missing_branches": 0}, "missing_lines": [], "excluded_lines": [], "executed_branches": [], "missing_branches": []}, "RegistryError": {"executed_lines": [313, 314, 318], "summary": {"covered_lines": 3, "num_statements": 3, "percent_covered": 100.0, "percent_covered_display": "100", "missing_lines": 0, "excluded_lines": 0, "num_branches": 0, "num_partial_branches": 0, "covered_branches": 0, "missing_branches": 0}, "missing_lines": [], "excluded_lines": [], "executed_branches": [], "missing_branches": []}, "AggregationError": {"executed_lines": [], "summary": {"covered_lines": 0, "num_statements": 0, "percent_covered": 100.0, "percent_covered_display": "100", "missing_lines": 0, "excluded_lines": 0, "num_branches": 0, "num_partial_branches": 0, "covered_branches": 0, "missing_branches": 0}, "missing_lines": [], "excluded_lines": [], "executed_branches": [], "missing_branches": []}, "EnrichmentError": {"executed_lines": [], "summary": {"covered_lines": 0, "num_statements": 0, "percent_covered": 100.0, "percent_covered_display": "100", "missing_lines": 0, "excluded_lines": 0, "num_branches": 0, "num_partial_branches": 0, "covered_branches": 0, "missing_branches": 0}, "missing_lines": [], "excluded_lines": [], "executed_branches": [], "missing_branches": []}, "": {"executed_lines": [1, 9, 10, 15, 18, 19, 27, 30, 31, 33, 36, 37, 42, 55, 56, 64, 81, 82, 84, 87, 88, 96, 108, 109, 117, 120, 121, 134, 155, 167, 168, 176, 195, 212, 213, 222, 241, 262, 263, 272, 289, 290, 298, 321, 322, 330, 333, 334, 343], "summary": {"covered_lines": 33, "num_statements": 33, "percent_covered": 100.0, "percent_covered_display": "100", "missing_lines": 0, "excluded_lines": 0, "num_branches": 0, "num_partial_branches": 0, "covered_branches": 0, "missing_branches": 0}, "missing_lines": [], "excluded_lines": [], "executed_branches": [], "missing_branches": []}}}, "src/cve_report_aggregator/core/executor.py": {"executed_lines": [1, 32, 34, 35, 36, 38, 40, 43, 46, 47, 59, 60, 99, 100, 103, 106, 109, 110, 111, 113, 115, 117, 125, 127, 129, 131, 132, 140, 150, 151, 178, 181, 182, 183, 184, 188, 190, 191, 212], "summary": {"covered_lines": 36, "num_statements": 48, "percent_covered": 75.86206896551724, "percent_covered_display": "76", "missing_lines": 12, "excluded_lines": 2, "num_branches": 10, "num_partial_branches": 0, "covered_branches": 8, "missing_branches": 2}, "missing_lines": [142, 143, 144, 146, 147, 148, 185, 186, 205, 206, 207, 208], "excluded_lines": [40, 41], "executed_branches": [[100, 103], [100, 106], [110, 111], [110, 113], [125, 127], [125, 129], [182, 183], [182, 188]], "missing_branches": [[206, 207], [206, 208]], "functions": {"ExecutorManager.execute": {"executed_lines": [99, 100, 103, 106, 109, 110, 111, 113, 115, 117, 125, 127, 129, 131, 132, 140], "summary": {"covered_lines": 16, "num_statements": 22, "percent_covered": 78.57142857142857, "percent_covered_display": "79", "missing_lines": 6, "excluded_lines": 0, "num_branches": 6, "num_partial_branches": 0, "covered_branches": 6, "missing_branches": 0}, "missing_lines": [142, 143, 144, 146, 147, 148], "excluded_lines": [], "executed_branches": [[100, 103], [100, 106], [110, 111], [110, 113], [125, 127], [125, 129]], "missing_branches": []}, "ExecutorManager.execute_with_global_config": {"executed_lines": [178, 181, 182, 183, 184, 188], "summary": {"covered_lines": 6, "num_statements": 8, "percent_covered": 80.0, "percent_covered_display": "80", "missing_lines": 2, "excluded_lines": 0, "num_branches": 2, "num_partial_branches": 0, "covered_branches": 2, "missing_branches": 0}, "missing_lines": [185, 186], "excluded_lines": [], "executed_branches": [[182, 183], [182, 188]], "missing_branches": []}, "ExecutorManager.create_temp_directory": {"executed_lines": [], "summary": {"covered_lines": 0, "num_statements": 4, "percent_covered": 0.0, "percent_covered_display": "0", "missing_lines": 4, "excluded_lines": 0, "num_branches": 2, "num_partial_branches": 0, "covered_branches": 0, "missing_branches": 2}, "missing_lines": [205, 206, 207, 208], "excluded_lines": [], "executed_branches": [], "missing_branches": [[206, 207], [206, 208]]}, "": {"executed_lines": [1, 32, 34, 35, 36, 38, 40, 43, 46, 47, 59, 60, 150, 151, 190, 191, 212], "summary": {"covered_lines": 14, "num_statements": 14, "percent_covered": 100.0, "percent_covered_display": "100", "missing_lines": 0, "excluded_lines": 2, "num_branches": 0, "num_partial_branches": 0, "covered_branches": 0, "missing_branches": 0}, "missing_lines": [], "excluded_lines": [40, 41], "executed_branches": [], "missing_branches": []}}, "classes": {"ExecutorManager": {"executed_lines": [99, 100, 103, 106, 109, 110, 111, 113, 115, 117, 125, 127, 129, 131, 132, 140, 178, 181, 182, 183, 184, 188], "summary": {"covered_lines": 22, "num_statements": 34, "percent_covered": 68.18181818181819, "percent_covered_display": "68", "missing_lines": 12, "excluded_lines": 0, "num_branches": 10, "num_partial_branches": 0, "covered_branches": 8, "missing_branches": 2}, "missing_lines": [142, 143, 144, 146, 147, 148, 185, 186, 205, 206, 207, 208], "excluded_lines": [], "executed_branches": [[100, 103], [100, 106], [110, 111], [110, 113], [125, 127], [125, 129], [182, 183], [182, 188]], "missing_branches": [[206, 207], [206, 208]]}, "": {"executed_lines": [1, 32, 34, 35, 36, 38, 40, 43, 46, 47, 59, 60, 150, 151, 190, 191, 212], "summary": {"covered_lines": 14, "num_statements": 14, "percent_covered": 100.0, "percent_covered_display": "100", "missing_lines": 0, "excluded_lines": 2, "num_branches": 0, "num_partial_branches": 0, "covered_branches": 0, "missing_branches": 0}, "missing_lines": [], "excluded_lines": [40, 41], "executed_branches": [], "missing_branches": []}}}, "src/cve_report_aggregator/core/json_utils.py": {"executed_lines": [1, 7, 8, 9, 10, 12, 13, 15, 18, 45, 46, 47, 49, 50, 51, 52, 53, 54, 55, 56, 57, 58, 59, 60, 63], "summary": {"covered_lines": 24, "num_statements": 24, "percent_covered": 100.0, "percent_covered_display": "100", "missing_lines": 0, "excluded_lines": 0, "num_branches": 2, "num_partial_branches": 0, "covered_branches": 2, "missing_branches": 0}, "missing_lines": [], "excluded_lines": [], "executed_branches": [[49, 50], [49, 51]], "missing_branches": [], "functions": {"load_json_report": {"executed_lines": [45, 46, 47, 49, 50, 51, 52, 53, 54, 55, 56, 57, 58, 59, 60], "summary": {"covered_lines": 15, "num_statements": 15, "percent_covered": 100.0, "percent_covered_display": "100", "missing_lines": 0, "excluded_lines": 0, "num_branches": 2, "num_partial_branches": 0, "covered_branches": 2, "missing_branches": 0}, "missing_lines": [], "excluded_lines": [], "executed_branches": [[49, 50], [49, 51]], "missing_branches": []}, "": {"executed_lines": [1, 7, 8, 9, 10, 12, 13, 15, 18, 63], "summary": {"covered_lines": 9, "num_statements": 9, "percent_covered": 100.0, "percent_covered_display": "100", "missing_lines": 0, "excluded_lines": 0, "num_branches": 0, "num_partial_branches": 0, "covered_branches": 0, "missing_branches": 0}, "missing_lines": [], "excluded_lines": [], "executed_branches": [], "missing_branches": []}}, "classes": {"": {"executed_lines": [1, 7, 8, 9, 10, 12, 13, 15, 18, 45, 46, 47, 49, 50, 51, 52, 53, 54, 55, 56, 57, 58, 59, 60, 63], "summary": {"covered_lines": 24, "num_statements": 24, "percent_covered": 100.0, "percent_covered_display": "100", "missing_lines": 0, "excluded_lines": 0, "num_branches": 2, "num_partial_branches": 0, "covered_branches": 2, "missing_branches": 0}, "missing_lines": [], "excluded_lines": [], "executed_branches": [[49, 50], [49, 51]], "missing_branches": []}}}, "src/cve_report_aggregator/core/logging.py": {"executed_lines": [1, 21, 23, 24, 25, 26, 27, 29, 30, 32, 33, 36, 37, 48, 49, 51, 52, 74, 75, 78, 79, 80, 81, 83, 87, 91, 94, 101, 117, 119, 122, 123, 130, 138, 146, 148, 149, 176, 177, 180, 183, 184, 187, 190, 191, 194, 196, 198, 199, 210, 211, 213, 214, 215, 233, 234, 235, 237, 239, 240, 250, 251, 252, 253, 256, 258, 259, 270, 271, 274, 275, 280, 297, 301], "summary": {"covered_lines": 72, "num_statements": 77, "percent_covered": 93.93939393939394, "percent_covered_display": "94", "missing_lines": 5, "excluded_lines": 0, "num_branches": 22, "num_partial_branches": 1, "covered_branches": 21, "missing_branches": 1}, "missing_lines": [84, 85, 254, 255, 276], "excluded_lines": [], "executed_branches": [[74, 75], [74, 78], [78, 79], [78, 91], [79, 80], [79, 87], [117, 119], [117, 122], [122, 123], [122, 130], [176, 177], [176, 180], [183, 184], [183, 187], [190, 191], [190, 194], [250, 251], [250, 256], [274, -258], [274, 275], [275, 274]], "missing_branches": [[275, 276]], "functions": {"LogManager.configure": {"executed_lines": [74, 75, 78, 79, 80, 81, 83, 87, 91, 94, 101, 117, 119, 122, 123, 130, 138, 146], "summary": {"covered_lines": 18, "num_statements": 20, "percent_covered": 93.33333333333333, "percent_covered_display": "93", "missing_lines": 2, "excluded_lines": 0, "num_branches": 10, "num_partial_branches": 0, "covered_branches": 10, "missing_branches": 0}, "missing_lines": [84, 85], "excluded_lines": [], "executed_branches": [[74, 75], [74, 78], [78, 79], [78, 91], [79, 80], [79, 87], [117, 119], [117, 122], [122, 123], [122, 130]], "missing_branches": []}, "LogManager.get_logger": {"executed_lines": [176, 177, 180, 183, 184, 187, 190, 191, 194, 196], "summary": {"covered_lines": 10, "num_statements": 10, "percent_covered": 100.0, "percent_covered_display": "100", "missing_lines": 0, "excluded_lines": 0, "num_branches": 6, "num_partial_branches": 0, "covered_branches": 6, "missing_branches": 0}, "missing_lines": [], "excluded_lines": [], "executed_branches": [[176, 177], [176, 180], [183, 184], [183, 187], [190, 191], [190, 194]], "missing_branches": []}, "LogManager.reset": {"executed_lines": [210, 211], "summary": {"covered_lines": 2, "num_statements": 2, "percent_covered": 100.0, "percent_covered_display": "100", "missing_lines": 0, "excluded_lines": 0, "num_branches": 0, "num_partial_branches": 0, "covered_branches": 0, "missing_branches": 0}, "missing_lines": [], "excluded_lines": [], "executed_branches": [], "missing_branches": []}, "LogManager.log_context": {"executed_lines": [233, 234, 235, 237], "summary": {"covered_lines": 4, "num_statements": 4, "percent_covered": 100.0, "percent_covered_display": "100", "missing_lines": 0, "excluded_lines": 0, "num_branches": 0, "num_partial_branches": 0, "covered_branches": 0, "missing_branches": 0}, "missing_lines": [], "excluded_lines": [], "executed_branches": [], "missing_branches": []}, "LogManager.get_log_level": {"executed_lines": [250, 251, 252, 253, 256], "summary": {"covered_lines": 5, "num_statements": 7, "percent_covered": 77.77777777777777, "percent_covered_display": "78", "missing_lines": 2, "excluded_lines": 0, "num_branches": 2, "num_partial_branches": 0, "covered_branches": 2, "missing_branches": 0}, "missing_lines": [254, 255], "excluded_lines": [], "executed_branches": [[250, 251], [250, 256]], "missing_branches": []}, "LogManager.set_log_level": {"executed_lines": [270, 271, 274, 275], "summary": {"covered_lines": 4, "num_statements": 5, "percent_covered": 77.77777777777777, "percent_covered_display": "78", "missing_lines": 1, "excluded_lines": 0, "num_branches": 4, "num_partial_branches": 1, "covered_branches": 3, "missing_branches": 1}, "missing_lines": [276], "excluded_lines": [], "executed_branches": [[274, -258], [274, 275], [275, 274]], "missing_branches": [[275, 276]]}, "get_logger": {"executed_lines": [297], "summary": {"covered_lines": 1, "num_statements": 1, "percent_covered": 100.0, "percent_covered_display": "100", "missing_lines": 0, "excluded_lines": 0, "num_branches": 0, "num_partial_branches": 0, "covered_branches": 0, "missing_branches": 0}, "missing_lines": [], "excluded_lines": [], "executed_branches": [], "missing_branches": []}, "": {"executed_lines": [1, 21, 23, 24, 25, 26, 27, 29, 30, 32, 33, 36, 37, 48, 49, 51, 52, 148, 149, 198, 199, 213, 214, 215, 239, 240, 258, 259, 280, 301], "summary": {"covered_lines": 28, "num_statements": 28, "percent_covered": 100.0, "percent_covered_display": "100", "missing_lines": 0, "excluded_lines": 0, "num_branches": 0, "num_partial_branches": 0, "covered_branches": 0, "missing_branches": 0}, "missing_lines": [], "excluded_lines": [], "executed_branches": [], "missing_branches": []}}, "classes": {"LogManager": {"executed_lines": [74, 75, 78, 79, 80, 81, 83, 87, 91, 94, 101, 117, 119, 122, 123, 130, 138, 146, 176, 177, 180, 183, 184, 187, 190, 191, 194, 196, 210, 211, 233, 234, 235, 237, 250, 251, 252, 253, 256, 270, 271, 274, 275], "summary": {"covered_lines": 43, "num_statements": 48, "percent_covered": 91.42857142857143, "percent_covered_display": "91", "missing_lines": 5, "excluded_lines": 0, "num_branches": 22, "num_partial_branches": 1, "covered_branches": 21, "missing_branches": 1}, "missing_lines": [84, 85, 254, 255, 276], "excluded_lines": [], "executed_branches": [[74, 75], [74, 78], [78, 79], [78, 91], [79, 80], [79, 87], [117, 119], [117, 122], [122, 123], [122, 130], [176, 177], [176, 180], [183, 184], [183, 187], [190, 191], [190, 194], [250, 251], [250, 256], [274, -258], [274, 275], [275, 274]], "missing_branches": [[275, 276]]}, "": {"executed_lines": [1, 21, 23, 24, 25, 26, 27, 29, 30, 32, 33, 36, 37, 48, 49, 51, 52, 148, 149, 198, 199, 213, 214, 215, 239, 240, 258, 259, 280, 297, 301], "summary": {"covered_lines": 29, "num_statements": 29, "percent_covered": 100.0, "percent_covered_display": "100", "missing_lines": 0, "excluded_lines": 0, "num_branches": 0, "num_partial_branches": 0, "covered_branches": 0, "missing_branches": 0}, "missing_lines": [], "excluded_lines": [], "executed_branches": [], "missing_branches": []}}}, "src/cve_report_aggregator/core/models.py": {"executed_lines": [1, 3, 4, 6, 9, 10, 11, 14, 15, 23, 24, 25, 28, 29, 44, 45, 46, 47, 48, 54, 58, 63, 68, 72, 77, 78, 80, 81, 83, 90, 93, 95, 96, 98, 100, 101, 102, 123, 133, 134, 135, 141, 144, 145, 165, 170, 175, 179, 183, 188, 193, 197, 201, 205, 210, 215, 224, 229, 230, 232, 233, 234, 236, 243, 247, 249, 250, 252, 254, 255, 256, 268, 269, 270, 271, 272, 273, 275, 276, 277, 289, 290, 291, 292, 293, 294, 296, 297, 298, 310, 311, 312, 313, 314, 315, 316, 317], "summary": {"covered_lines": 79, "num_statements": 79, "percent_covered": 100.0, "percent_covered_display": "100", "missing_lines": 0, "excluded_lines": 33, "num_branches": 16, "num_partial_branches": 0, "covered_branches": 16, "missing_branches": 0}, "missing_lines": [], "excluded_lines": [83, 84, 85, 86, 87, 88, 89, 90, 91, 92, 93, 94, 95, 96, 97, 98, 236, 237, 238, 239, 240, 241, 242, 243, 244, 245, 246, 247, 248, 249, 250, 251, 252], "executed_branches": [[133, 134], [133, 141], [269, 270], [269, 271], [271, 272], [271, 273], [290, 291], [290, 292], [292, 293], [292, 294], [310, 311], [310, 312], [313, 314], [313, 315], [315, 316], [315, 317]], "missing_branches": [], "functions": {"EnrichmentConfig.__repr__": {"executed_lines": [90, 93, 95, 96, 98], "summary": {"covered_lines": 0, "num_statements": 0, "percent_covered": 100.0, "percent_covered_display": "100", "missing_lines": 0, "excluded_lines": 15, "num_branches": 0, "num_partial_branches": 0, "covered_branches": 0, "missing_branches": 0}, "missing_lines": [], "excluded_lines": [84, 85, 86, 87, 88, 89, 90, 91, 92, 93, 94, 95, 96, 97, 98], "executed_branches": [], "missing_branches": []}, "EnrichmentConfig.validate_model_name": {"executed_lines": [123, 133, 134, 135, 141], "summary": {"covered_lines": 5, "num_statements": 5, "percent_covered": 100.0, "percent_covered_display": "100", "missing_lines": 0, "excluded_lines": 0, "num_branches": 2, "num_partial_branches": 0, "covered_branches": 2, "missing_branches": 0}, "missing_lines": [], "excluded_lines": [], "executed_branches": [[133, 134], [133, 141]], "missing_branches": []}, "AggregatorConfig.__repr__": {"executed_lines": [243, 247, 249, 250, 252], "summary": {"covered_lines": 0, "num_statements": 0, "percent_covered": 100.0, "percent_covered_display": "100", "missing_lines": 0, "excluded_lines": 16, "num_branches": 0, "num_partial_branches": 0, "covered_branches": 0, "missing_branches": 0}, "missing_lines": [], "excluded_lines": [237, 238, 239, 240, 241, 242, 243, 244, 245, 246, 247, 248, 249, 250, 251, 252], "executed_branches": [], "missing_branches": []}, "AggregatorConfig.validate_input_dir": {"executed_lines": [268, 269, 270, 271, 272, 273], "summary": {"covered_lines": 6, "num_statements": 6, "percent_covered": 100.0, "percent_covered_display": "100", "missing_lines": 0, "excluded_lines": 0, "num_branches": 4, "num_partial_branches": 0, "covered_branches": 4, "missing_branches": 0}, "missing_lines": [], "excluded_lines": [], "executed_branches": [[269, 270], [269, 271], [271, 272], [271, 273]], "missing_branches": []}, "AggregatorConfig.validate_output_file": {"executed_lines": [289, 290, 291, 292, 293, 294], "summary": {"covered_lines": 6, "num_statements": 6, "percent_covered": 100.0, "percent_covered_display": "100", "missing_lines": 0, "excluded_lines": 0, "num_branches": 4, "num_partial_branches": 0, "covered_branches": 4, "missing_branches": 0}, "missing_lines": [], "excluded_lines": [], "executed_branches": [[290, 291], [290, 292], [292, 293], [292, 294]], "missing_branches": []}, "AggregatorConfig.validate_config_file": {"executed_lines": [310, 311, 312, 313, 314, 315, 316, 317], "summary": {"covered_lines": 8, "num_statements": 8, "percent_covered": 100.0, "percent_covered_display": "100", "missing_lines": 0, "excluded_lines": 0, "num_branches": 6, "num_partial_branches": 0, "covered_branches": 6, "missing_branches": 0}, "missing_lines": [], "excluded_lines": [], "executed_branches": [[310, 311], [310, 312], [313, 314], [313, 315], [315, 316], [315, 317]], "missing_branches": []}, "": {"executed_lines": [1, 3, 4, 6, 9, 10, 11, 14, 15, 23, 24, 25, 28, 29, 44, 45, 46, 47, 48, 54, 58, 63, 68, 72, 77, 78, 80, 81, 83, 100, 101, 102, 144, 145, 165, 170, 175, 179, 183, 188, 193, 197, 201, 205, 210, 215, 224, 229, 230, 232, 233, 234, 236, 254, 255, 256, 275, 276, 277, 296, 297, 298], "summary": {"covered_lines": 54, "num_statements": 54, "percent_covered": 100.0, "percent_covered_display": "100", "missing_lines": 0, "excluded_lines": 2, "num_branches": 0, "num_partial_branches": 0, "covered_branches": 0, "missing_branches": 0}, "missing_lines": [], "excluded_lines": [83, 236], "executed_branches": [], "missing_branches": []}}, "classes": {"PackageConfig": {"executed_lines": [], "summary": {"covered_lines": 0, "num_statements": 0, "percent_covered": 100.0, "percent_covered_display": "100", "missing_lines": 0, "excluded_lines": 0, "num_branches": 0, "num_partial_branches": 0, "covered_branches": 0, "missing_branches": 0}, "missing_lines": [], "excluded_lines": [], "executed_branches": [], "missing_branches": []}, "EnrichmentConfig": {"executed_lines": [90, 93, 95, 96, 98, 123, 133, 134, 135, 141], "summary": {"covered_lines": 5, "num_statements": 5, "percent_covered": 100.0, "percent_covered_display": "100", "missing_lines": 0, "excluded_lines": 15, "num_branches": 2, "num_partial_branches": 0, "covered_branches": 2, "missing_branches": 0}, "missing_lines": [], "excluded_lines": [84, 85, 86, 87, 88, 89, 90, 91, 92, 93, 94, 95, 96, 97, 98], "executed_branches": [[133, 134], [133, 141]], "missing_branches": []}, "EnrichmentConfig.Config": {"executed_lines": [], "summary": {"covered_lines": 0, "num_statements": 0, "percent_covered": 100.0, "percent_covered_display": "100", "missing_lines": 0, "excluded_lines": 0, "num_branches": 0, "num_partial_branches": 0, "covered_branches": 0, "missing_branches": 0}, "missing_lines": [], "excluded_lines": [], "executed_branches": [], "missing_branches": []}, "AggregatorConfig": {"executed_lines": [243, 247, 249, 250, 252, 268, 269, 270, 271, 272, 273, 289, 290, 291, 292, 293, 294, 310, 311, 312, 313, 314, 315, 316, 317], "summary": {"covered_lines": 20, "num_statements": 20, "percent_covered": 100.0, "percent_covered_display": "100", "missing_lines": 0, "excluded_lines": 16, "num_branches": 14, "num_partial_branches": 0, "covered_branches": 14, "missing_branches": 0}, "missing_lines": [], "excluded_lines": [237, 238, 239, 240, 241, 242, 243, 244, 245, 246, 247, 248, 249, 250, 251, 252], "executed_branches": [[269, 270], [269, 271], [271, 272], [271, 273], [290, 291], [290, 292], [292, 293], [292, 294], [310, 311], [310, 312], [313, 314], [313, 315], [315, 316], [315, 317]], "missing_branches": []}, "AggregatorConfig.Config": {"executed_lines": [], "summary": {"covered_lines": 0, "num_statements": 0, "percent_covered": 100.0, "percent_covered_display": "100", "missing_lines": 0, "excluded_lines": 0, "num_branches": 0, "num_partial_branches": 0, "covered_branches": 0, "missing_branches": 0}, "missing_lines": [], "excluded_lines": [], "executed_branches": [], "missing_branches": []}, "": {"executed_lines": [1, 3, 4, 6, 9, 10, 11, 14, 15, 23, 24, 25, 28, 29, 44, 45, 46, 47, 48, 54, 58, 63, 68, 72, 77, 78, 80, 81, 83, 100, 101, 102, 144, 145, 165, 170, 175, 179, 183, 188, 193, 197, 201, 205, 210, 215, 224, 229, 230, 232, 233, 234, 236, 254, 255, 256, 275, 276, 277, 296, 297, 298], "summary": {"covered_lines": 54, "num_statements": 54, "percent_covered": 100.0, "percent_covered_display": "100", "missing_lines": 0, "excluded_lines": 2, "num_branches": 0, "num_partial_branches": 0, "covered_branches": 0, "missing_branches": 0}, "missing_lines": [], "excluded_lines": [83, 236], "executed_branches": [], "missing_branches": []}}}, "src/cve_report_aggregator/core/orchestrator.py": {"executed_lines": [1, 11, 12, 13, 15, 16, 17, 18, 19, 20, 21, 22, 23, 25, 29, 30, 31, 46, 47, 48, 49, 50, 60, 61, 64, 85, 86, 87, 90, 91, 92, 93, 94, 95, 96, 100, 101, 102, 108, 109, 110, 113, 119, 120, 121, 122, 126, 127, 128, 132, 134, 137, 153, 154, 155, 159, 160, 161, 162, 164, 167, 173, 174, 176, 183, 185, 188, 189, 191, 192, 193, 196, 198, 199, 200, 203, 205, 208, 229, 230, 233, 234, 235, 236, 237, 238, 241, 243, 250, 258, 259, 266, 267, 270, 272, 273, 275, 276, 279, 281, 282, 284, 291, 292, 293, 294, 295, 296, 301, 302, 307, 309, 312, 327, 328, 330, 331, 335, 337, 339, 350, 351, 358, 361, 366, 368, 377, 384, 385, 391, 392, 393, 394, 399, 408, 411, 426, 427, 429, 432, 435, 438, 439, 440, 441, 443, 448, 451, 466, 468, 469, 472, 473, 475, 476, 477, 478, 481, 483, 484, 486, 487, 489, 491, 492, 495, 496, 498, 499, 502, 503, 504, 505, 506, 507, 508, 509, 511, 512, 517, 520, 521, 522, 530, 533, 553, 555, 558, 559, 560, 567, 569, 575, 576, 577, 579, 580, 586, 592, 593, 594, 597, 600, 601, 602, 605, 606, 607, 610, 611, 616, 619, 621, 628, 632], "summary": {"covered_lines": 212, "num_statements": 214, "percent_covered": 96.80851063829788, "percent_covered_display": "97", "missing_lines": 2, "excluded_lines": 2, "num_branches": 68, "num_partial_branches": 7, "covered_branches": 61, "missing_branches": 7}, "missing_lines": [112, 367], "excluded_lines": [25, 26], "executed_branches": [[91, 92], [91, 108], [94, 95], [94, 108], [108, 109], [108, 119], [109, 110], [119, 120], [119, 134], [159, 160], [159, 161], [161, 162], [161, 164], [173, 174], [173, 176], [185, 188], [185, 203], [188, 189], [188, 205], [192, 193], [192, 196], [198, 199], [234, 235], [234, 241], [235, 236], [235, 241], [236, 235], [236, 237], [258, 259], [258, 266], [272, 273], [272, 275], [330, 331], [330, 337], [366, 368], [392, 393], [392, 408], [481, 483], [481, 520], [483, 484], [483, 486], [495, 496], [495, 498], [498, 499], [498, 502], [502, 481], [502, 503], [504, 505], [508, 509], [520, 521], [520, 530], [559, 560], [559, 567], [579, 580], [579, 610], [593, 594], [600, 579], [600, 601], [601, 602], [601, 605], [610, 611]], "missing_branches": [[109, 112], [198, 200], [366, 367], [504, 481], [508, 481], [593, 597], [610, 619]], "functions": {"acquire_sboms": {"executed_lines": [85, 86, 87, 90, 91, 92, 93, 94, 95, 96, 100, 101, 102, 108, 109, 110, 113, 119, 120, 121, 122, 126, 127, 128, 132, 134], "summary": {"covered_lines": 26, "num_statements": 27, "percent_covered": 94.5945945945946, "percent_covered_display": "95", "missing_lines": 1, "excluded_lines": 0, "num_branches": 10, "num_partial_branches": 1, "covered_branches": 9, "missing_branches": 1}, "missing_lines": [112], "excluded_lines": [], "executed_branches": [[91, 92], [91, 108], [94, 95], [94, 108], [108, 109], [108, 119], [109, 110], [119, 120], [119, 134]], "missing_branches": [[109, 112]]}, "load_and_group_reports": {"executed_lines": [153, 154, 155, 159, 160, 161, 162, 164, 167, 173, 174, 176, 183, 185, 188, 189, 191, 192, 193, 196, 198, 199, 200, 203, 205], "summary": {"covered_lines": 25, "num_statements": 25, "percent_covered": 97.43589743589743, "percent_covered_display": "97", "missing_lines": 0, "excluded_lines": 0, "num_branches": 14, "num_partial_branches": 1, "covered_branches": 13, "missing_branches": 1}, "missing_lines": [], "excluded_lines": [], "executed_branches": [[159, 160], [159, 161], [161, 162], [161, 164], [173, 174], [173, 176], [185, 188], [185, 203], [188, 189], [188, 205], [192, 193], [192, 196], [198, 199]], "missing_branches": [[198, 200]]}, "process_package_reports": {"executed_lines": [229, 230, 233, 234, 235, 236, 237, 238, 241, 243, 250, 258, 259, 266, 267, 270, 272, 273, 275, 276, 279, 281, 282, 284, 291, 292, 293, 294, 295, 296, 301, 302, 307, 309], "summary": {"covered_lines": 34, "num_statements": 34, "percent_covered": 100.0, "percent_covered_display": "100", "missing_lines": 0, "excluded_lines": 0, "num_branches": 10, "num_partial_branches": 0, "covered_branches": 10, "missing_branches": 0}, "missing_lines": [], "excluded_lines": [], "executed_branches": [[234, 235], [234, 241], [235, 236], [235, 241], [236, 235], [236, 237], [258, 259], [258, 266], [272, 273], [272, 275]], "missing_branches": []}, "enrich_report": {"executed_lines": [327, 328, 330, 331, 335, 337, 339, 350, 351, 358, 361, 366, 368, 377, 384, 385, 391, 392, 393, 394, 399, 408], "summary": {"covered_lines": 22, "num_statements": 23, "percent_covered": 93.10344827586206, "percent_covered_display": "93", "missing_lines": 1, "excluded_lines": 0, "num_branches": 6, "num_partial_branches": 1, "covered_branches": 5, "missing_branches": 1}, "missing_lines": [367], "excluded_lines": [], "executed_branches": [[330, 331], [330, 337], [366, 368], [392, 393], [392, 408]], "missing_branches": [[366, 367]]}, "create_executive_summary_report": {"executed_lines": [426, 427, 429, 432, 435, 438, 439, 440, 441, 443, 448], "summary": {"covered_lines": 11, "num_statements": 11, "percent_covered": 100.0, "percent_covered_display": "100", "missing_lines": 0, "excluded_lines": 0, "num_branches": 0, "num_partial_branches": 0, "covered_branches": 0, "missing_branches": 0}, "missing_lines": [], "excluded_lines": [], "executed_branches": [], "missing_branches": []}, "aggregate_statistics": {"executed_lines": [466, 468, 469, 472, 473, 475, 476, 477, 478, 481, 483, 484, 486, 487, 489, 491, 492, 495, 496, 498, 499, 502, 503, 504, 505, 506, 507, 508, 509, 511, 512, 517, 520, 521, 522, 530], "summary": {"covered_lines": 36, "num_statements": 36, "percent_covered": 96.15384615384616, "percent_covered_display": "96", "missing_lines": 0, "excluded_lines": 0, "num_branches": 16, "num_partial_branches": 2, "covered_branches": 14, "missing_branches": 2}, "missing_lines": [], "excluded_lines": [], "executed_branches": [[481, 483], [481, 520], [483, 484], [483, 486], [495, 496], [495, 498], [498, 499], [498, 502], [502, 481], [502, 503], [504, 505], [508, 509], [520, 521], [520, 530]], "missing_branches": [[504, 481], [508, 481]]}, "run_aggregation": {"executed_lines": [553, 555, 558, 559, 560, 567, 569, 575, 576, 577, 579, 580, 586, 592, 593, 594, 597, 600, 601, 602, 605, 606, 607, 610, 611, 616, 619, 621, 628], "summary": {"covered_lines": 29, "num_statements": 29, "percent_covered": 95.1219512195122, "percent_covered_display": "95", "missing_lines": 0, "excluded_lines": 0, "num_branches": 12, "num_partial_branches": 2, "covered_branches": 10, "missing_branches": 2}, "missing_lines": [], "excluded_lines": [], "executed_branches": [[559, 560], [559, 567], [579, 580], [579, 610], [593, 594], [600, 579], [600, 601], [601, 602], [601, 605], [610, 611]], "missing_branches": [[593, 597], [610, 619]]}, "": {"executed_lines": [1, 11, 12, 13, 15, 16, 17, 18, 19, 20, 21, 22, 23, 25, 29, 30, 31, 46, 47, 48, 49, 50, 60, 61, 64, 137, 208, 312, 411, 451, 533, 632], "summary": {"covered_lines": 29, "num_statements": 29, "percent_covered": 100.0, "percent_covered_display": "100", "missing_lines": 0, "excluded_lines": 2, "num_branches": 0, "num_partial_branches": 0, "covered_branches": 0, "missing_branches": 0}, "missing_lines": [], "excluded_lines": [25, 26], "executed_branches": [], "missing_branches": []}}, "classes": {"AggregationResult": {"executed_lines": [], "summary": {"covered_lines": 0, "num_statements": 0, "percent_covered": 100.0, "percent_covered_display": "100", "missing_lines": 0, "excluded_lines": 0, "num_branches": 0, "num_partial_branches": 0, "covered_branches": 0, "missing_branches": 0}, "missing_lines": [], "excluded_lines": [], "executed_branches": [], "missing_branches": []}, "": {"executed_lines": [1, 11, 12, 13, 15, 16, 17, 18, 19, 20, 21, 22, 23, 25, 29, 30, 31, 46, 47, 48, 49, 50, 60, 61, 64, 85, 86, 87, 90, 91, 92, 93, 94, 95, 96, 100, 101, 102, 108, 109, 110, 113, 119, 120, 121, 122, 126, 127, 128, 132, 134, 137, 153, 154, 155, 159, 160, 161, 162, 164, 167, 173, 174, 176, 183, 185, 188, 189, 191, 192, 193, 196, 198, 199, 200, 203, 205, 208, 229, 230, 233, 234, 235, 236, 237, 238, 241, 243, 250, 258, 259, 266, 267, 270, 272, 273, 275, 276, 279, 281, 282, 284, 291, 292, 293, 294, 295, 296, 301, 302, 307, 309, 312, 327, 328, 330, 331, 335, 337, 339, 350, 351, 358, 361, 366, 368, 377, 384, 385, 391, 392, 393, 394, 399, 408, 411, 426, 427, 429, 432, 435, 438, 439, 440, 441, 443, 448, 451, 466, 468, 469, 472, 473, 475, 476, 477, 478, 481, 483, 484, 486, 487, 489, 491, 492, 495, 496, 498, 499, 502, 503, 504, 505, 506, 507, 508, 509, 511, 512, 517, 520, 521, 522, 530, 533, 553, 555, 558, 559, 560, 567, 569, 575, 576, 577, 579, 580, 586, 592, 593, 594, 597, 600, 601, 602, 605, 606, 607, 610, 611, 616, 619, 621, 628, 632], "summary": {"covered_lines": 212, "num_statements": 214, "percent_covered": 96.80851063829788, "percent_covered_display": "97", "missing_lines": 2, "excluded_lines": 2, "num_branches": 68, "num_partial_branches": 7, "covered_branches": 61, "missing_branches": 7}, "missing_lines": [112, 367], "excluded_lines": [25, 26], "executed_branches": [[91, 92], [91, 108], [94, 95], [94, 108], [108, 109], [108, 119], [109, 110], [119, 120], [119, 134], [159, 160], [159, 161], [161, 162], [161, 164], [173, 174], [173, 176], [185, 188], [185, 203], [188, 189], [188, 205], [192, 193], [192, 196], [198, 199], [234, 235], [234, 241], [235, 236], [235, 241], [236, 235], [236, 237], [258, 259], [258, 266], [272, 273], [272, 275], [330, 331], [330, 337], [366, 368], [392, 393], [392, 408], [481, 483], [481, 520], [483, 484], [483, 486], [495, 496], [495, 498], [498, 499], [498, 502], [502, 481], [502, 503], [504, 505], [508, 509], [520, 521], [520, 530], [559, 560], [559, 567], [579, 580], [579, 610], [593, 594], [600, 579], [600, 601], [601, 602], [601, 605], [610, 611]], "missing_branches": [[109, 112], [198, 200], [366, 367], [504, 481], [508, 481], [593, 597], [610, 619]]}}}, "src/cve_report_aggregator/core/validation.py": {"executed_lines": [1, 8, 10, 11, 13, 17, 18, 27, 30, 31, 33, 40, 41, 42, 43, 44, 45, 48, 54, 55, 61, 70, 71, 75, 76, 82, 90, 91, 97, 105, 106, 112, 128, 129, 130, 133, 134, 135, 136, 139, 140, 141, 142, 145, 146, 152, 167, 170, 171, 172, 174, 175, 177, 184], "summary": {"covered_lines": 50, "num_statements": 52, "percent_covered": 95.1219512195122, "percent_covered_display": "95", "missing_lines": 2, "excluded_lines": 2, "num_branches": 30, "num_partial_branches": 2, "covered_branches": 28, "missing_branches": 2}, "missing_lines": [179, 180], "excluded_lines": [13, 14], "executed_branches": [[43, 44], [43, 45], [54, -48], [54, 55], [70, 71], [70, 75], [75, -61], [75, 76], [90, -82], [90, 91], [105, -97], [105, 106], [133, 134], [133, 135], [135, 136], [135, 139], [139, 140], [139, 141], [141, 142], [145, -112], [145, 146], [170, -152], [170, 171], [171, 172], [171, 174], [174, 175], [174, 177], [177, -152]], "missing_branches": [[141, 145], [177, 179]], "functions": {"MissingToolError.__init__": {"executed_lines": [40, 41, 42, 43, 44, 45], "summary": {"covered_lines": 6, "num_statements": 6, "percent_covered": 100.0, "percent_covered_display": "100", "missing_lines": 0, "excluded_lines": 0, "num_branches": 2, "num_partial_branches": 0, "covered_branches": 2, "missing_branches": 0}, "missing_lines": [], "excluded_lines": [], "executed_branches": [[43, 44], [43, 45]], "missing_branches": []}, "validate_grype_requirements": {"executed_lines": [54, 55], "summary": {"covered_lines": 2, "num_statements": 2, "percent_covered": 100.0, "percent_covered_display": "100", "missing_lines": 0, "excluded_lines": 0, "num_branches": 2, "num_partial_branches": 0, "covered_branches": 2, "missing_branches": 0}, "missing_lines": [], "excluded_lines": [], "executed_branches": [[54, -48], [54, 55]], "missing_branches": []}, "validate_trivy_requirements": {"executed_lines": [70, 71, 75, 76], "summary": {"covered_lines": 4, "num_statements": 4, "percent_covered": 100.0, "percent_covered_display": "100", "missing_lines": 0, "excluded_lines": 0, "num_branches": 4, "num_partial_branches": 0, "covered_branches": 4, "missing_branches": 0}, "missing_lines": [], "excluded_lines": [], "executed_branches": [[70, 71], [70, 75], [75, -61], [75, 76]], "missing_branches": []}, "validate_uds_requirements": {"executed_lines": [90, 91], "summary": {"covered_lines": 2, "num_statements": 2, "percent_covered": 100.0, "percent_covered_display": "100", "missing_lines": 0, "excluded_lines": 0, "num_branches": 2, "num_partial_branches": 0, "covered_branches": 2, "missing_branches": 0}, "missing_lines": [], "excluded_lines": [], "executed_branches": [[90, -82], [90, 91]], "missing_branches": []}, "validate_zarf_requirements": {"executed_lines": [105, 106], "summary": {"covered_lines": 2, "num_statements": 2, "percent_covered": 100.0, "percent_covered_display": "100", "missing_lines": 0, "excluded_lines": 0, "num_branches": 2, "num_partial_branches": 0, "covered_branches": 2, "missing_branches": 0}, "missing_lines": [], "excluded_lines": [], "executed_branches": [[105, -97], [105, 106]], "missing_branches": []}, "validate_scanner_tools": {"executed_lines": [128, 129, 130, 133, 134, 135, 136, 139, 140, 141, 142, 145, 146], "summary": {"covered_lines": 13, "num_statements": 13, "percent_covered": 95.65217391304348, "percent_covered_display": "96", "missing_lines": 0, "excluded_lines": 0, "num_branches": 10, "num_partial_branches": 1, "covered_branches": 9, "missing_branches": 1}, "missing_lines": [], "excluded_lines": [], "executed_branches": [[133, 134], [133, 135], [135, 136], [135, 139], [139, 140], [139, 141], [141, 142], [145, -112], [145, 146]], "missing_branches": [[141, 145]]}, "validate_configuration": {"executed_lines": [167, 170, 171, 172, 174, 175, 177], "summary": {"covered_lines": 7, "num_statements": 9, "percent_covered": 82.3529411764706, "percent_covered_display": "82", "missing_lines": 2, "excluded_lines": 0, "num_branches": 8, "num_partial_branches": 1, "covered_branches": 7, "missing_branches": 1}, "missing_lines": [179, 180], "excluded_lines": [], "executed_branches": [[170, -152], [170, 171], [171, 172], [171, 174], [174, 175], [174, 177], [177, -152]], "missing_branches": [[177, 179]]}, "": {"executed_lines": [1, 8, 10, 11, 13, 17, 18, 27, 30, 31, 33, 48, 61, 82, 97, 112, 152, 184], "summary": {"covered_lines": 14, "num_statements": 14, "percent_covered": 100.0, "percent_covered_display": "100", "missing_lines": 0, "excluded_lines": 2, "num_branches": 0, "num_partial_branches": 0, "covered_branches": 0, "missing_branches": 0}, "missing_lines": [], "excluded_lines": [13, 14], "executed_branches": [], "missing_branches": []}}, "classes": {"ConfigValidationError": {"executed_lines": [], "summary": {"covered_lines": 0, "num_statements": 0, "percent_covered": 100.0, "percent_covered_display": "100", "missing_lines": 0, "excluded_lines": 0, "num_branches": 0, "num_partial_branches": 0, "covered_branches": 0, "missing_branches": 0}, "missing_lines": [], "excluded_lines": [], "executed_branches": [], "missing_branches": []}, "MissingToolError": {"ex
[...]
y": {"covered_lines": 23, "num_statements": 23, "percent_covered": 95.1219512195122, "percent_covered_display": "95", "missing_lines": 0, "excluded_lines": 0, "num_branches": 18, "num_partial_branches": 2, "covered_branches": 16, "missing_branches": 2}, "missing_lines": [], "excluded_lines": [], "executed_branches": [[46, 47], [46, 50], [50, 52], [50, 77], [53, 54], [53, 59], [55, 56], [60, 61], [60, 64], [62, 63], [64, 65], [64, 68], [69, 71], [69, 77], [72, 73], [72, 74]], "missing_branches": [[55, 59], [62, 68]]}, "_create_vulnerability_entry": {"executed_lines": [86], "summary": {"covered_lines": 1, "num_statements": 1, "percent_covered": 100.0, "percent_covered_display": "100", "missing_lines": 0, "excluded_lines": 0, "num_branches": 0, "num_partial_branches": 0, "covered_branches": 0, "missing_branches": 0}, "missing_lines": [], "excluded_lines": [], "executed_branches": [], "missing_branches": []}, "_extract_cve_ids": {"executed_lines": [106, 108, 109, 110, 111, 112], "summary": {"covered_lines": 6, "num_statements": 6, "percent_covered": 100.0, "percent_covered_display": "100", "missing_lines": 0, "excluded_lines": 0, "num_branches": 4, "num_partial_branches": 0, "covered_branches": 4, "missing_branches": 0}, "missing_lines": [], "excluded_lines": [], "executed_branches": [[108, 109], [108, 112], [110, 108], [110, 111]], "missing_branches": []}, "_select_vulnerability_data": {"executed_lines": [136, 137, 138, 140, 141, 142, 143, 144, 145, 146, 147, 148], "summary": {"covered_lines": 12, "num_statements": 12, "percent_covered": 95.45454545454545, "percent_covered_display": "95", "missing_lines": 0, "excluded_lines": 0, "num_branches": 10, "num_partial_branches": 1, "covered_branches": 9, "missing_branches": 1}, "missing_lines": [], "excluded_lines": [], "executed_branches": [[136, 137], [136, 144], [140, 141], [142, -115], [142, 143], [144, -115], [144, 145], [147, -115], [147, 148]], "missing_branches": [[140, -115]]}, "_process_trivy_vulnerability": {"executed_lines": [171, 172, 173, 176, 179, 180, 183, 193, 196, 205, 206, 212, 215], "summary": {"covered_lines": 13, "num_statements": 13, "percent_covered": 100.0, "percent_covered_display": "100", "missing_lines": 0, "excluded_lines": 0, "num_branches": 4, "num_partial_branches": 0, "covered_branches": 4, "missing_branches": 0}, "missing_lines": [], "excluded_lines": [], "executed_branches": [[172, 173], [172, 176], [205, 206], [205, 212]], "missing_branches": []}, "_process_grype_match": {"executed_lines": [243, 246, 247, 250, 253, 254, 257, 267, 270, 273, 284, 285, 286], "summary": {"covered_lines": 13, "num_statements": 13, "percent_covered": 100.0, "percent_covered_display": "100", "missing_lines": 0, "excluded_lines": 0, "num_branches": 4, "num_partial_branches": 0, "covered_branches": 4, "missing_branches": 0}, "missing_lines": [], "excluded_lines": [], "executed_branches": [[284, -224], [284, 285], [285, 284], [285, 286]], "missing_branches": []}, "deduplicate_vulnerabilities": {"executed_lines": [307, 311, 312, 313, 315, 317, 320, 322, 323, 335, 338, 339, 348], "summary": {"covered_lines": 13, "num_statements": 13, "percent_covered": 100.0, "percent_covered_display": "100", "missing_lines": 0, "excluded_lines": 0, "num_branches": 10, "num_partial_branches": 0, "covered_branches": 10, "missing_branches": 0}, "missing_lines": [], "excluded_lines": [], "executed_branches": [[311, 312], [311, 348], [315, 317], [315, 335], [320, 311], [320, 322], [322, 320], [322, 323], [338, 311], [338, 339]], "missing_branches": []}, "": {"executed_lines": [1, 3, 4, 6, 23, 24, 27, 80, 97, 115, 151, 224, 289], "summary": {"covered_lines": 12, "num_statements": 12, "percent_covered": 100.0, "percent_covered_display": "100", "missing_lines": 0, "excluded_lines": 0, "num_branches": 0, "num_partial_branches": 0, "covered_branches": 0, "missing_branches": 0}, "missing_lines": [], "excluded_lines": [], "executed_branches": [], "missing_branches": []}}, "classes": {"": {"executed_lines": [1, 3, 4, 6, 23, 24, 27, 43, 46, 47, 50, 52, 53, 54, 55, 56, 59, 60, 61, 62, 63, 64, 65, 68, 69, 71, 72, 73, 74, 77, 80, 86, 97, 106, 108, 109, 110, 111, 112, 115, 136, 137, 138, 140, 141, 142, 143, 144, 145, 146, 147, 148, 151, 171, 172, 173, 176, 179, 180, 183, 193, 196, 205, 206, 212, 215, 224, 243, 246, 247, 250, 253, 254, 257, 267, 270, 273, 284, 285, 286, 289, 307, 311, 312, 313, 315, 317, 320, 322, 323, 335, 338, 339, 348], "summary": {"covered_lines": 93, "num_statements": 93, "percent_covered": 97.9020979020979, "percent_covered_display": "98", "missing_lines": 0, "excluded_lines": 0, "num_branches": 50, "num_partial_branches": 3, "covered_branches": 47, "missing_branches": 3}, "missing_lines": [], "excluded_lines": [], "executed_branches": [[46, 47], [46, 50], [50, 52], [50, 77], [53, 54], [53, 59], [55, 56], [60, 61], [60, 64], [62, 63], [64, 65], [64, 68], [69, 71], [69, 77], [72, 73], [72, 74], [108, 109], [108, 112], [110, 108], [110, 111], [136, 137], [136, 144], [140, 141], [142, -115], [142, 143], [144, -115], [144, 145], [147, -115], [147, 148], [172, 173], [172, 176], [205, 206], [205, 212], [284, -224], [284, 285], [285, 284], [285, 286], [311, 312], [311, 348], [315, 317], [315, 335], [320, 311], [320, 322], [322, 320], [322, 323], [338, 311], [338, 339]], "missing_branches": [[55, 59], [62, 68], [140, -115]]}}}, "src/cve_report_aggregator/processing/scanner.py": {"executed_lines": [1, 3, 4, 5, 6, 7, 9, 11, 12, 13, 14, 16, 19, 30, 32, 33, 38, 39, 45, 47, 48, 50, 51, 52, 53, 54, 57, 58, 62, 65, 76, 78, 79, 81, 82, 89, 90, 92, 93, 94, 95, 96, 99, 100, 104, 107, 122, 123, 124, 127, 128, 129, 130, 131, 134, 135, 137, 140, 142, 144, 151, 154, 156, 157, 158, 160, 166, 168, 175, 178, 181, 183, 184, 185, 187, 201, 207, 208, 212, 214, 217, 231, 232, 235, 237, 238, 239, 240, 241, 244, 245, 246, 247, 250, 252, 253, 254, 255, 256, 257, 262, 263, 264, 270, 271, 277, 279, 281, 282, 283, 284, 292, 293, 297, 298, 302, 303, 308, 309, 313, 314, 315, 316, 321], "summary": {"covered_lines": 123, "num_statements": 133, "percent_covered": 89.50276243093923, "percent_covered_display": "90", "missing_lines": 10, "excluded_lines": 0, "num_branches": 48, "num_partial_branches": 7, "covered_branches": 39, "missing_branches": 9}, "missing_lines": [145, 161, 169, 188, 195, 196, 202, 206, 285, 286], "excluded_lines": [], "executed_branches": [[32, 33], [32, 38], [47, 48], [47, 50], [78, 79], [78, 81], [89, 90], [89, 92], [128, 129], [128, 134], [134, 135], [134, 214], [142, 144], [142, 166], [144, 151], [160, 134], [166, 168], [168, 175], [187, 134], [231, 232], [231, 235], [238, 239], [238, 244], [244, 245], [244, 321], [250, 252], [250, 262], [255, 244], [255, 256], [262, 263], [262, 308], [263, 264], [263, 270], [279, 281], [279, 292], [284, 244], [292, 293], [308, 244], [308, 309]], "missing_branches": [[144, 145], [160, 161], [166, 195], [168, 169], [187, 188], [195, 134], [195, 196], [284, 285], [292, 244]], "functions": {"convert_to_cyclonedx": {"executed_lines": [30, 32, 33, 38, 39, 45, 47, 48, 50, 51, 52, 53, 54, 57, 58, 62], "summary": {"covered_lines": 16, "num_statements": 16, "percent_covered": 100.0, "percent_covered_display": "100", "missing_lines": 0, "excluded_lines": 0, "num_branches": 4, "num_partial_branches": 0, "covered_branches": 4, "missing_branches": 0}, "missing_lines": [], "excluded_lines": [], "executed_branches": [[32, 33], [32, 38], [47, 48], [47, 50]], "missing_branches": []}, "scan_with_trivy": {"executed_lines": [76, 78, 79, 81, 82, 89, 90, 92, 93, 94, 95, 96, 99, 100, 104], "summary": {"covered_lines": 15, "num_statements": 15, "percent_covered": 100.0, "percent_covered_display": "100", "missing_lines": 0, "excluded_lines": 0, "num_branches": 4, "num_partial_branches": 0, "covered_branches": 4, "missing_branches": 0}, "missing_lines": [], "excluded_lines": [], "executed_branches": [[78, 79], [78, 81], [89, 90], [89, 92]], "missing_branches": []}, "process_trivy_reports": {"executed_lines": [122, 123, 124, 127, 128, 129, 130, 131, 134, 135, 137, 140, 142, 144, 151, 154, 156, 157, 158, 160, 166, 168, 175, 178, 181, 183, 184, 185, 187, 201, 207, 208, 212, 214], "summary": {"covered_lines": 34, "num_statements": 42, "percent_covered": 75.0, "percent_covered_display": "75", "missing_lines": 8, "excluded_lines": 0, "num_branches": 18, "num_partial_branches": 5, "covered_branches": 11, "missing_branches": 7}, "missing_lines": [145, 161, 169, 188, 195, 196, 202, 206], "excluded_lines": [], "executed_branches": [[128, 129], [128, 134], [134, 135], [134, 214], [142, 144], [142, 166], [144, 151], [160, 134], [166, 168], [168, 175], [187, 134]], "missing_branches": [[144, 145], [160, 161], [166, 195], [168, 169], [187, 188], [195, 134], [195, 196]]}, "load_reports": {"executed_lines": [231, 232, 235, 237, 238, 239, 240, 241, 244, 245, 246, 247, 250, 252, 253, 254, 255, 256, 257, 262, 263, 264, 270, 271, 277, 279, 281, 282, 283, 284, 292, 293, 297, 298, 302, 303, 308, 309, 313, 314, 315, 316, 321], "summary": {"covered_lines": 43, "num_statements": 45, "percent_covered": 94.02985074626865, "percent_covered_display": "94", "missing_lines": 2, "excluded_lines": 0, "num_branches": 22, "num_partial_branches": 2, "covered_branches": 20, "missing_branches": 2}, "missing_lines": [285, 286], "excluded_lines": [], "executed_branches": [[231, 232], [231, 235], [238, 239], [238, 244], [244, 245], [244, 321], [250, 252], [250, 262], [255, 244], [255, 256], [262, 263], [262, 308], [263, 264], [263, 270], [279, 281], [279, 292], [284, 244], [292, 293], [308, 244], [308, 309]], "missing_branches": [[284, 285], [292, 244]]}, "": {"executed_lines": [1, 3, 4, 5, 6, 7, 9, 11, 12, 13, 14, 16, 19, 65, 107, 217], "summary": {"covered_lines": 15, "num_statements": 15, "percent_covered": 100.0, "percent_covered_display": "100", "missing_lines": 0, "excluded_lines": 0, "num_branches": 0, "num_partial_branches": 0, "covered_branches": 0, "missing_branches": 0}, "missing_lines": [], "excluded_lines": [], "executed_branches": [], "missing_branches": []}}, "classes": {"": {"executed_lines": [1, 3, 4, 5, 6, 7, 9, 11, 12, 13, 14, 16, 19, 30, 32, 33, 38, 39, 45, 47, 48, 50, 51, 52, 53, 54, 57, 58, 62, 65, 76, 78, 79, 81, 82, 89, 90, 92, 93, 94, 95, 96, 99, 100, 104, 107, 122, 123, 124, 127, 128, 129, 130, 131, 134, 135, 137, 140, 142, 144, 151, 154, 156, 157, 158, 160, 166, 168, 175, 178, 181, 183, 184, 185, 187, 201, 207, 208, 212, 214, 217, 231, 232, 235, 237, 238, 239, 240, 241, 244, 245, 246, 247, 250, 252, 253, 254, 255, 256, 257, 262, 263, 264, 270, 271, 277, 279, 281, 282, 283, 284, 292, 293, 297, 298, 302, 303, 308, 309, 313, 314, 315, 316, 321], "summary": {"covered_lines": 123, "num_statements": 133, "percent_covered": 89.50276243093923, "percent_covered_display": "90", "missing_lines": 10, "excluded_lines": 0, "num_branches": 48, "num_partial_branches": 7, "covered_branches": 39, "missing_branches": 9}, "missing_lines": [145, 161, 169, 188, 195, 196, 202, 206, 285, 286], "excluded_lines": [], "executed_branches": [[32, 33], [32, 38], [47, 48], [47, 50], [78, 79], [78, 81], [89, 90], [89, 92], [128, 129], [128, 134], [134, 135], [134, 214], [142, 144], [142, 166], [144, 151], [160, 134], [166, 168], [168, 175], [187, 134], [231, 232], [231, 235], [238, 239], [238, 244], [244, 245], [244, 321], [250, 252], [250, 262], [255, 244], [255, 256], [262, 263], [262, 308], [263, 264], [263, 270], [279, 281], [279, 292], [284, 244], [292, 293], [308, 244], [308, 309]], "missing_branches": [[144, 145], [160, 161], [166, 195], [168, 169], [187, 188], [195, 134], [195, 196], [284, 285], [292, 244]]}}}, "src/cve_report_aggregator/processing/severity.py": {"executed_lines": [1, 3, 5, 15, 24, 27, 40, 41, 43, 44, 47, 49, 50, 53, 55, 56, 59, 60, 61, 62, 63, 66, 69, 70, 74, 75, 76, 78, 81, 90, 91, 94, 106, 107, 110, 111, 113, 114, 118, 119, 120, 122, 123, 126, 127, 130, 131, 134, 135, 139, 140, 143, 144, 147, 148, 150, 153, 166, 167, 170, 171, 174, 175, 178, 182, 186, 187, 189, 190, 192], "summary": {"covered_lines": 69, "num_statements": 75, "percent_covered": 85.6, "percent_covered_display": "86", "missing_lines": 6, "excluded_lines": 0, "num_branches": 50, "num_partial_branches": 12, "covered_branches": 38, "missing_branches": 12}, "missing_lines": [51, 71, 115, 136, 179, 183], "excluded_lines": [], "executed_branches": [[43, 44], [43, 47], [47, 49], [47, 66], [49, 50], [49, 78], [50, 53], [55, 56], [55, 59], [60, 61], [62, 63], [66, 69], [69, 70], [69, 78], [70, 74], [75, 76], [106, 107], [106, 110], [110, 111], [110, 130], [113, 114], [113, 126], [114, 118], [119, 120], [122, 113], [122, 123], [130, 131], [134, 135], [134, 147], [135, 139], [143, 134], [143, 144], [166, 167], [166, 170], [174, 175], [174, 178], [178, 182], [182, 186]], "missing_branches": [[50, 51], [60, 49], [62, 49], [66, 78], [70, 71], [75, 69], [114, 115], [119, 113], [130, 150], [135, 136], [178, 179], [182, 183]], "functions": {"get_severity_rank": {"executed_lines": [24], "summary": {"covered_lines": 1, "num_statements": 1, "percent_covered": 100.0, "percent_covered_display": "100", "missing_lines": 0, "excluded_lines": 0, "num_branches": 0, "num_partial_branches": 0, "covered_branches": 0, "missing_branches": 0}, "missing_lines": [], "excluded_lines": [], "executed_branches": [], "missing_branches": []}, "extract_cvss3_scores": {"executed_lines": [40, 41, 43, 44, 47, 49, 50, 53, 55, 56, 59, 60, 61, 62, 63, 66, 69, 70, 74, 75, 76, 78], "summary": {"covered_lines": 22, "num_statements": 24, "percent_covered": 82.6086956521739, "percent_covered_display": "83", "missing_lines": 2, "excluded_lines": 0, "num_branches": 22, "num_partial_branches": 6, "covered_branches": 16, "missing_branches": 6}, "missing_lines": [51, 71], "excluded_lines": [], "executed_branches": [[43, 44], [43, 47], [47, 49], [47, 66], [49, 50], [49, 78], [50, 53], [55, 56], [55, 59], [60, 61], [62, 63], [66, 69], [69, 70], [69, 78], [70, 74], [75, 76]], "missing_branches": [[50, 51], [60, 49], [62, 49], [66, 78], [70, 71], [75, 69]]}, "get_highest_cvss3_score": {"executed_lines": [90, 91], "summary": {"covered_lines": 2, "num_statements": 2, "percent_covered": 100.0, "percent_covered_display": "100", "missing_lines": 0, "excluded_lines": 0, "num_branches": 0, "num_partial_branches": 0, "covered_branches": 0, "missing_branches": 0}, "missing_lines": [], "excluded_lines": [], "executed_branches": [], "missing_branches": []}, "filter_null_cvss_scores": {"executed_lines": [106, 107, 110, 111, 113, 114, 118, 119, 120, 122, 123, 126, 127, 130, 131, 134, 135, 139, 140, 143, 144, 147, 148, 150], "summary": {"covered_lines": 24, "num_statements": 26, "percent_covered": 86.95652173913044, "percent_covered_display": "87", "missing_lines": 2, "excluded_lines": 0, "num_branches": 20, "num_partial_branches": 4, "covered_branches": 16, "missing_branches": 4}, "missing_lines": [115, 136], "excluded_lines": [], "executed_branches": [[106, 107], [106, 110], [110, 111], [110, 130], [113, 114], [113, 126], [114, 118], [119, 120], [122, 113], [122, 123], [130, 131], [134, 135], [134, 147], [135, 139], [143, 134], [143, 144]], "missing_branches": [[114, 115], [119, 113], [130, 150], [135, 136]]}, "select_highest_severity": {"executed_lines": [166, 167, 170, 171, 174, 175, 178, 182, 186, 187, 189, 190, 192], "summary": {"covered_lines": 13, "num_statements": 15, "percent_covered": 82.6086956521739, "percent_covered_display": "83", "missing_lines": 2, "excluded_lines": 0, "num_branches": 8, "num_partial_branches": 2, "covered_branches": 6, "missing_branches": 2}, "missing_lines": [179, 183], "excluded_lines": [], "executed_branches": [[166, 167], [166, 170], [174, 175], [174, 178], [178, 182], [182, 186]], "missing_branches": [[178, 179], [182, 183]]}, "": {"executed_lines": [1, 3, 5, 15, 27, 81, 94, 153], "summary": {"covered_lines": 7, "num_statements": 7, "percent_covered": 100.0, "percent_covered_display": "100", "missing_lines": 0, "excluded_lines": 0, "num_branches": 0, "num_partial_branches": 0, "covered_branches": 0, "missing_branches": 0}, "missing_lines": [], "excluded_lines": [], "executed_branches": [], "missing_branches": []}}, "classes": {"": {"executed_lines": [1, 3, 5, 15, 24, 27, 40, 41, 43, 44, 47, 49, 50, 53, 55, 56, 59, 60, 61, 62, 63, 66, 69, 70, 74, 75, 76, 78, 81, 90, 91, 94, 106, 107, 110, 111, 113, 114, 118, 119, 120, 122, 123, 126, 127, 130, 131, 134, 135, 139, 140, 143, 144, 147, 148, 150, 153, 166, 167, 170, 171, 174, 175, 178, 182, 186, 187, 189, 190, 192], "summary": {"covered_lines": 69, "num_statements": 75, "percent_covered": 85.6, "percent_covered_display": "86", "missing_lines": 6, "excluded_lines": 0, "num_branches": 50, "num_partial_branches": 12, "covered_branches": 38, "missing_branches": 12}, "missing_lines": [51, 71, 115, 136, 179, 183], "excluded_lines": [], "executed_branches": [[43, 44], [43, 47], [47, 49], [47, 66], [49, 50], [49, 78], [50, 53], [55, 56], [55, 59], [60, 61], [62, 63], [66, 69], [69, 70], [69, 78], [70, 74], [75, 76], [106, 107], [106, 110], [110, 111], [110, 130], [113, 114], [113, 126], [114, 118], [119, 120], [122, 113], [122, 123], [130, 131], [134, 135], [134, 147], [135, 139], [143, 134], [143, 144], [166, 167], [166, 170], [174, 175], [174, 178], [178, 182], [182, 186]], "missing_branches": [[50, 51], [60, 49], [62, 49], [66, 78], [70, 71], [75, 69], [114, 115], [119, 113], [130, 150], [135, 136], [178, 179], [182, 183]]}}}, "src/cve_report_aggregator/utils.py": {"executed_lines": [1, 3, 5, 8, 17, 18, 24, 25, 26, 29, 38, 39, 47, 52, 53, 54, 55, 58, 60, 65, 69], "summary": {"covered_lines": 20, "num_statements": 20, "percent_covered": 100.0, "percent_covered_display": "100", "missing_lines": 0, "excluded_lines": 0, "num_branches": 4, "num_partial_branches": 0, "covered_branches": 4, "missing_branches": 0}, "missing_lines": [], "excluded_lines": [], "executed_branches": [[52, 53], [52, 58], [53, 52], [53, 54]], "missing_branches": [], "functions": {"check_command_exists": {"executed_lines": [17, 18, 24, 25, 26], "summary": {"covered_lines": 5, "num_statements": 5, "percent_covered": 100.0, "percent_covered_display": "100", "missing_lines": 0, "excluded_lines": 0, "num_branches": 0, "num_partial_branches": 0, "covered_branches": 0, "missing_branches": 0}, "missing_lines": [], "excluded_lines": [], "executed_branches": [], "missing_branches": []}, "get_scanner_version": {"executed_lines": [38, 39, 47, 52, 53, 54, 55, 58, 60, 65], "summary": {"covered_lines": 10, "num_statements": 10, "percent_covered": 100.0, "percent_covered_display": "100", "missing_lines": 0, "excluded_lines": 0, "num_branches": 4, "num_partial_branches": 0, "covered_branches": 4, "missing_branches": 0}, "missing_lines": [], "excluded_lines": [], "executed_branches": [[52, 53], [52, 58], [53, 52], [53, 54]], "missing_branches": []}, "": {"executed_lines": [1, 3, 5, 8, 29, 69], "summary": {"covered_lines": 5, "num_statements": 5, "percent_covered": 100.0, "percent_covered_display": "100", "missing_lines": 0, "excluded_lines": 0, "num_branches": 0, "num_partial_branches": 0, "covered_branches": 0, "missing_branches": 0}, "missing_lines": [], "excluded_lines": [], "executed_branches": [], "missing_branches": []}}, "classes": {"": {"executed_lines": [1, 3, 5, 8, 17, 18, 24, 25, 26, 29, 38, 39, 47, 52, 53, 54, 55, 58, 60, 65, 69], "summary": {"covered_lines": 20, "num_statements": 20, "percent_covered": 100.0, "percent_covered_display": "100", "missing_lines": 0, "excluded_lines": 0, "num_branches": 4, "num_partial_branches": 0, "covered_branches": 4, "missing_branches": 0}, "missing_lines": [], "excluded_lines": [], "executed_branches": [[52, 53], [52, 58], [53, 52], [53, 54]], "missing_branches": []}}}}, "totals": {"covered_lines": 1908, "num_statements": 1991, "percent_covered": 93.69097091046467, "percent_covered_display": "94", "missing_lines": 83, "excluded_lines": 52, "num_branches": 656, "num_partial_branches": 78, "covered_branches": 572, "missing_branches": 84}}