============================= test session starts ==============================
collecting ... collected 1480 items

tests/unit/db/test_client.py::TestDatabaseClientInitialization::test_create_in_memory_database PASSED [  0%]
tests/unit/db/test_client.py::TestDatabaseClientInitialization::test_create_file_database PASSED [  0%]
tests/unit/db/test_client.py::TestDatabaseClientInitialization::test_database_pragmas_enabled PASSED [  0%]
tests/unit/db/test_client.py::TestDatabaseClientInitialization::test_initial_data_sources_seeded PASSED [  0%]
tests/unit/db/test_client.py::TestDatabaseClientInitialization::test_data_sources_not_duplicated PASSED [  0%]
tests/unit/db/test_client.py::TestFTS5Index::test_fts_table_created PASSED [  0%]
tests/unit/db/test_client.py::TestFTS5Index::test_fts_triggers_created PASSED [  0%]
tests/unit/db/test_client.py::TestFTS5Index::test_fts_insert_trigger PASSED [  0%]
tests/unit/db/test_client.py::TestFTS5Index::test_fts_update_trigger PASSED [  0%]
tests/unit/db/test_client.py::TestFTS5Index::test_fts_delete_trigger PASSED [  0%]
tests/unit/db/test_client.py::TestDatabaseOperations::test_get_session_context_manager PASSED [  0%]
tests/unit/db/test_client.py::TestDatabaseOperations::test_get_session_autocommit_disabled PASSED [  0%]
tests/unit/db/test_client.py::TestDatabaseOperations::test_vacuum PASSED [  0%]
tests/unit/db/test_client.py::TestDatabaseOperations::test_analyze PASSED [  0%]
tests/unit/db/test_client.py::TestDatabaseOperations::test_get_db_size PASSED [  1%]
tests/unit/db/test_client.py::TestDatabaseOperations::test_get_db_size_nonexistent PASSED [  1%]
tests/unit/db/test_client.py::TestDatabaseOperations::test_get_table_counts PASSED [  1%]
tests/unit/db/test_client.py::TestDatabaseOperations::test_get_table_counts_empty_database PASSED [  1%]
tests/unit/db/test_client.py::TestDatabaseOperations::test_close_database PASSED [  1%]
tests/unit/db/test_client.py::TestDatabaseIntegrity::test_foreign_key_constraints_enabled PASSED [  1%]
tests/unit/db/test_client.py::TestDatabaseIntegrity::test_cascade_delete_vulnerability PASSED [  1%]
tests/unit/db/test_client.py::TestDatabaseIntegrity::test_indexes_created PASSED [  1%]
tests/unit/db/test_client.py::TestDatabasePerformance::test_connection_pool_configuration PASSED [  1%]
tests/unit/db/test_client.py::TestDatabasePerformance::test_wal_mode_enabled PASSED [  1%]
tests/unit/db/test_client.py::TestDatabasePerformance::test_cache_size_set PASSED [  1%]
tests/unit/db/test_client.py::TestDatabasePerformance::test_temp_store_memory PASSED [  1%]
tests/unit/db/test_client.py::TestDatabaseRecovery::test_pool_pre_ping PASSED [  1%]
tests/unit/db/test_client.py::TestDatabaseRecovery::test_session_rollback_on_error PASSED [  1%]
tests/unit/db/test_models.py::TestDataSource::test_create_data_source PASSED [  1%]
tests/unit/db/test_models.py::TestDataSource::test_data_source_repr PASSED [  2%]
tests/unit/db/test_models.py::TestDataSource::test_data_source_relationships PASSED [  2%]
tests/unit/db/test_models.py::TestVulnerability::test_create_vulnerability PASSED [  2%]
tests/unit/db/test_models.py::TestVulnerability::test_vulnerability_with_osv_id PASSED [  2%]
tests/unit/db/test_models.py::TestVulnerability::test_vulnerability_repr PASSED [  2%]
tests/unit/db/test_models.py::TestVulnerability::test_vulnerability_constraint_invalid_id PASSED [  2%]
tests/unit/db/test_models.py::TestVulnerability::test_get_highest_severity_critical PASSED [  2%]
tests/unit/db/test_models.py::TestVulnerability::test_get_highest_severity_no_metrics PASSED [  2%]
tests/unit/db/test_models.py::TestVulnerability::test_get_highest_cvss_score_v3 PASSED [  2%]
tests/unit/db/test_models.py::TestVulnerability::test_get_highest_cvss_score_v2 PASSED [  2%]
tests/unit/db/test_models.py::TestVulnerability::test_get_highest_cvss_score_no_match PASSED [  2%]
tests/unit/db/test_models.py::TestVulnerability::test_vulnerability_cascade_delete_metrics PASSED [  2%]
tests/unit/db/test_models.py::TestVulnerability::test_vulnerability_cascade_delete_weaknesses PASSED [  2%]
tests/unit/db/test_models.py::TestCVSSMetric::test_create_cvss_metric PASSED [  2%]
tests/unit/db/test_models.py::TestCVSSMetric::test_cvss_metric_repr PASSED [  2%]
tests/unit/db/test_models.py::TestCVSSMetric::test_cvss_metric_constraint_invalid_version PASSED [  3%]
tests/unit/db/test_models.py::TestCVSSMetric::test_cvss_metric_constraint_invalid_score PASSED [  3%]
tests/unit/db/test_models.py::TestCVSSMetric::test_cvss_metric_constraint_invalid_severity PASSED [  3%]
tests/unit/db/test_models.py::TestCVSSMetric::test_cvss_metric_unique_constraint PASSED [  3%]
tests/unit/db/test_models.py::TestWeakness::test_create_weakness PASSED  [  3%]
tests/unit/db/test_models.py::TestWeakness::test_weakness_repr PASSED    [  3%]
tests/unit/db/test_models.py::TestWeakness::test_weakness_constraint_invalid_source PASSED [  3%]
tests/unit/db/test_models.py::TestWeakness::test_weakness_unique_constraint PASSED [  3%]
tests/unit/db/test_models.py::TestReference::test_create_reference PASSED [  3%]
tests/unit/db/test_models.py::TestReference::test_reference_repr PASSED  [  3%]
tests/unit/db/test_models.py::TestReference::test_reference_unique_constraint PASSED [  3%]
tests/unit/db/test_models.py::TestAlias::test_create_alias PASSED        [  3%]
tests/unit/db/test_models.py::TestAlias::test_alias_repr PASSED          [  3%]
tests/unit/db/test_models.py::TestAlias::test_alias_constraint_invalid_type PASSED [  3%]
tests/unit/db/test_models.py::TestAlias::test_alias_unique_constraint PASSED [  3%]
tests/unit/db/test_models.py::TestPackage::test_create_package PASSED    [  4%]
tests/unit/db/test_models.py::TestPackage::test_package_repr PASSED      [  4%]
tests/unit/db/test_models.py::TestPackage::test_package_unique_constraint PASSED [  4%]
tests/unit/db/test_models.py::TestPackage::test_package_cascade_delete_versions PASSED [  4%]
tests/unit/db/test_models.py::TestPackageVersion::test_create_package_version PASSED [  4%]
tests/unit/db/test_models.py::TestPackageVersion::test_package_version_repr PASSED [  4%]
tests/unit/db/test_models.py::TestPackageVersion::test_package_version_unique_constraint PASSED [  4%]
tests/unit/db/test_models.py::TestSyncMetadata::test_create_sync_metadata PASSED [  4%]
tests/unit/db/test_models.py::TestSyncMetadata::test_sync_metadata_with_error PASSED [  4%]
tests/unit/db/test_models.py::TestSyncMetadata::test_sync_metadata_repr PASSED [  4%]
tests/unit/db/test_models.py::TestSyncMetadata::test_sync_metadata_constraint_invalid_status PASSED [  4%]
tests/unit/db/test_models.py::TestModelRelationships::test_vulnerability_to_cvss_metrics PASSED [  4%]
tests/unit/db/test_models.py::TestModelRelationships::test_vulnerability_to_weaknesses PASSED [  4%]
tests/unit/db/test_models.py::TestModelRelationships::test_vulnerability_to_references PASSED [  4%]
tests/unit/db/test_models.py::TestModelRelationships::test_vulnerability_to_aliases PASSED [  5%]
tests/unit/db/test_models.py::TestModelRelationships::test_vulnerability_to_packages PASSED [  5%]
tests/unit/db/test_models.py::TestModelRelationships::test_data_source_to_vulnerabilities PASSED [  5%]
tests/unit/db/test_models.py::TestModelRelationships::test_package_to_versions PASSED [  5%]
tests/unit/db/test_nist_integration.py::TestNISTClientInitialization::test_init_without_api_key PASSED [  5%]
tests/unit/db/test_nist_integration.py::TestNISTClientInitialization::test_init_with_api_key PASSED [  5%]
tests/unit/db/test_nist_integration.py::TestNISTClientInitialization::test_rate_limiter_initialization PASSED [  5%]
tests/unit/db/test_nist_integration.py::TestNISTRateLimiting::test_rate_limit_within_window PASSED [  5%]
tests/unit/db/test_nist_integration.py::TestNISTRateLimiting::test_rate_limit_resets_window PASSED [  5%]
tests/unit/db/test_nist_integration.py::TestNISTRateLimiting::test_rate_limit_with_api_key_higher_limit PASSED [  5%]
tests/unit/db/test_nist_integration.py::TestNISTFetchCVEs::test_fetch_cves_single_page PASSED [  5%]
tests/unit/db/test_nist_integration.py::TestNISTFetchCVEs::test_fetch_cves_with_filters PASSED [  5%]
tests/unit/db/test_nist_integration.py::TestNISTFetchCVEs::test_fetch_cves_by_cve_id PASSED [  5%]
tests/unit/db/test_nist_integration.py::TestNISTFetchCVEs::test_fetch_cves_empty_results PASSED [  5%]
tests/unit/db/test_nist_integration.py::TestNISTFetchCVEs::test_fetch_cves_pagination PASSED [  5%]
tests/unit/db/test_nist_integration.py::TestNISTFetchCVEs::test_fetch_cves_http_error PASSED [  6%]
tests/unit/db/test_nist_integration.py::TestNISTSyncToDatabase::test_sync_to_database_success PASSED [  6%]
tests/unit/db/test_nist_integration.py::TestNISTSyncToDatabase::test_sync_to_database_update_existing PASSED [  6%]
tests/unit/db/test_nist_integration.py::TestNISTSyncToDatabase::test_sync_to_database_with_dates PASSED [  6%]
tests/unit/db/test_nist_integration.py::TestNISTSyncToDatabase::test_sync_to_database_api_error PASSED [  6%]
tests/unit/db/test_nist_integration.py::TestNISTSyncToDatabase::test_sync_processes_all_metric_types PASSED [  6%]
tests/unit/db/test_nist_integration.py::TestNISTProcessing::test_process_cvss_metrics_primary_secondary PASSED [  6%]
tests/unit/db/test_nist_integration.py::TestNISTProcessing::test_process_weaknesses PASSED [  6%]
tests/unit/db/test_nist_integration.py::TestNISTProcessing::test_process_references PASSED [  6%]
tests/unit/db/test_osv_integration.py::TestOSVClientInitialization::test_init PASSED [  6%]
tests/unit/db/test_osv_integration.py::TestOSVQueryByCVE::test_query_by_cve_found PASSED [  6%]
tests/unit/db/test_osv_integration.py::TestOSVQueryByCVE::test_query_by_cve_not_found PASSED [  6%]
tests/unit/db/test_osv_integration.py::TestOSVQueryByCVE::test_query_by_cve_api_error PASSED [  6%]
tests/unit/db/test_osv_integration.py::TestOSVGetVulnerability::test_get_vulnerability_found PASSED [  6%]
tests/unit/db/test_osv_integration.py::TestOSVGetVulnerability::test_get_vulnerability_not_found PASSED [  6%]
tests/unit/db/test_osv_integration.py::TestOSVQueryByPackage::test_query_by_package_with_version PASSED [  7%]
tests/unit/db/test_osv_integration.py::TestOSVQueryByPackage::test_query_by_package_without_version PASSED [  7%]
tests/unit/db/test_osv_integration.py::TestOSVQueryByPackage::test_query_by_package_no_results PASSED [  7%]
tests/unit/db/test_osv_integration.py::TestOSVQueryByPurl::test_query_by_purl PASSED [  7%]
tests/unit/db/test_osv_integration.py::TestOSVQueryBatch::test_query_batch_multiple_queries PASSED [  7%]
tests/unit/db/test_osv_integration.py::TestOSVQueryBatch::test_query_batch_error PASSED [  7%]
tests/unit/db/test_osv_integration.py::TestOSVSyncVulnerabilityToDatabase::test_sync_vulnerability_with_cve_alias PASSED [  7%]
tests/unit/db/test_osv_integration.py::TestOSVSyncVulnerabilityToDatabase::test_sync_vulnerability_without_cve_alias PASSED [  7%]
tests/unit/db/test_osv_integration.py::TestOSVSyncVulnerabilityToDatabase::test_sync_vulnerability_update_existing PASSED [  7%]
tests/unit/db/test_osv_integration.py::TestOSVSyncVulnerabilityToDatabase::test_sync_vulnerability_with_cvss PASSED [  7%]
tests/unit/db/test_osv_integration.py::TestOSVSyncVulnerabilityToDatabase::test_sync_vulnerability_with_packages PASSED [  7%]
tests/unit/db/test_osv_integration.py::TestOSVSyncVulnerabilityToDatabase::test_sync_vulnerability_error_handling PASSED [  7%]
tests/unit/db/test_osv_integration.py::TestOSVSyncPackageToDatabase::test_sync_package_success PASSED [  7%]
tests/unit/db/test_osv_integration.py::TestOSVSyncPackageToDatabase::test_sync_package_no_vulnerabilities PASSED [  7%]
tests/unit/db/test_osv_integration.py::TestOSVSyncPackageToDatabase::test_sync_package_api_error PASSED [  7%]
tests/unit/db/test_osv_integration.py::TestOSVProcessingSeverity::test_process_severity_cvss_v3 PASSED [  8%]
tests/unit/db/test_osv_integration.py::TestOSVProcessingAffected::test_process_affected_with_ranges PASSED [  8%]
tests/unit/db/test_osv_integration.py::TestOSVProcessingAffected::test_process_affected_with_specific_versions PASSED [  8%]
tests/unit/db/test_osv_integration.py::TestOSVProcessingReferences::test_process_references PASSED [  8%]
tests/unit/db/test_osv_integration.py::TestOSVIntegration::test_complete_workflow PASSED [  8%]
tests/unit/db/test_repository.py::TestCreateOperations::test_create_vulnerability_minimal PASSED [  8%]
tests/unit/db/test_repository.py::TestCreateOperations::test_create_vulnerability_full PASSED [  8%]
tests/unit/db/test_repository.py::TestCreateOperations::test_add_cvss_metric PASSED [  8%]
tests/unit/db/test_repository.py::TestCreateOperations::test_add_weakness PASSED [  8%]
tests/unit/db/test_repository.py::TestCreateOperations::test_add_reference PASSED [  8%]
tests/unit/db/test_repository.py::TestCreateOperations::test_add_alias PASSED [  8%]
tests/unit/db/test_repository.py::TestCreateOperations::test_get_or_create_package_new PASSED [  8%]
tests/unit/db/test_repository.py::TestCreateOperations::test_get_or_create_package_existing PASSED [  8%]
tests/unit/db/test_repository.py::TestCreateOperations::test_add_package_version PASSED [  8%]
tests/unit/db/test_repository.py::TestReadOperations::test_get_vulnerability_by_id PASSED [  8%]
tests/unit/db/test_repository.py::TestReadOperations::test_get_vulnerability_nonexistent PASSED [  9%]
tests/unit/db/test_repository.py::TestReadOperations::test_get_vulnerability_with_related_data PASSED [  9%]
tests/unit/db/test_repository.py::TestReadOperations::test_get_vulnerabilities_by_severity_critical PASSED [  9%]
tests/unit/db/test_repository.py::TestReadOperations::test_get_vulnerabilities_by_severity_with_days PASSED [  9%]
tests/unit/db/test_repository.py::TestReadOperations::test_get_vulnerabilities_by_package PASSED [  9%]
tests/unit/db/test_repository.py::TestReadOperations::test_get_vulnerabilities_by_cwe PASSED [  9%]
tests/unit/db/test_repository.py::TestReadOperations::test_search_vulnerabilities PASSED [  9%]
tests/unit/db/test_repository.py::TestReadOperations::test_search_vulnerabilities_no_results PASSED [  9%]
tests/unit/db/test_repository.py::TestReadOperations::test_search_vulnerabilities_limit PASSED [  9%]
tests/unit/db/test_repository.py::TestReadOperations::test_get_vulnerability_by_alias PASSED [  9%]
tests/unit/db/test_repository.py::TestReadOperations::test_get_vulnerability_by_alias_nonexistent PASSED [  9%]
tests/unit/db/test_repository.py::TestReadOperations::test_get_recent_vulnerabilities PASSED [  9%]
tests/unit/db/test_repository.py::TestReadOperations::test_get_packages_by_vulnerability_count PASSED [  9%]
tests/unit/db/test_repository.py::TestUpdateOperations::test_update_vulnerability_description PASSED [  9%]
tests/unit/db/test_repository.py::TestUpdateOperations::test_update_vulnerability_status PASSED [ 10%]
tests/unit/db/test_repository.py::TestUpdateOperations::test_update_vulnerability_last_modified PASSED [ 10%]
tests/unit/db/test_repository.py::TestUpdateOperations::test_update_vulnerability_nonexistent PASSED [ 10%]
tests/unit/db/test_repository.py::TestSyncMetadataOperations::test_record_sync_success PASSED [ 10%]
tests/unit/db/test_repository.py::TestSyncMetadataOperations::test_record_sync_failure PASSED [ 10%]
tests/unit/db/test_repository.py::TestSyncMetadataOperations::test_record_sync_with_params PASSED [ 10%]
tests/unit/db/test_repository.py::TestSyncMetadataOperations::test_get_last_sync PASSED [ 10%]
tests/unit/db/test_repository.py::TestSyncMetadataOperations::test_get_last_sync_no_records PASSED [ 10%]
tests/unit/db/test_repository.py::TestSyncMetadataOperations::test_get_data_freshness PASSED [ 10%]
tests/unit/db/test_repository.py::TestStatisticsOperations::test_get_severity_breakdown PASSED [ 10%]
tests/unit/db/test_repository.py::TestStatisticsOperations::test_get_severity_breakdown_empty PASSED [ 10%]
tests/unit/db/test_repository.py::TestStatisticsOperations::test_get_ecosystem_stats PASSED [ 10%]
tests/unit/db/test_repository.py::TestStatisticsOperations::test_get_ecosystem_stats_empty PASSED [ 10%]
tests/unit/db/test_repository.py::TestTransactionManagement::test_commit PASSED [ 10%]
tests/unit/db/test_repository.py::TestTransactionManagement::test_rollback PASSED [ 10%]
tests/unit/db/test_repository.py::TestComplexQueries::test_vulnerability_with_multiple_metrics PASSED [ 11%]
tests/unit/db/test_repository.py::TestComplexQueries::test_vulnerability_with_all_relationships PASSED [ 11%]
tests/unit/db/test_repository.py::TestComplexQueries::test_query_vulnerabilities_by_multiple_criteria PASSED [ 11%]
tests/unit/db/test_repository.py::TestComplexQueries::test_package_version_ranges PASSED [ 11%]
tests/unit/db/test_severity.py::TestParseCVSSVector::test_parse_cvss_v31_critical PASSED [ 11%]
tests/unit/db/test_severity.py::TestParseCVSSVector::test_parse_cvss_v31_high PASSED [ 11%]
tests/unit/db/test_severity.py::TestParseCVSSVector::test_parse_cvss_v31_medium PASSED [ 11%]
tests/unit/db/test_severity.py::TestParseCVSSVector::test_parse_cvss_v31_low PASSED [ 11%]
tests/unit/db/test_severity.py::TestParseCVSSVector::test_parse_cvss_v31_none PASSED [ 11%]
tests/unit/db/test_severity.py::TestParseCVSSVector::test_parse_cvss_v30_critical PASSED [ 11%]
tests/unit/db/test_severity.py::TestParseCVSSVector::test_parse_cvss_v30_high PASSED [ 11%]
tests/unit/db/test_severity.py::TestParseCVSSVector::test_parse_cvss_v20_critical PASSED [ 11%]
tests/unit/db/test_severity.py::TestParseCVSSVector::test_parse_cvss_v20_high PASSED [ 11%]
tests/unit/db/test_severity.py::TestParseCVSSVector::test_parse_cvss_v20_medium PASSED [ 11%]
tests/unit/db/test_severity.py::TestParseCVSSVector::test_parse_cvss_v20_low PASSED [ 11%]
tests/unit/db/test_severity.py::TestParseCVSSVector::test_parse_cvss_v40 PASSED [ 12%]
tests/unit/db/test_severity.py::TestParseCVSSVector::test_parse_invalid_vector PASSED [ 12%]
tests/unit/db/test_severity.py::TestParseCVSSVector::test_parse_empty_vector PASSED [ 12%]
tests/unit/db/test_severity.py::TestParseCVSSVector::test_parse_none_vector PASSED [ 12%]
tests/unit/db/test_severity.py::TestParseCVSSVector::test_parse_malformed_v31_vector PASSED [ 12%]
tests/unit/db/test_severity.py::TestParseCVSSVector::test_parse_incomplete_v20_vector PASSED [ 12%]
tests/unit/db/test_severity.py::TestParseCVSSVector::test_parse_vector_with_whitespace PASSED [ 12%]
tests/unit/db/test_severity.py::TestParseCVSSVector::test_parse_vector_wrong_type PASSED [ 12%]
tests/unit/db/test_severity.py::TestParseCVSSVectorObject::test_parse_cvss_v31_object PASSED [ 12%]
tests/unit/db/test_severity.py::TestParseCVSSVectorObject::test_parse_cvss_v30_object PASSED [ 12%]
tests/unit/db/test_severity.py::TestParseCVSSVectorObject::test_parse_cvss_v20_object PASSED [ 12%]
tests/unit/db/test_severity.py::TestParseCVSSVectorObject::test_parse_cvss_v40_object PASSED [ 12%]
tests/unit/db/test_severity.py::TestParseCVSSVectorObject::test_parse_invalid_version_object PASSED [ 12%]
tests/unit/db/test_severity.py::TestParseCVSSVectorObject::test_parse_invalid_format_object PASSED [ 12%]
tests/unit/db/test_severity.py::TestScoreToSeverity::test_score_critical_boundary_high PASSED [ 12%]
tests/unit/db/test_severity.py::TestScoreToSeverity::test_score_critical_boundary_low PASSED [ 13%]
tests/unit/db/test_severity.py::TestScoreToSeverity::test_score_critical_mid PASSED [ 13%]
tests/unit/db/test_severity.py::TestScoreToSeverity::test_score_high_boundary_high PASSED [ 13%]
tests/unit/db/test_severity.py::TestScoreToSeverity::test_score_high_boundary_low PASSED [ 13%]
tests/unit/db/test_severity.py::TestScoreToSeverity::test_score_high_mid PASSED [ 13%]
tests/unit/db/test_severity.py::TestScoreToSeverity::test_score_medium_boundary_high PASSED [ 13%]
tests/unit/db/test_severity.py::TestScoreToSeverity::test_score_medium_boundary_low PASSED [ 13%]
tests/unit/db/test_severity.py::TestScoreToSeverity::test_score_medium_mid PASSED [ 13%]
tests/unit/db/test_severity.py::TestScoreToSeverity::test_score_low_boundary_high PASSED [ 13%]
tests/unit/db/test_severity.py::TestScoreToSeverity::test_score_low_boundary_low PASSED [ 13%]
tests/unit/db/test_severity.py::TestScoreToSeverity::test_score_low_mid PASSED [ 13%]
tests/unit/db/test_severity.py::TestScoreToSeverity::test_score_none PASSED [ 13%]
tests/unit/db/test_severity.py::TestScoreToSeverity::test_score_very_small PASSED [ 13%]
tests/unit/db/test_severity.py::TestScoreToSeverity::test_score_negative PASSED [ 13%]
tests/unit/db/test_severity.py::TestRealWorldVectors::test_log4j_cve_2021_44228 PASSED [ 13%]
tests/unit/db/test_severity.py::TestRealWorldVectors::test_heartbleed_cve_2014_0160 PASSED [ 14%]
tests/unit/db/test_severity.py::TestRealWorldVectors::test_shellshock_cve_2014_6271 PASSED [ 14%]
tests/unit/db/test_severity.py::TestRealWorldVectors::test_spectre_cve_2017_5753 PASSED [ 14%]
tests/unit/db/test_severity.py::TestRealWorldVectors::test_meltdown_cve_2017_5754 PASSED [ 14%]
tests/unit/db/test_severity.py::TestRealWorldVectors::test_wannacry_cve_2017_0144 PASSED [ 14%]
tests/unit/db/test_severity.py::TestEdgeCases::test_all_severity_levels PASSED [ 14%]
tests/unit/db/test_severity.py::TestEdgeCases::test_precision_boundaries PASSED [ 14%]
tests/unit/db/test_severity.py::TestEdgeCases::test_vector_with_temporal_metrics PASSED [ 14%]
tests/unit/db/test_severity.py::TestEdgeCases::test_multiple_consecutive_calls PASSED [ 14%]
tests/unit/enhance/nist/test_cache.py::TestNVDCacheInitialization::test_init_creates_cache_directory PASSED [ 14%]
tests/unit/enhance/nist/test_cache.py::TestNVDCacheInitialization::test_init_sets_config_attributes PASSED [ 14%]
tests/unit/enhance/nist/test_cache.py::TestNVDCacheInitialization::test_init_handles_existing_cache_directory PASSED [ 14%]
tests/unit/enhance/nist/test_cache.py::TestNVDCacheKeyGeneration::test_get_cache_key_normalizes_cve_id PASSED [ 14%]
tests/unit/enhance/nist/test_cache.py::TestNVDCacheKeyGeneration::test_get_cache_key_includes_hash PASSED [ 14%]
tests/unit/enhance/nist/test_cache.py::TestNVDCacheKeyGeneration::test_get_cache_key_is_deterministic PASSED [ 15%]
tests/unit/enhance/nist/test_cache.py::TestNVDCacheKeyGeneration::test_get_cache_path_returns_path_with_json_extension PASSED [ 15%]
tests/unit/enhance/nist/test_cache.py::TestNVDCacheGetTTL::test_get_ttl_for_analyzed_cve PASSED [ 15%]
tests/unit/enhance/nist/test_cache.py::TestNVDCacheGetTTL::test_get_ttl_for_modified_cve PASSED [ 15%]
tests/unit/enhance/nist/test_cache.py::TestNVDCacheGetTTL::test_get_ttl_for_other_status PASSED [ 15%]
tests/unit/enhance/nist/test_cache.py::TestNVDCacheGetTTL::test_get_ttl_for_undergoing_analysis PASSED [ 15%]
tests/unit/enhance/nist/test_cache.py::TestNVDCacheIsValid::test_is_cache_valid_returns_true_when_fresh PASSED [ 15%]
tests/unit/enhance/nist/test_cache.py::TestNVDCacheIsValid::test_is_cache_valid_returns_false_when_expired PASSED [ 15%]
tests/unit/enhance/nist/test_cache.py::TestNVDCacheIsValid::test_is_cache_valid_returns_false_when_no_cached_at PASSED [ 15%]
tests/unit/enhance/nist/test_cache.py::TestNVDCacheIsValid::test_is_cache_valid_handles_invalid_timestamp PASSED [ 15%]
tests/unit/enhance/nist/test_cache.py::TestNVDCacheIsValid::test_is_cache_valid_at_exact_boundary PASSED [ 15%]
tests/unit/enhance/nist/test_cache.py::TestNVDCacheGet::test_get_returns_none_when_cache_disabled PASSED [ 15%]
tests/unit/enhance/nist/test_cache.py::TestNVDCacheGet::test_get_returns_none_when_cache_miss PASSED [ 15%]
tests/unit/enhance/nist/test_cache.py::TestNVDCacheGet::test_get_returns_cached_cve PASSED [ 15%]
tests/unit/enhance/nist/test_cache.py::TestNVDCacheGet::test_get_returns_none_when_expired PASSED [ 15%]
tests/unit/enhance/nist/test_cache.py::TestNVDCacheGet::test_get_handles_corrupted_cache_file PASSED [ 16%]
tests/unit/enhance/nist/test_cache.py::TestNVDCacheGet::test_get_handles_missing_cve_data PASSED [ 16%]
tests/unit/enhance/nist/test_cache.py::TestNVDCacheSet::test_set_does_nothing_when_cache_disabled PASSED [ 16%]
tests/unit/enhance/nist/test_cache.py::TestNVDCacheSet::test_set_stores_cve_to_filesystem PASSED [ 16%]
tests/unit/enhance/nist/test_cache.py::TestNVDCacheSet::test_set_uses_status_based_ttl_analyzed PASSED [ 16%]
tests/unit/enhance/nist/test_cache.py::TestNVDCacheSet::test_set_uses_status_based_ttl_modified PASSED [ 16%]
tests/unit/enhance/nist/test_cache.py::TestNVDCacheSet::test_set_uses_status_based_ttl_other PASSED [ 16%]
tests/unit/enhance/nist/test_cache.py::TestNVDCacheSet::test_set_overwrites_existing_cache PASSED [ 16%]
tests/unit/enhance/nist/test_cache.py::TestNVDCacheSet::test_set_raises_on_write_error PASSED [ 16%]
tests/unit/enhance/nist/test_cache.py::TestNVDCacheDelete::test_delete_removes_existing_cache PASSED [ 16%]
tests/unit/enhance/nist/test_cache.py::TestNVDCacheDelete::test_delete_returns_false_when_not_found PASSED [ 16%]
tests/unit/enhance/nist/test_cache.py::TestNVDCacheClear::test_clear_removes_all_cache_files PASSED [ 16%]
tests/unit/enhance/nist/test_cache.py::TestNVDCacheClear::test_clear_returns_zero_when_empty PASSED [ 16%]
tests/unit/enhance/nist/test_cache.py::TestNVDCacheClearExpired::test_clear_expired_removes_only_expired PASSED [ 16%]
tests/unit/enhance/nist/test_cache.py::TestNVDCacheClearExpired::test_clear_expired_removes_corrupted_files PASSED [ 16%]
tests/unit/enhance/nist/test_cache.py::TestNVDCacheGetStats::test_get_cache_stats_returns_correct_counts PASSED [ 17%]
tests/unit/enhance/nist/test_cache.py::TestNVDCacheGetStats::test_get_cache_stats_includes_status_counts PASSED [ 17%]
tests/unit/enhance/nist/test_cache.py::TestNVDCacheGetStats::test_get_cache_stats_handles_empty_cache PASSED [ 17%]
tests/unit/enhance/nist/test_cache.py::TestNVDCacheManager::test_get_many_retrieves_multiple_cves PASSED [ 17%]
tests/unit/enhance/nist/test_cache.py::TestNVDCacheManager::test_set_many_stores_multiple_cves PASSED [ 17%]
tests/unit/enhance/nist/test_cache.py::TestNVDCacheManager::test_warm_cache_returns_count PASSED [ 17%]
tests/unit/enhance/nist/test_cache.py::TestNVDCacheIntegration::test_cache_roundtrip_preserves_data PASSED [ 17%]
tests/unit/enhance/nist/test_cache.py::TestNVDCacheIntegration::test_cache_respects_ttl_for_different_statuses PASSED [ 17%]
tests/unit/enhance/nist/test_client.py::TestNVDClientInitialization::test_client_initializes_with_default_config PASSED [ 17%]
tests/unit/enhance/nist/test_client.py::TestNVDClientInitialization::test_client_initializes_with_api_key PASSED [ 17%]
tests/unit/enhance/nist/test_client.py::TestNVDClientInitialization::test_client_initializes_with_disabled_cache PASSED [ 17%]
tests/unit/enhance/nist/test_client.py::TestNVDClientInitialization::test_client_context_manager_creates_http_client PASSED [ 17%]
tests/unit/enhance/nist/test_client.py::TestNVDClientInitialization::test_client_context_manager_closes_http_client PASSED [ 17%]
tests/unit/enhance/nist/test_client.py::TestNVDClientGetCVE::test_get_cve_returns_cve_item PASSED [ 17%]
tests/unit/enhance/nist/test_client.py::TestNVDClientGetCVE::test_get_cve_uses_cache PASSED [ 17%]
tests/unit/enhance/nist/test_client.py::TestNVDClientGetCVE::test_get_cve_stores_in_cache PASSED [ 18%]
tests/unit/enhance/nist/test_client.py::TestNVDClientGetCVE::test_get_cve_handles_not_found PASSED [ 18%]
tests/unit/enhance/nist/test_client.py::TestNVDClientGetCVE::test_get_cve_handles_rate_limit PASSED [ 18%]
tests/unit/enhance/nist/test_client.py::TestNVDClientGetCVE::test_get_cve_handles_timeout PASSED [ 18%]
tests/unit/enhance/nist/test_client.py::TestNVDClientGetCVE::test_get_cve_validates_response_format PASSED [ 18%]
tests/unit/enhance/nist/test_client.py::TestNVDClientGetCVEsBatch::test_get_cves_batch_returns_dict PASSED [ 18%]
tests/unit/enhance/nist/test_client.py::TestNVDClientGetCVEsBatch::test_get_cves_batch_uses_cache_hits PASSED [ 18%]
tests/unit/enhance/nist/test_client.py::TestNVDClientGetCVEsBatch::test_get_cves_batch_handles_not_found PASSED [ 18%]
tests/unit/enhance/nist/test_client.py::TestNVDClientGetCVEsBatch::test_get_cves_batch_handles_api_errors PASSED [ 18%]
tests/unit/enhance/nist/test_client.py::TestNVDClientSearchCVEs::test_search_cves_with_keyword PASSED [ 18%]
tests/unit/enhance/nist/test_client.py::TestNVDClientSearchCVEs::test_search_cves_with_severity_filter PASSED [ 18%]
tests/unit/enhance/nist/test_client.py::TestNVDClientSearchCVEs::test_search_cves_with_date_range PASSED [ 18%]
tests/unit/enhance/nist/test_client.py::TestNVDClientSearchCVEs::test_search_cves_with_pagination PASSED [ 18%]
tests/unit/enhance/nist/test_client.py::TestNVDClientSearchCVEs::test_search_cves_all_yields_all_results PASSED [ 18%]
tests/unit/enhance/nist/test_client.py::TestNVDClientGetCVEHistory::test_get_cve_history_retrieves_changes PASSED [ 18%]
tests/unit/enhance/nist/test_client.py::TestNVDClientGetRecentCVEs::test_get_recent_cves_retrieves_last_n_days PASSED [ 19%]
tests/unit/enhance/nist/test_client.py::TestNVDClientErrorHandling::test_handles_connection_error PASSED [ 19%]
tests/unit/enhance/nist/test_client.py::TestNVDClientErrorHandling::test_handles_server_error PASSED [ 19%]
tests/unit/enhance/nist/test_client.py::TestNVDClientErrorHandling::test_validates_cve_id_format PASSED [ 19%]
tests/unit/enhance/nist/test_client.py::TestNVDClientErrorHandling::test_validates_date_range_limit PASSED [ 19%]
tests/unit/enhance/nist/test_client.py::TestNVDClientErrorHandling::test_handles_invalid_json_response PASSED [ 19%]
tests/unit/enhance/nist/test_client.py::TestNVDClientRateLimiting::test_rate_limiter_enforces_limits PASSED [ 19%]
tests/unit/enhance/nist/test_client.py::TestNVDClientCaching::test_cache_skipped_when_disabled PASSED [ 19%]
tests/unit/enhance/nist/test_client.py::TestNVDClientCaching::test_cache_stores_cve_after_retrieval PASSED [ 19%]
tests/unit/enhance/nist/test_client.py::TestNVDClientCaching::test_cache_returns_stored_cve PASSED [ 19%]
tests/unit/enhance/nist/test_rate_limiter.py::TestRollingWindowRateLimiterInitialization::test_init_without_api_key PASSED [ 19%]
tests/unit/enhance/nist/test_rate_limiter.py::TestRollingWindowRateLimiterInitialization::test_init_with_api_key PASSED [ 19%]
tests/unit/enhance/nist/test_rate_limiter.py::TestRollingWindowRateLimiterInitialization::test_init_creates_empty_request_times PASSED [ 19%]
tests/unit/enhance/nist/test_rate_limiter.py::TestRollingWindowRateLimiterInitialization::test_init_creates_asyncio_lock PASSED [ 19%]
tests/unit/enhance/nist/test_rate_limiter.py::TestRollingWindowRateLimiterCleanOldRequests::test_clean_old_requests_removes_expired_timestamps PASSED [ 20%]
tests/unit/enhance/nist/test_rate_limiter.py::TestRollingWindowRateLimiterCleanOldRequests::test_clean_old_requests_preserves_recent_timestamps PASSED [ 20%]
tests/unit/enhance/nist/test_rate_limiter.py::TestRollingWindowRateLimiterCleanOldRequests::test_clean_old_requests_handles_empty_deque PASSED [ 20%]
tests/unit/enhance/nist/test_rate_limiter.py::TestRollingWindowRateLimiterCleanOldRequests::test_clean_old_requests_at_exact_boundary PASSED [ 20%]
tests/unit/enhance/nist/test_rate_limiter.py::TestRollingWindowRateLimiterGetCurrentRequestCount::test_get_current_request_count_returns_zero_when_empty PASSED [ 20%]
tests/unit/enhance/nist/test_rate_limiter.py::TestRollingWindowRateLimiterGetCurrentRequestCount::test_get_current_request_count_returns_correct_count PASSED [ 20%]
tests/unit/enhance/nist/test_rate_limiter.py::TestRollingWindowRateLimiterGetCurrentRequestCount::test_get_current_request_count_excludes_expired PASSED [ 20%]
tests/unit/enhance/nist/test_rate_limiter.py::TestRollingWindowRateLimiterCalculateWaitTime::test_calculate_wait_time_returns_zero_when_under_limit PASSED [ 20%]
tests/unit/enhance/nist/test_rate_limiter.py::TestRollingWindowRateLimiterCalculateWaitTime::test_calculate_wait_time_returns_positive_when_at_limit PASSED [ 20%]
tests/unit/enhance/nist/test_rate_limiter.py::TestRollingWindowRateLimiterCalculateWaitTime::test_calculate_wait_time_includes_buffer PASSED [ 20%]
tests/unit/enhance/nist/test_rate_limiter.py::TestRollingWindowRateLimiterCalculateWaitTime::test_calculate_wait_time_never_negative PASSED [ 20%]
tests/unit/enhance/nist/test_rate_limiter.py::TestRollingWindowRateLimiterAcquire::test_acquire_allows_request_when_under_limit PASSED [ 20%]
tests/unit/enhance/nist/test_rate_limiter.py::TestRollingWindowRateLimiterAcquire::test_acquire_waits_when_at_limit PASSED [ 20%]
tests/unit/enhance/nist/test_rate_limiter.py::TestRollingWindowRateLimiterAcquire::test_acquire_cleans_old_requests PASSED [ 20%]
tests/unit/enhance/nist/test_rate_limiter.py::TestRollingWindowRateLimiterAcquire::test_acquire_records_request_timestamp PASSED [ 20%]
tests/unit/enhance/nist/test_rate_limiter.py::TestRollingWindowRateLimiterAcquire::test_acquire_is_thread_safe PASSED [ 21%]
tests/unit/enhance/nist/test_rate_limiter.py::TestRollingWindowRateLimiterAcquire::test_acquire_multiple_requests_respects_limit PASSED [ 21%]
tests/unit/enhance/nist/test_rate_limiter.py::TestRollingWindowRateLimiterGetCurrentUsage::test_get_current_usage_returns_zero_initially PASSED [ 21%]
tests/unit/enhance/nist/test_rate_limiter.py::TestRollingWindowRateLimiterGetCurrentUsage::test_get_current_usage_returns_correct_count PASSED [ 21%]
tests/unit/enhance/nist/test_rate_limiter.py::TestRollingWindowRateLimiterGetCurrentUsage::test_get_current_usage_excludes_expired_requests PASSED [ 21%]
tests/unit/enhance/nist/test_rate_limiter.py::TestRollingWindowRateLimiterWaitForReset::test_wait_for_reset_returns_immediately_when_empty PASSED [ 21%]
tests/unit/enhance/nist/test_rate_limiter.py::TestRollingWindowRateLimiterWaitForReset::test_wait_for_reset_waits_for_oldest_request PASSED [ 21%]
tests/unit/enhance/nist/test_rate_limiter.py::TestRollingWindowRateLimiterWaitForReset::test_wait_for_reset_clears_all_timestamps PASSED [ 21%]
tests/unit/enhance/nist/test_rate_limiter.py::TestRollingWindowRateLimiterWaitForReset::test_wait_for_reset_is_thread_safe PASSED [ 21%]
tests/unit/enhance/nist/test_rate_limiter.py::TestRollingWindowRateLimiterGetTimeUntilReset::test_get_time_until_reset_returns_none_when_empty PASSED [ 21%]
tests/unit/enhance/nist/test_rate_limiter.py::TestRollingWindowRateLimiterGetTimeUntilReset::test_get_time_until_reset_returns_correct_time PASSED [ 21%]
tests/unit/enhance/nist/test_rate_limiter.py::TestRollingWindowRateLimiterGetTimeUntilReset::test_get_time_until_reset_never_negative PASSED [ 21%]
tests/unit/enhance/nist/test_rate_limiter.py::TestRollingWindowRateLimiterReset::test_reset_clears_all_requests PASSED [ 21%]
tests/unit/enhance/nist/test_rate_limiter.py::TestRollingWindowRateLimiterReset::test_reset_works_when_empty PASSED [ 21%]
tests/unit/enhance/nist/test_rate_limiter.py::TestRollingWindowRateLimiterRepr::test_repr_includes_current_state PASSED [ 21%]
tests/unit/enhance/nist/test_rate_limiter.py::TestRollingWindowRateLimiterRepr::test_repr_with_api_key PASSED [ 22%]
tests/unit/enhance/nist/test_rate_limiter.py::TestAdaptiveRateLimiter::test_adaptive_inherits_from_rolling_window PASSED [ 22%]
tests/unit/enhance/nist/test_rate_limiter.py::TestAdaptiveRateLimiter::test_update_api_key_status_increases_limit PASSED [ 22%]
tests/unit/enhance/nist/test_rate_limiter.py::TestAdaptiveRateLimiter::test_update_api_key_status_decreases_limit PASSED [ 22%]
tests/unit/enhance/nist/test_rate_limiter.py::TestAdaptiveRateLimiter::test_update_api_key_status_no_change_when_same PASSED [ 22%]
tests/unit/enhance/nist/test_rate_limiter.py::TestAdaptiveRateLimiter::test_adaptive_limiter_respects_updated_limit PASSED [ 22%]
tests/unit/enhance/nist/test_rate_limiter.py::TestRollingWindowRateLimiterIntegration::test_realistic_request_pattern_without_api_key PASSED [ 22%]
tests/unit/enhance/nist/test_rate_limiter.py::TestRollingWindowRateLimiterIntegration::test_realistic_request_pattern_with_api_key PASSED [ 22%]
tests/unit/enhance/nist/test_rate_limiter.py::TestRollingWindowRateLimiterIntegration::test_requests_expire_naturally_over_time PASSED [ 22%]
tests/unit/enhance/openai/test_enricher.py::TestOpenAIEnricherWrapperInitialization::test_init_with_valid_config PASSED [ 22%]
tests/unit/enhance/openai/test_enricher.py::TestOpenAIEnricherWrapperInitialization::test_init_with_disabled_config PASSED [ 22%]
tests/unit/enhance/openai/test_enricher.py::TestOpenAIEnricherWrapperInitialization::test_baseline_context_path_exists PASSED [ 22%]
tests/unit/enhance/openai/test_enricher.py::TestOpenAIEnricherWrapperProperties::test_name_property PASSED [ 22%]
tests/unit/enhance/openai/test_enricher.py::TestOpenAIEnricherWrapperProperties::test_is_enabled_when_enabled_and_has_api_key PASSED [ 22%]
tests/unit/enhance/openai/test_enricher.py::TestOpenAIEnricherWrapperProperties::test_is_enabled_when_disabled PASSED [ 22%]
tests/unit/enhance/openai/test_enricher.py::TestOpenAIEnricherWrapperProperties::test_is_enabled_when_enabled_but_no_api_key PASSED [ 23%]
tests/unit/enhance/openai/test_enricher.py::TestOpenAIEnricherWrapperEnrichment::test_enrich_lazy_initializes_client PASSED [ 23%]
tests/unit/enhance/openai/test_enricher.py::TestOpenAIEnricherWrapperEnrichment::test_enrich_calls_batch_client_correctly PASSED [ 23%]
tests/unit/enhance/openai/test_enricher.py::TestOpenAIEnricherWrapperEnrichment::test_enrich_returns_structured_enrichment PASSED [ 23%]
tests/unit/enhance/openai/test_enricher.py::TestOpenAIEnricherWrapperEnrichment::test_enrich_returns_empty_dict_when_no_result PASSED [ 23%]
tests/unit/enhance/openai/test_enricher.py::TestOpenAIEnricherWrapperEnrichment::test_enrich_handles_client_errors_gracefully PASSED [ 23%]
tests/unit/enhance/openai/test_enricher.py::TestOpenAIEnricherWrapperEnrichment::test_enrich_reuses_client_instance PASSED [ 23%]
tests/unit/enhance/openai/test_enricher.py::TestOpenAIEnricherWrapperEnrichment::test_enrich_passes_config_to_client PASSED [ 23%]
tests/unit/enhance/openai/test_enricher.py::TestOpenAIEnricherWrapperIntegration::test_implements_enricher_interface PASSED [ 23%]
tests/unit/enhance/openai/test_enricher.py::TestOpenAIEnricherWrapperIntegration::test_works_with_enrichment_manager PASSED [ 23%]
tests/unit/enhance/osv/test_cache.py::TestCacheEntryModel::test_cache_entry_creation PASSED [ 23%]
tests/unit/enhance/osv/test_cache.py::TestCacheEntryModel::test_cache_entry_is_expired_returns_false_when_fresh PASSED [ 23%]
tests/unit/enhance/osv/test_cache.py::TestCacheEntryModel::test_cache_entry_is_expired_returns_true_when_old PASSED [ 23%]
tests/unit/enhance/osv/test_cache.py::TestCacheEntryModel::test_cache_entry_is_expired_edge_case_exact_ttl PASSED [ 23%]
tests/unit/enhance/osv/test_cache.py::TestCacheEntryModel::test_cache_entry_serialization PASSED [ 23%]
tests/unit/enhance/osv/test_cache.py::TestOSVCacheInitialization::test_init_with_default_cache_dir PASSED [ 24%]
tests/unit/enhance/osv/test_cache.py::TestOSVCacheInitialization::test_init_with_custom_cache_dir PASSED [ 24%]
tests/unit/enhance/osv/test_cache.py::TestOSVCacheInitialization::test_init_creates_cache_dir_if_missing PASSED [ 24%]
tests/unit/enhance/osv/test_cache.py::TestOSVCacheInitialization::test_init_with_custom_ttl PASSED [ 24%]
tests/unit/enhance/osv/test_cache.py::TestOSVCacheKeyGeneration::test_get_cache_key_generates_sha256_hash PASSED [ 24%]
tests/unit/enhance/osv/test_cache.py::TestOSVCacheKeyGeneration::test_get_cache_key_is_deterministic PASSED [ 24%]
tests/unit/enhance/osv/test_cache.py::TestOSVCacheKeyGeneration::test_get_cache_key_different_for_different_ids PASSED [ 24%]
tests/unit/enhance/osv/test_cache.py::TestOSVCacheKeyGeneration::test_get_cache_path_uses_two_level_structure PASSED [ 24%]
tests/unit/enhance/osv/test_cache.py::TestOSVCacheKeyGeneration::test_get_cache_path_creates_subdirectory PASSED [ 24%]
tests/unit/enhance/osv/test_cache.py::TestOSVCacheGet::test_get_returns_none_when_cache_miss PASSED [ 24%]
tests/unit/enhance/osv/test_cache.py::TestOSVCacheGet::test_get_returns_cached_vulnerability PASSED [ 24%]
tests/unit/enhance/osv/test_cache.py::TestOSVCacheGet::test_get_returns_none_when_cache_expired PASSED [ 24%]
tests/unit/enhance/osv/test_cache.py::TestOSVCacheGet::test_get_handles_corrupted_cache_file PASSED [ 24%]
tests/unit/enhance/osv/test_cache.py::TestOSVCacheGet::test_get_handles_invalid_pydantic_model PASSED [ 24%]
tests/unit/enhance/osv/test_cache.py::TestOSVCacheSet::test_set_stores_vulnerability_to_filesystem PASSED [ 25%]
tests/unit/enhance/osv/test_cache.py::TestOSVCacheSet::test_set_uses_default_ttl_for_normal_vulnerability PASSED [ 25%]
tests/unit/enhance/osv/test_cache.py::TestOSVCacheSet::test_set_uses_extended_ttl_for_withdrawn_vulnerability PASSED [ 25%]
tests/unit/enhance/osv/test_cache.py::TestOSVCacheSet::test_set_overwrites_existing_cache PASSED [ 25%]
tests/unit/enhance/osv/test_cache.py::TestOSVCacheSet::test_set_handles_write_errors_gracefully PASSED [ 25%]
tests/unit/enhance/osv/test_cache.py::TestOSVCacheClearExpired::test_clear_expired_removes_only_expired_entries PASSED [ 25%]
tests/unit/enhance/osv/test_cache.py::TestOSVCacheClearExpired::test_clear_expired_removes_corrupted_files PASSED [ 25%]
tests/unit/enhance/osv/test_cache.py::TestOSVCacheClearExpired::test_clear_expired_returns_zero_when_no_expired_entries PASSED [ 25%]
tests/unit/enhance/osv/test_cache.py::TestOSVCacheClearAll::test_clear_all_removes_all_entries PASSED [ 25%]
tests/unit/enhance/osv/test_cache.py::TestOSVCacheClearAll::test_clear_all_returns_zero_when_cache_empty PASSED [ 25%]
tests/unit/enhance/osv/test_cache.py::TestOSVCacheGetStats::test_get_stats_returns_correct_counts PASSED [ 25%]
tests/unit/enhance/osv/test_cache.py::TestOSVCacheGetStats::test_get_stats_handles_corrupted_files PASSED [ 25%]
tests/unit/enhance/osv/test_cache.py::TestOSVCacheGetStats::test_get_stats_returns_zero_for_empty_cache PASSED [ 25%]
tests/unit/enhance/osv/test_cache.py::TestOSVCacheIntegration::test_cache_roundtrip_preserves_data PASSED [ 25%]
tests/unit/enhance/osv/test_cache.py::TestOSVCacheIntegration::test_cache_handles_multiple_concurrent_operations PASSED [ 25%]
tests/unit/enhance/osv/test_client.py::TestOSVClientInitialization::test_init_with_default_config PASSED [ 26%]
tests/unit/enhance/osv/test_client.py::TestOSVClientInitialization::test_init_with_custom_config PASSED [ 26%]
tests/unit/enhance/osv/test_client.py::TestOSVClientInitialization::test_init_with_custom_logger PASSED [ 26%]
tests/unit/enhance/osv/test_client.py::TestOSVClientInitialization::test_init_configures_rate_limiter PASSED [ 26%]
tests/unit/enhance/osv/test_client.py::TestOSVClientContextManager::test_aenter_creates_client PASSED [ 26%]
tests/unit/enhance/osv/test_client.py::TestOSVClientContextManager::test_aenter_returns_self PASSED [ 26%]
tests/unit/enhance/osv/test_client.py::TestOSVClientContextManager::test_aexit_closes_client PASSED [ 26%]
tests/unit/enhance/osv/test_client.py::TestOSVClientContextManager::test_http2_enabled_when_configured PASSED [ 26%]
tests/unit/enhance/osv/test_client.py::TestOSVClientContextManager::test_http1_default PASSED [ 26%]
tests/unit/enhance/osv/test_client.py::TestOSVClientContextManager::test_close_method_closes_client PASSED [ 26%]
tests/unit/enhance/osv/test_client.py::TestOSVClientRequestWithRetry::test_request_with_retry_successful_request PASSED [ 26%]
tests/unit/enhance/osv/test_client.py::TestOSVClientRequestWithRetry::test_request_with_retry_rate_limited_with_retry PASSED [ 26%]
tests/unit/enhance/osv/test_client.py::TestOSVClientRequestWithRetry::test_request_with_retry_max_retries_exceeded PASSED [ 26%]
tests/unit/enhance/osv/test_client.py::TestOSVClientRequestWithRetry::test_request_with_retry_server_error_with_retry PASSED [ 26%]
tests/unit/enhance/osv/test_client.py::TestOSVClientRequestWithRetry::test_request_with_retry_timeout_error PASSED [ 26%]
tests/unit/enhance/osv/test_client.py::TestOSVClientRequestWithRetry::test_request_with_retry_network_error PASSED [ 27%]
tests/unit/enhance/osv/test_client.py::TestOSVClientRequestWithRetry::test_request_with_retry_applies_rate_limiting PASSED [ 27%]
tests/unit/enhance/osv/test_client.py::TestOSVClientGetVulnerability::test_get_vulnerability_success PASSED [ 27%]
tests/unit/enhance/osv/test_client.py::TestOSVClientGetVulnerability::test_get_vulnerability_not_found_without_alias PASSED [ 27%]
tests/unit/enhance/osv/test_client.py::TestOSVClientGetVulnerability::test_get_vulnerability_alias_redirect_auto_resolves PASSED [ 27%]
tests/unit/enhance/osv/test_client.py::TestOSVClientGetVulnerability::test_get_vulnerability_alias_redirect_disabled_raises PASSED [ 27%]
tests/unit/enhance/osv/test_client.py::TestOSVClientGetVulnerability::test_get_vulnerability_alias_depth_limit PASSED [ 27%]
tests/unit/enhance/osv/test_client.py::TestOSVClientGetVulnerability::test_get_vulnerability_validation_error PASSED [ 27%]
tests/unit/enhance/osv/test_client.py::TestOSVClientGetVulnerability::test_get_vulnerability_override_resolve_aliases PASSED [ 27%]
tests/unit/enhance/osv/test_client.py::TestOSVClientQueryVulnerabilities::test_query_vulnerabilities_success PASSED [ 27%]
tests/unit/enhance/osv/test_client.py::TestOSVClientQueryVulnerabilities::test_query_vulnerabilities_no_results PASSED [ 27%]
tests/unit/enhance/osv/test_client.py::TestOSVClientQueryVulnerabilities::test_query_vulnerabilities_validation_error PASSED [ 27%]
tests/unit/enhance/osv/test_client.py::TestOSVClientQueryBatch::test_query_batch_multiple_queries PASSED [ 27%]
tests/unit/enhance/osv/test_client.py::TestOSVClientQueryBatch::test_query_batch_warns_large_batch_without_http2 PASSED [ 27%]
tests/unit/enhance/osv/test_client.py::TestOSVClientQueryBatch::test_query_batch_validation_error PASSED [ 27%]
tests/unit/enhance/osv/test_client.py::TestOSVClientIntegration::test_full_workflow_with_alias_resolution PASSED [ 28%]
tests/unit/enhance/osv/test_client.py::TestOSVClientIntegration::test_concurrent_requests_with_rate_limiting PASSED [ 28%]
tests/unit/enhance/osv/test_enricher.py::TestOSVEnricherInitialization::test_init_with_valid_config PASSED [ 28%]
tests/unit/enhance/osv/test_enricher.py::TestOSVEnricherInitialization::test_init_sets_config_attributes PASSED [ 28%]
tests/unit/enhance/osv/test_enricher.py::TestOSVEnricherProperties::test_name_property PASSED [ 28%]
tests/unit/enhance/osv/test_enricher.py::TestOSVEnricherProperties::test_is_enabled_always_returns_true PASSED [ 28%]
tests/unit/enhance/osv/test_enricher.py::TestOSVEnricherImplementsInterface::test_implements_enricher_interface PASSED [ 28%]
tests/unit/enhance/osv/test_enricher.py::TestOSVEnricherImplementsInterface::test_has_required_methods PASSED [ 28%]
tests/unit/enhance/osv/test_enricher.py::TestOSVEnricherImplementsInterface::test_name_is_property PASSED [ 28%]
tests/unit/enhance/osv/test_enricher.py::TestOSVEnricherEnrichment::test_enrich_lazy_initializes_client PASSED [ 28%]
tests/unit/enhance/osv/test_enricher.py::TestOSVEnricherEnrichment::test_enrich_reuses_client_across_calls PASSED [ 28%]
tests/unit/enhance/osv/test_enricher.py::TestOSVEnricherEnrichment::test_enrich_returns_comprehensive_enrichment_data PASSED [ 28%]
tests/unit/enhance/osv/test_enricher.py::TestOSVEnricherEnrichment::test_enrich_handles_minimal_vulnerability PASSED [ 28%]
tests/unit/enhance/osv/test_enricher.py::TestOSVEnricherEnrichment::test_enrich_includes_ecosystem_specific_data PASSED [ 28%]
tests/unit/enhance/osv/test_enricher.py::TestOSVEnricherEnrichment::test_enrich_includes_credits PASSED [ 28%]
tests/unit/enhance/osv/test_enricher.py::TestOSVEnricherErrorHandling::test_enrich_returns_empty_dict_on_not_found PASSED [ 29%]
tests/unit/enhance/osv/test_enricher.py::TestOSVEnricherErrorHandling::test_enrich_returns_empty_dict_on_api_error PASSED [ 29%]
tests/unit/enhance/osv/test_enricher.py::TestOSVEnricherErrorHandling::test_enrich_returns_empty_dict_on_unexpected_error PASSED [ 29%]
tests/unit/enhance/osv/test_enricher.py::TestOSVEnricherErrorHandling::test_enrich_logs_error_details PASSED [ 29%]
tests/unit/enhance/osv/test_enricher.py::TestOSVEnricherDataExtraction::test_extract_enrichment_data_with_all_fields PASSED [ 29%]
tests/unit/enhance/osv/test_enricher.py::TestOSVEnricherDataExtraction::test_extract_enrichment_data_with_related_vulnerabilities PASSED [ 29%]
tests/unit/enhance/osv/test_enricher.py::TestOSVEnricherDataExtraction::test_extract_enrichment_data_with_database_specific PASSED [ 29%]
tests/unit/enhance/osv/test_enricher.py::TestOSVEnricherDataExtraction::test_extract_enrichment_data_handles_schema_version PASSED [ 29%]
tests/unit/enhance/osv/test_enricher.py::TestOSVEnricherDataExtraction::test_extract_enrichment_data_handles_range_with_repo PASSED [ 29%]
tests/unit/enhance/osv/test_enricher.py::TestOSVEnricherDataExtraction::test_extract_enrichment_data_handles_multiple_affected_packages PASSED [ 29%]
tests/unit/enhance/osv/test_enricher.py::TestOSVEnricherClose::test_close_when_client_initialized PASSED [ 29%]
tests/unit/enhance/osv/test_enricher.py::TestOSVEnricherClose::test_close_when_client_not_initialized PASSED [ 29%]
tests/unit/enhance/osv/test_enricher.py::TestOSVEnricherIntegration::test_works_with_enrichment_manager PASSED [ 29%]
tests/unit/enhance/osv/test_enricher.py::TestOSVEnricherIntegration::test_batch_enrichment_with_manager PASSED [ 29%]
tests/unit/enhance/test_base.py::TestEnricherInterface::test_cannot_instantiate_abstract_class PASSED [ 30%]
tests/unit/enhance/test_base.py::TestEnricherInterface::test_concrete_implementation_requires_all_methods PASSED [ 30%]
tests/unit/enhance/test_base.py::TestEnricherInterface::test_minimal_concrete_implementation PASSED [ 30%]
tests/unit/enhance/test_base.py::TestEnricherInterface::test_concrete_enrich_method PASSED [ 30%]
tests/unit/enhance/test_base.py::TestEnricherInterface::test_is_enabled_method PASSED [ 30%]
tests/unit/enhance/test_base.py::TestEnricherInterface::test_name_property PASSED [ 30%]
tests/unit/enhance/test_manager.py::TestEnrichmentManagerInitialization::test_init_with_empty_enrichers_list PASSED [ 30%]
tests/unit/enhance/test_manager.py::TestEnrichmentManagerInitialization::test_init_with_single_enricher PASSED [ 30%]
tests/unit/enhance/test_manager.py::TestEnrichmentManagerInitialization::test_init_with_multiple_enrichers PASSED [ 30%]
tests/unit/enhance/test_manager.py::TestEnrichmentManagerInitialization::test_init_with_disabled_enrichers PASSED [ 30%]
tests/unit/enhance/test_manager.py::TestEnrichmentManagerSingleVulnerability::test_enrich_with_no_enrichers PASSED [ 30%]
tests/unit/enhance/test_manager.py::TestEnrichmentManagerSingleVulnerability::test_enrich_with_single_enabled_enricher PASSED [ 30%]
tests/unit/enhance/test_manager.py::TestEnrichmentManagerSingleVulnerability::test_enrich_with_multiple_enabled_enrichers PASSED [ 30%]
tests/unit/enhance/test_manager.py::TestEnrichmentManagerSingleVulnerability::test_enrich_skips_disabled_enrichers PASSED [ 30%]
tests/unit/enhance/test_manager.py::TestEnrichmentManagerSingleVulnerability::test_enrich_handles_enricher_returning_empty_dict PASSED [ 30%]
tests/unit/enhance/test_manager.py::TestEnrichmentManagerSingleVulnerability::test_enrich_isolates_enricher_failures PASSED [ 31%]
tests/unit/enhance/test_manager.py::TestEnrichmentManagerSingleVulnerability::test_enrich_passes_correct_arguments PASSED [ 31%]
tests/unit/enhance/test_manager.py::TestEnrichmentManagerBatchProcessing::test_batch_enrich_with_empty_list PASSED [ 31%]
tests/unit/enhance/test_manager.py::TestEnrichmentManagerBatchProcessing::test_batch_enrich_with_single_vulnerability PASSED [ 31%]
tests/unit/enhance/test_manager.py::TestEnrichmentManagerBatchProcessing::test_batch_enrich_with_multiple_vulnerabilities PASSED [ 31%]
tests/unit/enhance/test_manager.py::TestEnrichmentManagerBatchProcessing::test_batch_enrich_respects_max_cves_limit PASSED [ 31%]
tests/unit/enhance/test_manager.py::TestEnrichmentManagerBatchProcessing::test_batch_enrich_skips_missing_cve_id PASSED [ 31%]
tests/unit/enhance/test_manager.py::TestEnrichmentManagerBatchProcessing::test_batch_enrich_skips_empty_enrichments PASSED [ 31%]
tests/unit/enhance/test_manager.py::TestEnrichmentManagerBatchProcessing::test_batch_enrich_with_multiple_enrichers PASSED [ 31%]
tests/unit/enhance/test_manager.py::TestEnrichmentManagerBatchProcessing::test_batch_enrich_handles_partial_failures PASSED [ 31%]
tests/unit/models/test_sbom.py::TestSBOMReport::test_from_dict_detects_cyclonedx PASSED [ 31%]
tests/unit/models/test_sbom.py::TestSBOMReport::test_from_dict_detects_syft PASSED [ 31%]
tests/unit/models/test_sbom.py::TestSBOMReport::test_from_dict_unknown_format PASSED [ 31%]
tests/unit/models/test_sbom.py::TestSBOMReport::test_get_packages_syft_format PASSED [ 31%]
tests/unit/models/test_sbom.py::TestSBOMReport::test_get_packages_cyclonedx_format PASSED [ 31%]
tests/unit/models/test_sbom.py::TestSBOMReport::test_get_package_count PASSED [ 32%]
tests/unit/models/test_sbom.py::TestSBOMReport::test_get_tool_info_syft PASSED [ 32%]
tests/unit/models/test_sbom.py::TestSBOMReport::test_get_tool_info_cyclonedx PASSED [ 32%]
tests/unit/models/test_sbom.py::TestSBOMReport::test_get_packages_empty_list PASSED [ 32%]
tests/unit/models/test_validation.py::TestSchemaValidatorInitialization::test_init_with_default_schema_dir PASSED [ 32%]
tests/unit/models/test_validation.py::TestSchemaValidatorInitialization::test_init_with_custom_schema_dir PASSED [ 32%]
tests/unit/models/test_validation.py::TestSchemaValidatorInitialization::test_schemas_cache_initialized_empty PASSED [ 32%]
tests/unit/models/test_validation.py::TestSchemaValidatorLoadSchema::test_load_valid_schema PASSED [ 32%]
tests/unit/models/test_validation.py::TestSchemaValidatorLoadSchema::test_load_schema_file_not_found PASSED [ 32%]
tests/unit/models/test_validation.py::TestSchemaValidatorLoadSchema::test_load_invalid_json_schema PASSED [ 32%]
tests/unit/models/test_validation.py::TestSchemaValidatorLoadSchema::test_schema_caching PASSED [ 32%]
tests/unit/models/test_validation.py::TestSchemaValidatorValidate::test_validate_valid_data PASSED [ 32%]
tests/unit/models/test_validation.py::TestSchemaValidatorValidate::test_validate_missing_required_field PASSED [ 32%]
tests/unit/models/test_validation.py::TestSchemaValidatorValidate::test_validate_wrong_data_type PASSED [ 32%]
tests/unit/models/test_validation.py::TestSchemaValidatorValidate::test_validate_additional_properties_allowed PASSED [ 32%]
tests/unit/models/test_validation.py::TestSchemaValidatorValidateFile::test_validate_file_success PASSED [ 33%]
tests/unit/models/test_validation.py::TestSchemaValidatorValidateFile::test_validate_file_not_found PASSED [ 33%]
tests/unit/models/test_validation.py::TestSchemaValidatorValidateFile::test_validate_file_invalid_json PASSED [ 33%]
tests/unit/models/test_validation.py::TestSchemaValidatorValidateFile::test_validate_file_schema_validation_failure PASSED [ 33%]
tests/unit/models/test_validation.py::TestVulnerabilityValidator::test_schema_name_constant PASSED [ 33%]
tests/unit/models/test_validation.py::TestVulnerabilityValidator::test_validate_report_delegates_to_validate PASSED [ 33%]
tests/unit/models/test_validation.py::TestVulnerabilityValidator::test_validate_report_file_delegates_to_validate_file PASSED [ 33%]
tests/unit/models/test_validation.py::TestSBOMValidatorConstants::test_syft_schema_name PASSED [ 33%]
tests/unit/models/test_validation.py::TestSBOMValidatorConstants::test_cyclonedx_schema_name PASSED [ 33%]
tests/unit/models/test_validation.py::TestSBOMValidatorSyft::test_validate_syft_report_delegates PASSED [ 33%]
tests/unit/models/test_validation.py::TestSBOMValidatorSyft::test_validate_syft_file_delegates PASSED [ 33%]
tests/unit/models/test_validation.py::TestSBOMValidatorCycloneDX::test_validate_cyclonedx_report_delegates PASSED [ 33%]
tests/unit/models/test_validation.py::TestSBOMValidatorCycloneDX::test_validate_cyclonedx_file_delegates PASSED [ 33%]
tests/unit/models/test_validation.py::TestSBOMValidatorDetectAndValidate::test_detect_cyclonedx_format PASSED [ 33%]
tests/unit/models/test_validation.py::TestSBOMValidatorDetectAndValidate::test_detect_syft_format PASSED [ 33%]
tests/unit/models/test_validation.py::TestSBOMValidatorDetectAndValidate::test_detect_cyclonedx_has_priority PASSED [ 34%]
tests/unit/models/test_validation.py::TestSBOMValidatorDetectAndValidate::test_detect_syft_requires_both_fields PASSED [ 34%]
tests/unit/models/test_validation.py::TestSBOMValidatorDetectAndValidate::test_detect_unknown_format_raises_error PASSED [ 34%]
tests/unit/models/test_validation.py::TestSBOMValidatorDetectAndValidate::test_detect_empty_dict_raises_error PASSED [ 34%]
tests/unit/models/test_validation.py::TestSBOMValidatorDetectAndValidate::test_detect_returns_tuple PASSED [ 34%]
tests/unit/models/test_validation.py::TestValidationIntegration::test_vulnerability_validator_with_minimal_report SKIPPED [ 34%]
tests/unit/models/test_validation.py::TestValidationIntegration::test_sbom_validator_with_minimal_syft_sbom SKIPPED [ 34%]
tests/unit/models/test_validation.py::TestValidationIntegration::test_sbom_validator_with_minimal_cyclonedx_sbom PASSED [ 34%]
tests/unit/models/test_validation.py::TestEdgeCases::test_validate_none_data PASSED [ 34%]
tests/unit/models/test_validation.py::TestEdgeCases::test_validate_empty_dict PASSED [ 34%]
tests/unit/models/test_validation.py::TestEdgeCases::test_validate_empty_list PASSED [ 34%]
tests/unit/models/test_validation.py::TestEdgeCases::test_load_schema_with_unicode_characters PASSED [ 34%]
tests/unit/models/test_validation.py::TestEdgeCases::test_validate_file_with_bom_raises_error PASSED [ 34%]
tests/unit/models/test_vulnerability.py::TestReference::test_reference_minimal PASSED [ 34%]
tests/unit/models/test_vulnerability.py::TestReference::test_reference_full PASSED [ 35%]
tests/unit/models/test_vulnerability.py::TestSeverity::test_severity_basic PASSED [ 35%]
tests/unit/models/test_vulnerability.py::TestSeverity::test_severity_with_rank PASSED [ 35%]
tests/unit/models/test_vulnerability.py::TestCWE::test_cwe_basic PASSED  [ 35%]
tests/unit/models/test_vulnerability.py::TestCWE::test_cwe_with_type PASSED [ 35%]
tests/unit/models/test_vulnerability.py::TestEPSS::test_epss_with_date_string PASSED [ 35%]
tests/unit/models/test_vulnerability.py::TestEPSS::test_epss_with_date_object PASSED [ 35%]
tests/unit/models/test_vulnerability.py::TestEPSS::test_epss_score_validation PASSED [ 35%]
tests/unit/models/test_vulnerability.py::TestKnownExploited::test_known_exploited_basic PASSED [ 35%]
tests/unit/models/test_vulnerability.py::TestKnownExploited::test_known_exploited_with_optional_fields PASSED [ 35%]
tests/unit/models/test_vulnerability.py::TestOperatingSystem::test_operating_system_basic PASSED [ 35%]
tests/unit/models/test_vulnerability.py::TestOperatingSystem::test_operating_system_with_version PASSED [ 35%]
tests/unit/models/test_vulnerability.py::TestAffectedPackage::test_affected_package_minimal PASSED [ 35%]
tests/unit/models/test_vulnerability.py::TestAffectedPackage::test_affected_package_full PASSED [ 35%]
tests/unit/models/test_vulnerability.py::TestVulnerability::test_vulnerability_minimal PASSED [ 35%]
tests/unit/models/test_vulnerability.py::TestVulnerability::test_vulnerability_with_datetime_string PASSED [ 36%]
tests/unit/models/test_vulnerability.py::TestVulnerability::test_vulnerability_with_datetime_object PASSED [ 36%]
tests/unit/models/test_vulnerability.py::TestVulnerability::test_vulnerability_get_highest_severity PASSED [ 36%]
tests/unit/models/test_vulnerability.py::TestVulnerability::test_vulnerability_get_cvss_scores PASSED [ 36%]
tests/unit/models/test_vulnerability.py::TestVulnerability::test_vulnerability_enrichment_methods PASSED [ 36%]
tests/unit/models/test_vulnerability.py::TestVulnerabilityReport::test_vulnerability_report_empty PASSED [ 36%]
tests/unit/models/test_vulnerability.py::TestVulnerabilityReport::test_vulnerability_report_with_vulnerabilities PASSED [ 36%]
tests/unit/models/test_vulnerability.py::TestVulnerabilityReport::test_vulnerability_report_get_by_id PASSED [ 36%]
tests/unit/models/test_vulnerability.py::TestVulnerabilityReport::test_vulnerability_report_get_by_severity PASSED [ 36%]
tests/unit/models/test_vulnerability.py::TestVulnerabilityReport::test_vulnerability_report_get_critical_and_high PASSED [ 36%]
tests/unit/models/test_vulnerability.py::TestVulnerabilityReport::test_vulnerability_report_filter_by_package PASSED [ 36%]
tests/unit/nist/test_cache.py::TestCacheInitialization::test_cache_creation PASSED [ 36%]
tests/unit/nist/test_cache.py::TestCacheInitialization::test_cache_with_existing_directory PASSED [ 36%]
tests/unit/nist/test_cache.py::TestCacheInitialization::test_cache_disabled PASSED [ 36%]
tests/unit/nist/test_cache.py::TestKeyHashing::test_cache_key_generation PASSED [ 36%]
tests/unit/nist/test_cache.py::TestKeyHashing::test_consistent_hashing PASSED [ 37%]
tests/unit/nist/test_cache.py::TestKeyHashing::test_different_keys_different_cves PASSED [ 37%]
tests/unit/nist/test_cache.py::TestKeyHashing::test_cache_path_creation PASSED [ 37%]
tests/unit/nist/test_cache.py::TestTTLManagement::test_analyzed_cve_ttl PASSED [ 37%]
tests/unit/nist/test_cache.py::TestTTLManagement::test_modified_cve_ttl PASSED [ 37%]
tests/unit/nist/test_cache.py::TestTTLManagement::test_other_status_ttl PASSED [ 37%]
tests/unit/nist/test_cache.py::TestCacheOperations::test_set_and_get PASSED [ 37%]
tests/unit/nist/test_cache.py::TestCacheOperations::test_get_nonexistent_key PASSED [ 37%]
tests/unit/nist/test_cache.py::TestCacheOperations::test_delete_key PASSED [ 37%]
tests/unit/nist/test_cache.py::TestCacheOperations::test_delete_nonexistent_key PASSED [ 37%]
tests/unit/nist/test_cache.py::TestCacheOperations::test_overwrite_existing_key PASSED [ 37%]
tests/unit/nist/test_cache.py::TestCacheExpiry::test_cache_expiry PASSED [ 37%]
tests/unit/nist/test_cache.py::TestCacheExpiry::test_cache_within_ttl PASSED [ 37%]
tests/unit/nist/test_cache.py::TestCacheMaintenance::test_clear_all PASSED [ 37%]
tests/unit/nist/test_cache.py::TestCacheMaintenance::test_clear_expired_entries PASSED [ 37%]
tests/unit/nist/test_cache.py::TestCacheStatistics::test_cache_stats PASSED [ 38%]
tests/unit/nist/test_cache.py::TestCacheManager::test_get_many PASSED    [ 38%]
tests/unit/nist/test_cache.py::TestCacheManager::test_set_many PASSED    [ 38%]
tests/unit/nist/test_cache.py::TestCacheManager::test_warm_cache PASSED  [ 38%]
tests/unit/nist/test_cache.py::TestCacheErrorHandling::test_corrupted_cache_file PASSED [ 38%]
tests/unit/nist/test_cache.py::TestCacheErrorHandling::test_cache_disabled_no_operations PASSED [ 38%]
tests/unit/nist/test_client.py::TestClientInitialization::test_client_init_no_api_key PASSED [ 38%]
tests/unit/nist/test_client.py::TestClientInitialization::test_client_init_with_api_key PASSED [ 38%]
tests/unit/nist/test_client.py::TestClientInitialization::test_context_manager_lifecycle PASSED [ 38%]
tests/unit/nist/test_client.py::TestGetCVE::test_get_cve_success PASSED  [ 38%]
tests/unit/nist/test_client.py::TestGetCVE::test_get_cve_not_found PASSED [ 38%]
tests/unit/nist/test_client.py::TestGetCVE::test_get_cve_rate_limit PASSED [ 38%]
tests/unit/nist/test_client.py::TestGetCVE::test_get_cve_invalid_response PASSED [ 38%]
tests/unit/nist/test_client.py::TestGetCVE::test_get_cve_with_cache_hit PASSED [ 38%]
tests/unit/nist/test_client.py::TestSearchCVEs::test_search_by_keyword PASSED [ 38%]
tests/unit/nist/test_client.py::TestSearchCVEs::test_search_by_cvss_severity PASSED [ 39%]
tests/unit/nist/test_client.py::TestSearchCVEs::test_search_with_date_range PASSED [ 39%]
tests/unit/nist/test_client.py::TestPagination::test_pagination_single_page PASSED [ 39%]
tests/unit/nist/test_client.py::TestPagination::test_pagination_multiple_pages PASSED [ 39%]
tests/unit/nist/test_client.py::TestPagination::test_pagination_respects_rate_limit PASSED [ 39%]
tests/unit/nist/test_client.py::TestRetryLogic::test_retry_on_500_error PASSED [ 39%]
tests/unit/nist/test_client.py::TestRetryLogic::test_max_retries_exceeded PASSED [ 39%]
tests/unit/nist/test_client.py::TestErrorClassification::test_status_code_exception_mapping[400-NVDAPIError] PASSED [ 39%]
tests/unit/nist/test_client.py::TestErrorClassification::test_status_code_exception_mapping[404-NVDNotFoundError] PASSED [ 39%]
tests/unit/nist/test_client.py::TestErrorClassification::test_status_code_exception_mapping[429-NVDRateLimitError] PASSED [ 39%]
tests/unit/nist/test_client.py::TestErrorClassification::test_status_code_exception_mapping[500-NVDServerError] PASSED [ 39%]
tests/unit/nist/test_client.py::TestErrorClassification::test_status_code_exception_mapping[503-NVDServerError] PASSED [ 39%]
tests/unit/nist/test_client.py::TestAPIKeyHeader::test_api_key_in_headers PASSED [ 39%]
tests/unit/nist/test_client.py::TestAPIKeyHeader::test_no_api_key_header_when_not_configured PASSED [ 39%]
tests/unit/nist/test_client.py::TestClientIntegration::test_full_search_workflow PASSED [ 40%]
tests/unit/nist/test_client.py::TestBatchOperations::test_get_cves_batch_all_cache_hits PASSED [ 40%]
tests/unit/nist/test_client.py::TestBatchOperations::test_get_cves_batch_mixed_cache_hits_and_misses PASSED [ 40%]
tests/unit/nist/test_client.py::TestBatchOperations::test_get_cves_batch_with_not_found PASSED [ 40%]
tests/unit/nist/test_client.py::TestBatchOperations::test_get_cves_batch_with_api_errors PASSED [ 40%]
tests/unit/nist/test_client.py::TestDateValidation::test_date_range_exceeds_120_days PASSED [ 40%]
tests/unit/nist/test_client.py::TestDateValidation::test_start_date_after_end_date PASSED [ 40%]
tests/unit/nist/test_client.py::TestDateValidation::test_date_range_exactly_120_days PASSED [ 40%]
tests/unit/nist/test_config.py::TestConfigInitialization::test_init_defaults PASSED [ 40%]
tests/unit/nist/test_config.py::TestConfigInitialization::test_init_with_api_key PASSED [ 40%]
tests/unit/nist/test_config.py::TestConfigInitialization::test_init_custom_values PASSED [ 40%]
tests/unit/nist/test_config.py::TestConfigInitialization::test_cache_dir_creation PASSED [ 40%]
tests/unit/nist/test_config.py::TestEnvironmentVariables::test_api_key_from_nvd_env PASSED [ 40%]
tests/unit/nist/test_config.py::TestEnvironmentVariables::test_api_key_from_nist_env PASSED [ 40%]
tests/unit/nist/test_config.py::TestEnvironmentVariables::test_nvd_api_key_precedence PASSED [ 40%]
tests/unit/nist/test_config.py::TestEnvironmentVariables::test_timeout_from_env PASSED [ 41%]
tests/unit/nist/test_config.py::TestEnvironmentVariables::test_max_retries_from_env PASSED [ 41%]
tests/unit/nist/test_config.py::TestEnvironmentVariables::test_cache_enabled_from_env PASSED [ 41%]
tests/unit/nist/test_config.py::TestValidation::test_timeout_min_value PASSED [ 41%]
tests/unit/nist/test_config.py::TestValidation::test_timeout_max_value PASSED [ 41%]
tests/unit/nist/test_config.py::TestValidation::test_max_retries_min_value PASSED [ 41%]
tests/unit/nist/test_config.py::TestValidation::test_max_retries_max_value PASSED [ 41%]
tests/unit/nist/test_config.py::TestValidation::test_results_per_page_min_value PASSED [ 41%]
tests/unit/nist/test_config.py::TestValidation::test_results_per_page_max_value PASSED [ 41%]
tests/unit/nist/test_config.py::TestProperties::test_has_api_key_false PASSED [ 41%]
tests/unit/nist/test_config.py::TestProperties::test_has_api_key_true PASSED [ 41%]
tests/unit/nist/test_config.py::TestProperties::test_has_api_key_empty_string PASSED [ 41%]
tests/unit/nist/test_config.py::TestProperties::test_effective_rate_limit_without_key PASSED [ 41%]
tests/unit/nist/test_config.py::TestProperties::test_effective_rate_limit_with_key PASSED [ 41%]
tests/unit/nist/test_config.py::TestProperties::test_cves_endpoint PASSED [ 41%]
tests/unit/nist/test_config.py::TestProperties::test_history_endpoint PASSED [ 42%]
tests/unit/nist/test_config.py::TestProperties::test_cves_endpoint_custom_base_url PASSED [ 42%]
tests/unit/nist/test_config.py::TestMethods::test_get_cache_ttl_analyzed PASSED [ 42%]
tests/unit/nist/test_config.py::TestMethods::test_get_cache_ttl_modified PASSED [ 42%]
tests/unit/nist/test_config.py::TestMethods::test_get_cache_ttl_other PASSED [ 42%]
tests/unit/nist/test_config.py::TestMethods::test_get_cache_ttl_case_insensitive PASSED [ 42%]
tests/unit/nist/test_config.py::TestMethods::test_get_headers_without_api_key PASSED [ 42%]
tests/unit/nist/test_config.py::TestMethods::test_get_headers_with_api_key PASSED [ 42%]
tests/unit/nist/test_config.py::TestMethods::test_model_dump_safe_without_api_key PASSED [ 42%]
tests/unit/nist/test_config.py::TestMethods::test_model_dump_safe_redacts_api_key PASSED [ 42%]
tests/unit/nist/test_config.py::TestMethods::test_model_dump_safe_short_key PASSED [ 42%]
tests/unit/nist/test_config.py::TestLoadNVDConfig::test_load_default PASSED [ 42%]
tests/unit/nist/test_config.py::TestLoadNVDConfig::test_load_with_api_key PASSED [ 42%]
tests/unit/nist/test_config.py::TestLoadNVDConfig::test_load_with_cache_disabled PASSED [ 42%]
tests/unit/nist/test_config.py::TestLoadNVDConfig::test_load_with_kwargs PASSED [ 42%]
tests/unit/nist/test_config.py::TestLoadNVDConfig::test_explicit_api_key_overrides_env PASSED [ 43%]
tests/unit/nist/test_config.py::TestGetNVDConfigFromAggregator::test_with_nist_api_key PASSED [ 43%]
tests/unit/nist/test_config.py::TestGetNVDConfigFromAggregator::test_without_enrich_config PASSED [ 43%]
tests/unit/nist/test_config.py::TestGetNVDConfigFromAggregator::test_with_none_api_key PASSED [ 43%]
tests/unit/nist/test_config.py::TestConfigIntegration::test_full_lifecycle PASSED [ 43%]
tests/unit/nist/test_config.py::TestConfigIntegration::test_cache_dir_default_location PASSED [ 43%]
tests/unit/nist/test_exceptions.py::TestExceptionHierarchy::test_nvd_error_inherits_from_cve_aggregator_error PASSED [ 43%]
tests/unit/nist/test_exceptions.py::TestExceptionHierarchy::test_nvd_api_error_inherits_from_nvd_error PASSED [ 43%]
tests/unit/nist/test_exceptions.py::TestExceptionHierarchy::test_rate_limit_error_inherits_from_api_error PASSED [ 43%]
tests/unit/nist/test_exceptions.py::TestExceptionHierarchy::test_authentication_error_inherits_from_api_error PASSED [ 43%]
tests/unit/nist/test_exceptions.py::TestExceptionHierarchy::test_not_found_error_inherits_from_api_error PASSED [ 43%]
tests/unit/nist/test_exceptions.py::TestExceptionHierarchy::test_timeout_error_inherits_from_api_error PASSED [ 43%]
tests/unit/nist/test_exceptions.py::TestExceptionHierarchy::test_server_error_inherits_from_api_error PASSED [ 43%]
tests/unit/nist/test_exceptions.py::TestExceptionHierarchy::test_validation_error_inherits_from_nvd_error PASSED [ 43%]
tests/unit/nist/test_exceptions.py::TestExceptionHierarchy::test_response_error_inherits_from_nvd_error PASSED [ 43%]
tests/unit/nist/test_exceptions.py::TestExceptionHierarchy::test_cache_error_inherits_from_nvd_error PASSED [ 44%]
tests/unit/nist/test_exceptions.py::TestExceptionInitialization::test_nvd_error_init PASSED [ 44%]
tests/unit/nist/test_exceptions.py::TestExceptionInitialization::test_nvd_api_error_init_with_status_code PASSED [ 44%]
tests/unit/nist/test_exceptions.py::TestExceptionInitialization::test_nvd_api_error_init_without_optional_fields PASSED [ 44%]
tests/unit/nist/test_exceptions.py::TestExceptionInitialization::test_nvd_rate_limit_error_default_message PASSED [ 44%]
tests/unit/nist/test_exceptions.py::TestExceptionInitialization::test_nvd_rate_limit_error_with_retry_after PASSED [ 44%]
tests/unit/nist/test_exceptions.py::TestExceptionInitialization::test_nvd_rate_limit_error_custom_message PASSED [ 44%]
tests/unit/nist/test_exceptions.py::TestExceptionInitialization::test_nvd_authentication_error_default_message PASSED [ 44%]
tests/unit/nist/test_exceptions.py::TestExceptionInitialization::test_nvd_authentication_error_custom_message PASSED [ 44%]
tests/unit/nist/test_exceptions.py::TestExceptionInitialization::test_nvd_not_found_error_with_cve_id PASSED [ 44%]
tests/unit/nist/test_exceptions.py::TestExceptionInitialization::test_nvd_validation_error_init PASSED [ 44%]
tests/unit/nist/test_exceptions.py::TestExceptionInitialization::test_nvd_response_error_init PASSED [ 44%]
tests/unit/nist/test_exceptions.py::TestExceptionInitialization::test_nvd_cache_error_init PASSED [ 44%]
tests/unit/nist/test_exceptions.py::TestExceptionInitialization::test_nvd_timeout_error_default_message PASSED [ 44%]
tests/unit/nist/test_exceptions.py::TestExceptionInitialization::test_nvd_timeout_error_custom_message PASSED [ 45%]
tests/unit/nist/test_exceptions.py::TestExceptionInitialization::test_nvd_server_error_default PASSED [ 45%]
tests/unit/nist/test_exceptions.py::TestExceptionInitialization::test_nvd_server_error_custom_status PASSED [ 45%]
tests/unit/nist/test_exceptions.py::TestExceptionStringRepresentation::test_nvd_error_str PASSED [ 45%]
tests/unit/nist/test_exceptions.py::TestExceptionStringRepresentation::test_nvd_api_error_str_with_status PASSED [ 45%]
tests/unit/nist/test_exceptions.py::TestExceptionStringRepresentation::test_nvd_rate_limit_error_str PASSED [ 45%]
tests/unit/nist/test_exceptions.py::TestExceptionStringRepresentation::test_nvd_not_found_error_str PASSED [ 45%]
tests/unit/nist/test_exceptions.py::TestNVDSpecificExceptions::test_nvd_api_error_preserves_response_body PASSED [ 45%]
tests/unit/nist/test_exceptions.py::TestNVDSpecificExceptions::test_nvd_rate_limit_error_attributes PASSED [ 45%]
tests/unit/nist/test_exceptions.py::TestNVDSpecificExceptions::test_nvd_authentication_error_without_response PASSED [ 45%]
tests/unit/nist/test_exceptions.py::TestNVDSpecificExceptions::test_nvd_not_found_error_attributes PASSED [ 45%]
tests/unit/nist/test_exceptions.py::TestNVDSpecificExceptions::test_nvd_server_error_range PASSED [ 45%]
tests/unit/nist/test_exceptions.py::TestClassifyAPIError::test_classify_401_returns_authentication_error PASSED [ 45%]
tests/unit/nist/test_exceptions.py::TestClassifyAPIError::test_classify_403_returns_authentication_error PASSED [ 45%]
tests/unit/nist/test_exceptions.py::TestClassifyAPIError::test_classify_404_returns_not_found_error PASSED [ 45%]
tests/unit/nist/test_exceptions.py::TestClassifyAPIError::test_classify_408_returns_timeout_error PASSED [ 46%]
tests/unit/nist/test_exceptions.py::TestClassifyAPIError::test_classify_429_returns_rate_limit_error PASSED [ 46%]
tests/unit/nist/test_exceptions.py::TestClassifyAPIError::test_classify_5xx_returns_server_error[500] PASSED [ 46%]
tests/unit/nist/test_exceptions.py::TestClassifyAPIError::test_classify_5xx_returns_server_error[502] PASSED [ 46%]
tests/unit/nist/test_exceptions.py::TestClassifyAPIError::test_classify_5xx_returns_server_error[503] PASSED [ 46%]
tests/unit/nist/test_exceptions.py::TestClassifyAPIError::test_classify_5xx_returns_server_error[504] PASSED [ 46%]
tests/unit/nist/test_exceptions.py::TestClassifyAPIError::test_classify_5xx_returns_server_error[599] PASSED [ 46%]
tests/unit/nist/test_exceptions.py::TestClassifyAPIError::test_classify_other_4xx_returns_generic_api_error[400] PASSED [ 46%]
tests/unit/nist/test_exceptions.py::TestClassifyAPIError::test_classify_other_4xx_returns_generic_api_error[405] PASSED [ 46%]
tests/unit/nist/test_exceptions.py::TestClassifyAPIError::test_classify_other_4xx_returns_generic_api_error[406] PASSED [ 46%]
tests/unit/nist/test_exceptions.py::TestClassifyAPIError::test_classify_other_4xx_returns_generic_api_error[422] PASSED [ 46%]
tests/unit/nist/test_exceptions.py::TestClassifyAPIError::test_classify_other_4xx_returns_generic_api_error[499] PASSED [ 46%]
tests/unit/nist/test_exceptions.py::TestClassifyAPIError::test_classify_with_response_body PASSED [ 46%]
tests/unit/nist/test_exceptions.py::TestClassifyAPIError::test_classify_401_with_response_body PASSED [ 46%]
tests/unit/nist/test_exceptions.py::TestClassifyAPIError::test_classify_500_with_response_body PASSED [ 46%]
tests/unit/nist/test_exceptions.py::TestClassifyAPIError::test_classify_404_without_response_body PASSED [ 47%]
tests/unit/nist/test_exceptions.py::TestClassifyAPIError::test_classify_generic_error_message_format PASSED [ 47%]
tests/unit/nist/test_exceptions.py::TestEdgeCases::test_exception_can_be_raised_and_caught_as_nvd_error PASSED [ 47%]
tests/unit/nist/test_exceptions.py::TestEdgeCases::test_exception_can_be_raised_and_caught_as_api_error PASSED [ 47%]
tests/unit/nist/test_exceptions.py::TestEdgeCases::test_exception_can_be_raised_and_caught_as_cve_aggregator_error PASSED [ 47%]
tests/unit/nist/test_exceptions.py::TestEdgeCases::test_multiple_exception_types_in_try_except PASSED [ 47%]
tests/unit/nist/test_exceptions.py::TestEdgeCases::test_validation_error_distinct_from_api_error PASSED [ 47%]
tests/unit/nist/test_exceptions.py::TestEdgeCases::test_response_error_distinct_from_api_error PASSED [ 47%]
tests/unit/nist/test_exceptions.py::TestEdgeCases::test_cache_error_distinct_from_api_error PASSED [ 47%]
tests/unit/nist/test_exceptions.py::TestEdgeCases::test_classify_preserves_none_response_body PASSED [ 47%]
tests/unit/nist/test_exceptions.py::TestEdgeCases::test_empty_string_response_body PASSED [ 47%]
tests/unit/nist/test_exceptions.py::TestEdgeCases::test_retry_after_none PASSED [ 47%]
tests/unit/nist/test_exceptions.py::TestEdgeCases::test_retry_after_zero PASSED [ 47%]
tests/unit/nist/test_models.py::TestEnums::test_vuln_status_values PASSED [ 47%]
tests/unit/nist/test_models.py::TestEnums::test_vuln_status_from_string PASSED [ 47%]
tests/unit/nist/test_models.py::TestEnums::test_cvssv3_severity_values PASSED [ 48%]
tests/unit/nist/test_models.py::TestEnums::test_cvssv2_severity_values PASSED [ 48%]
tests/unit/nist/test_models.py::TestEnums::test_cvss_version_values PASSED [ 48%]
tests/unit/nist/test_models.py::TestBasicModels::test_description_valid PASSED [ 48%]
tests/unit/nist/test_models.py::TestBasicModels::test_description_missing_required_field PASSED [ 48%]
tests/unit/nist/test_models.py::TestBasicModels::test_reference_minimal PASSED [ 48%]
tests/unit/nist/test_models.py::TestBasicModels::test_reference_with_tags PASSED [ 48%]
tests/unit/nist/test_models.py::TestBasicModels::test_weakness_description PASSED [ 48%]
tests/unit/nist/test_models.py::TestBasicModels::test_weakness_valid PASSED [ 48%]
tests/unit/nist/test_models.py::TestCVSSModels::test_cvssv3_metrics_valid PASSED [ 48%]
tests/unit/nist/test_models.py::TestCVSSModels::test_cvssv3_metrics_invalid_score[-0.1] PASSED [ 48%]
tests/unit/nist/test_models.py::TestCVSSModels::test_cvssv3_metrics_invalid_score[10.1] PASSED [ 48%]
tests/unit/nist/test_models.py::TestCVSSModels::test_cvssv3_metrics_invalid_score[15.0] PASSED [ 48%]
tests/unit/nist/test_models.py::TestCVSSModels::test_cvssv3_metrics_valid_scores[0.0] PASSED [ 48%]
tests/unit/nist/test_models.py::TestCVSSModels::test_cvssv3_metrics_valid_scores[5.0] PASSED [ 48%]
tests/unit/nist/test_models.py::TestCVSSModels::test_cvssv3_metrics_valid_scores[7.5] PASSED [ 49%]
tests/unit/nist/test_models.py::TestCVSSModels::test_cvssv3_metrics_valid_scores[9.8] PASSED [ 49%]
tests/unit/nist/test_models.py::TestCVSSModels::test_cvssv3_metrics_valid_scores[10.0] PASSED [ 49%]
tests/unit/nist/test_models.py::TestCVSSModels::test_cvssv3_metric_with_optional_fields PASSED [ 49%]
tests/unit/nist/test_models.py::TestCVSSModels::test_cvssv2_metrics_valid PASSED [ 49%]
tests/unit/nist/test_models.py::TestCVSSModels::test_cvssv2_metrics_without_severity PASSED [ 49%]
tests/unit/nist/test_models.py::TestCVSSModels::test_metrics_empty PASSED [ 49%]
tests/unit/nist/test_models.py::TestCVSSModels::test_metrics_with_v31_and_v2 PASSED [ 49%]
tests/unit/nist/test_models.py::TestCVEItem::test_cve_item_minimal_valid PASSED [ 49%]
tests/unit/nist/test_models.py::TestCVEItem::test_cve_item_from_dict PASSED [ 49%]
tests/unit/nist/test_models.py::TestCVEItem::test_cve_item_missing_required_field PASSED [ 49%]
[...]
0.00s teardown tests/unit/test_severity.py::test_select_highest_severity_by_string
0.00s teardown tests/unit/test_csv_export.py::TestExtractFunctions::test_extract_impact_message_missing
0.00s call     tests/unit/osv/test_exceptions.py::TestExceptionStringRepresentation::test_osv_not_found_error_str
0.00s teardown tests/unit/test_aggregator.py::test_extract_image_name_with_missing_source
0.00s call     tests/unit/osv/test_exceptions.py::TestExceptionHierarchy::test_batch_error_inherits_from_osv_error
0.00s call     tests/unit/osv/test_exceptions.py::TestExceptionInitialization::test_osv_api_error_init
0.00s call     tests/unit/nist/test_exceptions.py::TestEdgeCases::test_retry_after_zero
0.00s teardown tests/unit/models/test_vulnerability.py::TestVulnerability::test_vulnerability_enrichment_methods
0.00s teardown tests/unit/nist/test_models.py::TestNVDResponse::test_nvd_response_has_more_results_true
0.00s call     tests/unit/nist/test_models.py::TestNVDHistoryResponse::test_cve_history_change_valid
0.00s teardown tests/unit/nist/test_config.py::TestProperties::test_history_endpoint
0.00s teardown tests/unit/test_orchestrator.py::TestAcquireSBOMs::test_acquire_sboms_local_only_with_local_packages
0.00s teardown tests/unit/osv/test_exceptions.py::TestExceptionInitialization::test_osv_server_error_without_message
0.00s teardown tests/unit/osv/test_models.py::TestReferenceAndSeverityModels::test_credit_with_contact
0.00s teardown tests/unit/test_orchestrator.py::TestAggregateStatistics::test_aggregate_statistics_with_enrichment
0.00s call     tests/unit/models/test_vulnerability.py::TestVulnerabilityReport::test_vulnerability_report_with_vulnerabilities
0.00s call     tests/unit/osv/test_exceptions.py::TestExceptionHierarchy::test_not_found_error_inherits_from_osv_error
0.00s teardown tests/unit/enhance/test_base.py::TestEnricherInterface::test_minimal_concrete_implementation
0.00s teardown tests/unit/db/test_severity.py::TestRealWorldVectors::test_spectre_cve_2017_5753
0.00s teardown tests/unit/nist/test_rate_limiter.py::TestAdaptiveRateLimiter::test_init_adaptive
0.00s teardown tests/unit/models/test_vulnerability.py::TestOperatingSystem::test_operating_system_basic
0.00s call     tests/unit/nist/test_models.py::TestEnums::test_vuln_status_from_string
0.00s call     tests/unit/models/test_vulnerability.py::TestReference::test_reference_full
0.00s teardown tests/unit/db/test_severity.py::TestParseCVSSVector::test_parse_cvss_v31_none
0.00s teardown tests/unit/osv/test_exceptions.py::TestExceptionInitialization::test_osv_alias_redirect_no_aliases
0.00s teardown tests/unit/osv/test_exceptions.py::TestExceptionHierarchy::test_osv_api_error_inherits_from_osv_error
0.00s teardown tests/unit/osv/test_exceptions.py::TestExceptionStringRepresentation::test_osv_timeout_error_str
0.00s teardown tests/unit/models/test_validation.py::TestSchemaValidatorInitialization::test_schemas_cache_initialized_empty
0.00s call     tests/unit/test_utils.py::TestCheckCommandExists::test_command_check_handles_exceptions
0.00s teardown tests/unit/osv/test_exceptions.py::TestExceptionInitialization::test_osv_api_error_init
0.00s teardown tests/unit/enhance/nist/test_rate_limiter.py::TestRollingWindowRateLimiterCleanOldRequests::test_clean_old_requests_removes_expired_timestamps
0.00s teardown tests/unit/nist/test_models.py::TestEnums::test_cvssv2_severity_values
0.00s teardown tests/unit/test_json_utils.py::TestLoadJsonReport::test_invalid_json_syntax
0.00s teardown tests/unit/enhance/nist/test_rate_limiter.py::TestRollingWindowRateLimiterCleanOldRequests::test_clean_old_requests_handles_empty_deque
0.00s call     tests/unit/db/test_client.py::TestDatabaseRecovery::test_pool_pre_ping
0.00s teardown tests/unit/db/test_nist_integration.py::TestNISTRateLimiting::test_rate_limit_within_window
0.00s teardown tests/unit/models/test_vulnerability.py::TestAffectedPackage::test_affected_package_full
0.00s teardown tests/unit/test_csv_export.py::TestCSVExport::test_export_to_csv_empty_vulnerabilities
0.00s teardown tests/unit/osv/test_models.py::TestRequestModels::test_query_request_commit_length_validation
0.00s call     tests/unit/nist/test_exceptions.py::TestClassifyAPIError::test_classify_401_with_response_body
0.00s call     tests/unit/test_aggregator.py::test_extract_image_name_priority_metadata_over_target
0.00s teardown tests/unit/nist/test_exceptions.py::TestClassifyAPIError::test_classify_500_with_response_body
0.00s call     tests/unit/osv/test_config.py::TestConfigIntegration::test_production_configuration
0.00s call     tests/unit/nist/test_exceptions.py::TestClassifyAPIError::test_classify_5xx_returns_server_error[502]
0.00s teardown tests/unit/nist/test_exceptions.py::TestClassifyAPIError::test_classify_401_with_response_body
0.00s teardown tests/unit/nist/test_models.py::TestCVEItemMethods::TestWeaknessAndCISAMethods::test_get_primary_cwe_falls_back_to_first
0.00s teardown tests/unit/osv/test_config.py::TestEdgeCases::test_user_agent_empty_string
0.00s teardown tests/unit/enhance/test_manager.py::TestEnrichmentManagerInitialization::test_init_with_disabled_enrichers
0.00s teardown tests/unit/osv/test_rate_limiter.py::TestRateLimiterInitialization::test_init_custom_rate
0.00s call     tests/unit/osv/test_models.py::TestReferenceAndSeverityModels::test_severity_cvss_v3
0.00s teardown tests/unit/models/test_vulnerability.py::TestEPSS::test_epss_with_date_string
0.00s teardown tests/unit/models/test_vulnerability.py::TestAffectedPackage::test_affected_package_minimal
0.00s teardown tests/unit/nist/test_models.py::TestCVEItemMethods::TestWeaknessAndCISAMethods::test_is_in_cisa_kev_true
0.00s call     tests/unit/db/test_severity.py::TestEdgeCases::test_precision_boundaries
0.00s teardown tests/unit/test_json_utils.py::TestLoadJsonReport::test_exception_chaining
0.00s teardown tests/unit/osv/test_exceptions.py::TestEdgeCases::test_connection_error_preserves_original
0.00s teardown tests/unit/test_utils.py::TestGetScannerVersion::test_version_empty_output
0.00s call     tests/unit/models/test_vulnerability.py::TestVulnerability::test_vulnerability_minimal
0.00s call     tests/unit/osv/test_models.py::TestReferenceAndSeverityModels::test_reference_valid
0.00s teardown tests/unit/db/test_severity.py::TestEdgeCases::test_all_severity_levels
0.00s teardown tests/unit/osv/test_exceptions.py::TestEdgeCases::test_multiple_exception_types_in_try_except
0.00s teardown tests/unit/enhance/test_base.py::TestEnricherInterface::test_is_enabled_method
0.00s teardown tests/unit/nist/test_models.py::TestCVEItem::test_cve_item_empty_descriptions_invalid
0.00s teardown tests/unit/enhance/osv/test_cache.py::TestCacheEntryModel::test_cache_entry_is_expired_edge_case_exact_ttl
0.00s teardown tests/unit/test_models.py::TestPackageConfig::test_package_config_repr
0.00s teardown tests/unit/osv/test_config.py::TestConfigIntegration::test_full_lifecycle
0.00s teardown tests/unit/db/test_severity.py::TestScoreToSeverity::test_score_medium_mid
0.00s teardown tests/unit/models/test_vulnerability.py::TestCWE::test_cwe_with_type
0.00s teardown tests/unit/nist/test_exceptions.py::TestEdgeCases::test_multiple_exception_types_in_try_except
0.00s teardown tests/unit/nist/test_models.py::TestCVSSModels::test_cvssv3_metric_with_optional_fields
0.00s teardown tests/unit/db/test_severity.py::TestParseCVSSVector::test_parse_cvss_v20_low
0.00s call     tests/unit/osv/test_config.py::TestConfigIntegration::test_minimal_configuration
0.00s call     tests/unit/osv/test_exceptions.py::TestExceptionInitialization::test_osv_alias_redirect_init
0.00s teardown tests/unit/db/test_severity.py::TestParseCVSSVector::test_parse_cvss_v20_high
0.00s teardown tests/unit/osv/test_models.py::TestPackageAndRangeModels::test_range_event_fixed
0.00s teardown tests/unit/enhance/nist/test_rate_limiter.py::TestRollingWindowRateLimiterGetCurrentRequestCount::test_get_current_request_count_returns_zero_when_empty
0.00s teardown tests/unit/db/test_nist_integration.py::TestNISTRateLimiting::test_rate_limit_resets_window
0.00s teardown tests/unit/enhance/test_manager.py::TestEnrichmentManagerInitialization::test_init_with_empty_enrichers_list
0.00s teardown tests/unit/db/test_severity.py::TestParseCVSSVector::test_parse_empty_vector
0.00s teardown tests/unit/models/test_vulnerability.py::TestVulnerabilityReport::test_vulnerability_report_get_by_id
0.00s teardown tests/unit/osv/test_config.py::TestValidation::test_timeout_valid_range
0.00s teardown tests/unit/osv/test_config.py::TestEdgeCases::test_user_agent_custom_format
0.00s teardown tests/unit/nist/test_models.py::TestNVDResponse::test_nvd_response_has_more_results_false
0.00s teardown tests/unit/nist/test_rate_limiter.py::TestAdaptiveRateLimiter::test_update_no_change
0.00s teardown tests/unit/osv/test_exceptions.py::TestEdgeCases::test_server_error_various_status_codes
0.00s teardown tests/unit/nist/test_models.py::TestCVEItemMethods::TestCVSSExtractionMethods::test_get_primary_cvss_v2_none_when_no_metrics
0.00s teardown tests/unit/nist/test_models.py::TestEnums::test_vuln_status_from_string
0.00s call     tests/unit/nist/test_exceptions.py::TestEdgeCases::test_response_error_distinct_from_api_error
0.00s teardown tests/unit/nist/test_models.py::TestCVEItemMethods::TestCVSSExtractionMethods::test_get_primary_cvss_v2
0.00s teardown tests/unit/nist/test_models.py::TestCVEItemMethods::TestWeaknessAndCISAMethods::test_get_primary_cwe_none_when_no_weaknesses
0.00s call     tests/unit/models/test_validation.py::TestSBOMValidatorConstants::test_cyclonedx_schema_name
0.00s teardown tests/unit/nist/test_models.py::TestCVEItem::test_cve_item_from_dict
0.00s teardown tests/unit/test_models.py::TestEnrichmentConfig::test_enrichment_config_camel_case_aliases
0.00s teardown tests/unit/osv/test_exceptions.py::TestExceptionInitialization::test_osv_timeout_error_init
0.00s teardown tests/unit/db/test_osv_integration.py::TestOSVQueryBatch::test_query_batch_multiple_queries
0.00s call     tests/unit/test_utils.py::TestGetScannerVersion::test_get_grype_version
0.00s teardown tests/unit/db/test_severity.py::TestRealWorldVectors::test_heartbleed_cve_2014_0160
0.00s teardown tests/unit/nist/test_exceptions.py::TestEdgeCases::test_retry_after_none
0.00s call     tests/unit/db/test_severity.py::TestScoreToSeverity::test_score_medium_mid
0.00s call     tests/unit/nist/test_exceptions.py::TestExceptionInitialization::test_nvd_error_init
0.00s teardown tests/unit/models/test_sbom.py::TestSBOMReport::test_from_dict_unknown_format
0.00s teardown tests/unit/osv/test_exceptions.py::TestEdgeCases::test_batch_error_all_successful
0.00s teardown tests/unit/models/test_sbom.py::TestSBOMReport::test_from_dict_detects_syft
0.00s teardown tests/unit/db/test_severity.py::TestParseCVSSVector::test_parse_malformed_v31_vector
0.00s call     tests/unit/osv/test_models.py::TestVulnerabilityMethods::test_cve_ids_empty_when_no_aliases
0.00s teardown tests/unit/test_models.py::TestEnrichmentConfig::test_enrichment_config_invalid_model_name
0.00s call     tests/unit/db/test_severity.py::TestScoreToSeverity::test_score_critical_mid
0.00s teardown tests/unit/osv/test_rate_limiter.py::TestRateLimiterInitialization::test_init_default_values
0.00s teardown tests/unit/db/test_severity.py::TestParseCVSSVectorObject::test_parse_invalid_format_object
0.00s call     tests/unit/nist/test_exceptions.py::TestExceptionHierarchy::test_timeout_error_inherits_from_api_error
0.00s teardown tests/unit/db/test_severity.py::TestRealWorldVectors::test_meltdown_cve_2017_5754
0.00s teardown tests/unit/osv/test_exceptions.py::TestExceptionHierarchy::test_not_found_error_inherits_from_osv_error
0.00s call     tests/unit/osv/test_exceptions.py::TestExceptionHierarchy::test_validation_error_inherits_from_osv_error
0.00s teardown tests/unit/nist/test_exceptions.py::TestEdgeCases::test_validation_error_distinct_from_api_error
0.00s call     tests/unit/db/test_severity.py::TestScoreToSeverity::test_score_low_boundary_high
0.00s call     tests/unit/osv/test_exceptions.py::TestExceptionStringRepresentation::test_osv_connection_error_str
0.00s call     tests/unit/db/test_severity.py::TestScoreToSeverity::test_score_none
0.00s call     tests/unit/nist/test_models.py::TestNVDResponse::test_nvd_response_empty_vulnerabilities
0.00s call     tests/unit/osv/test_models.py::TestErrorResponseModels::test_extract_aliases_empty_after_colon
0.00s call     tests/unit/nist/test_exceptions.py::TestExceptionHierarchy::test_cache_error_inherits_from_nvd_error
0.00s call     tests/unit/osv/test_models.py::TestReferenceAndSeverityModels::test_credit_with_contact
0.00s call     tests/unit/test_aggregator.py::test_extract_image_name_with_missing_source
0.00s call     tests/unit/osv/test_config.py::TestValidation::test_http_version_valid_values
0.00s teardown tests/unit/nist/test_models.py::TestEnums::test_cvssv3_severity_values
0.00s call     tests/unit/db/test_severity.py::TestScoreToSeverity::test_score_high_boundary_low
0.00s call     tests/unit/nist/test_exceptions.py::TestEdgeCases::test_cache_error_distinct_from_api_error
0.00s teardown tests/unit/db/test_severity.py::TestScoreToSeverity::test_score_none
0.00s call     tests/unit/osv/test_models.py::TestRequestModels::test_query_request_with_commit
0.00s teardown tests/unit/db/test_severity.py::TestScoreToSeverity::test_score_critical_mid
0.00s teardown tests/unit/osv/test_models.py::TestAffectedModels::test_affected_with_ranges
0.00s call     tests/unit/nist/test_exceptions.py::TestExceptionHierarchy::test_nvd_error_inherits_from_cve_aggregator_error
0.00s call     tests/unit/osv/test_exceptions.py::TestExceptionInitialization::test_osv_connection_error_init_with_original
0.00s call     tests/unit/test_aggregator.py::test_extract_image_name_with_string_source
0.00s call     tests/unit/nist/test_exceptions.py::TestClassifyAPIError::test_classify_generic_error_message_format
0.00s call     tests/unit/osv/test_models.py::TestErrorResponseModels::test_osv_error_response_valid
0.00s teardown tests/unit/nist/test_models.py::TestBasicModels::test_weakness_description
0.00s call     tests/unit/test_utils.py::TestGetScannerVersion::test_get_trivy_version
0.00s call     tests/unit/models/test_vulnerability.py::TestAffectedPackage::test_affected_package_minimal
0.00s teardown tests/unit/db/test_severity.py::TestParseCVSSVectorObject::test_parse_cvss_v31_object
0.00s call     tests/unit/osv/test_models.py::TestVulnerabilityMethods::test_cve_ids_filters_non_cve_aliases
0.00s call     tests/unit/nist/test_models.py::TestCVSSModels::test_cvssv2_metrics_without_severity
0.00s call     tests/unit/models/test_vulnerability.py::TestSeverity::test_severity_with_rank
0.00s call     tests/unit/db/test_severity.py::TestScoreToSeverity::test_score_low_mid
0.00s call     tests/unit/test_severity.py::test_select_highest_severity_by_cvss
0.00s call     tests/unit/test_severity.py::test_extract_cvss3_scores_trivy_format
0.00s call     tests/unit/nist/test_exceptions.py::TestClassifyAPIError::test_classify_other_4xx_returns_generic_api_error[499]
0.00s call     tests/unit/nist/test_exceptions.py::TestClassifyAPIError::test_classify_500_with_response_body
0.00s call     tests/unit/nist/test_exceptions.py::TestClassifyAPIError::test_classify_other_4xx_returns_generic_api_error[422]
0.00s call     tests/unit/db/test_severity.py::TestScoreToSeverity::test_score_medium_boundary_high
0.00s call     tests/unit/test_aggregator.py::test_extract_image_name_with_source_name_only
0.00s call     tests/unit/enhance/osv/test_enricher.py::TestOSVEnricherImplementsInterface::test_implements_enricher_interface
0.00s call     tests/unit/nist/test_exceptions.py::TestClassifyAPIError::test_classify_5xx_returns_server_error[599]
0.00s call     tests/unit/osv/test_models.py::TestResponseModels::test_query_response_empty
0.00s call     tests/unit/models/test_vulnerability.py::TestOperatingSystem::test_operating_system_with_version
0.00s call     tests/unit/osv/test_rate_limiter.py::TestRateLimiterInitialization::test_initial_tokens_equals_burst_size
0.00s call     tests/unit/nist/test_models.py::TestCVSSModels::test_cvssv3_metrics_valid_scores[7.5]
0.00s call     tests/unit/osv/test_config.py::TestEdgeCases::test_http_version_string_values
0.00s call     tests/unit/nist/test_exceptions.py::TestExceptionHierarchy::test_response_error_inherits_from_nvd_error
0.00s call     tests/unit/db/test_severity.py::TestParseCVSSVectorObject::test_parse_invalid_version_object
0.00s call     tests/unit/osv/test_exceptions.py::TestExceptionStringRepresentation::test_osv_error_str
0.00s call     tests/unit/osv/test_exceptions.py::TestExceptionInitialization::test_osv_error_init
0.00s call     tests/unit/test_csv_export.py::TestExtractFunctions::test_extract_impact_message_missing
0.00s call     tests/unit/nist/test_models.py::TestCVSSModels::test_cvssv3_metrics_valid_scores[9.8]
0.00s call     tests/unit/db/test_severity.py::TestScoreToSeverity::test_score_very_small
0.00s call     tests/unit/nist/test_exceptions.py::TestExceptionHierarchy::test_authentication_error_inherits_from_api_error
0.00s call     tests/unit/models/test_vulnerability.py::TestCWE::test_cwe_with_type
0.00s call     tests/unit/enhance/osv/test_enricher.py::TestOSVEnricherImplementsInterface::test_name_is_property
0.00s call     tests/unit/db/test_severity.py::TestScoreToSeverity::test_score_medium_boundary_low
0.00s call     tests/unit/osv/test_exceptions.py::TestEdgeCases::test_validation_error_with_empty_list
0.00s call     tests/unit/test_csv_export.py::TestExtractFunctions::test_extract_mitigation_message_missing
0.00s call     tests/unit/nist/test_exceptions.py::TestExceptionHierarchy::test_not_found_error_inherits_from_api_error
0.00s call     tests/unit/test_severity.py::test_filter_null_cvss_scores_grype
0.00s call     tests/unit/osv/test_exceptions.py::TestExceptionHierarchy::test_osv_error_inherits_from_cve_aggregator_error
0.00s call     tests/unit/osv/test_exceptions.py::TestExceptionHierarchy::test_alias_redirect_inherits_from_osv_error
0.00s call     tests/unit/osv/test_exceptions.py::TestEdgeCases::test_rate_limit_zero_retry_after
0.00s call     tests/unit/osv/test_exceptions.py::TestExceptionHierarchy::test_connection_error_inherits_from_osv_error
0.00s call     tests/unit/nist/test_exceptions.py::TestExceptionHierarchy::test_nvd_api_error_inherits_from_nvd_error
0.00s call     tests/unit/osv/test_exceptions.py::TestExceptionHierarchy::test_server_error_inherits_from_osv_error
0.00s call     tests/unit/nist/test_exceptions.py::TestExceptionHierarchy::test_validation_error_inherits_from_nvd_error
0.00s call     tests/unit/db/test_severity.py::TestParseCVSSVector::test_parse_none_vector
0.00s call     tests/unit/db/test_severity.py::TestScoreToSeverity::test_score_high_boundary_high
0.00s call     tests/unit/db/test_severity.py::TestScoreToSeverity::test_score_negative
0.00s call     tests/unit/db/test_severity.py::TestScoreToSeverity::test_score_critical_boundary_high
0.00s call     tests/unit/test_aggregator.py::test_extract_image_name_with_string_target
0.00s call     tests/unit/test_aggregator.py::test_extract_image_name_with_target_userinput
0.00s call     tests/unit/db/test_severity.py::TestScoreToSeverity::test_score_low_boundary_low
0.00s call     tests/unit/test_aggregator.py::test_extract_image_name_with_none_source
0.00s call     tests/unit/test_severity.py::test_select_highest_severity_with_none
=========================== short test summary info ============================
SKIPPED [1] tests/unit/models/test_validation.py:599: Minimal vulnerability report structure insufficient for actual schema
SKIPPED [1] tests/unit/models/test_validation.py:612: Minimal Syft SBOM structure insufficient for actual schema
======================= 1478 passed, 2 skipped in 19.29s =======================
